Position: (0, -1), Mouvement: Front
Position: (0, -2), Mouvement: Front
Position: (1, -2), Mouvement: Right
Position: (2, -2), Mouvement: Front
Position: (2, -1), Mouvement: Right
Position: (1, -1), Mouvement: Right
Position: (1, 0), Mouvement: Left
Position: (1, 1), Mouvement: Front
Position: (1, 2), Mouvement: Front
Position: (2, 2), Mouvement: Left
Position: (2, 1), Mouvement: Left
Position: (3, 1), Mouvement: Right
Position: (3, 2), Mouvement: Right
Position: (4, 2), Mouvement: Left
Position: (4, 3), Mouvement: Right
Position: (5, 3), Mouvement: Left
Position: (6, 3), Mouvement: Front
Position: (6, 2), Mouvement: Left
Position: (6, 1), Mouvement: Front
Position: (6, 0), Mouvement: Front
Position: (6, -1), Mouvement: Front
Position: (5, -1), Mouvement: Left
Position: (4, -1), Mouvement: Front
Position: (3, -1), Mouvement: Front
Position: (3, 0), Mouvement: Left
Position: (4, 0), Mouvement: Left
Position: (5, 0), Mouvement: Front
Position: (5, 1), Mouvement: Right
Position: (5, 2), Mouvement: Front
Position: (5, 1), Mouvement: Back
Position: (5, 0), Mouvement: Front
Position: (4, 0), Mouvement: Left
Position: (4, 1), Mouvement: Left
Position: (4, 0), Mouvement: Back
Position: (4, 1), Mouvement: Back
Position: (4, 0), Mouvement: Back
Position: (3, 0), Mouvement: Left
Position: (2, 0), Mouvement: Front
Position: (3, 0), Mouvement: Back
Position: (2, 0), Mouvement: Back
Position: (3, 0), Mouvement: Back
Position: (3, -1), Mouvement: Left
Position: (4, -1), Mouvement: Right
Position: (5, -1), Mouvement: Front
Position: (6, -1), Mouvement: Front
Position: (6, 0), Mouvement: Right
Position: (7, 0), Mouvement: Left
Position: (7, 1), Mouvement: Right
Position: (8, 1), Mouvement: Left
Position: (9, 1), Mouvement: Front
Position: (10, 1), Mouvement: Front
Position: (11, 1), Mouvement: Front
Position: (12, 1), Mouvement: Front
Position: (13, 1), Mouvement: Front
Position: (14, 1), Mouvement: Front
Position: (14, 2), Mouvement: Right
Position: (14, 3), Mouvement: Front
Position: (14, 4), Mouvement: Front
Position: (15, 4), Mouvement: Left
Position: (15, 3), Mouvement: Left
Position: (15, 2), Mouvement: Front
Position: (15, 1), Mouvement: Front
Position: (15, 0), Mouvement: Front
Position: (14, 0), Mouvement: Left
Position: (13, 0), Mouvement: Front
Position: (12, 0), Mouvement: Front
Position: (11, 0), Mouvement: Front
Position: (11, -1), Mouvement: Right
Position: (11, -2), Mouvement: Front
Position: (12, -2), Mouvement: Right
Position: (12, -3), Mouvement: Left
Position: (12, -4), Mouvement: Front
Position: (11, -4), Mouvement: Left
Position: (10, -4), Mouvement: Front
Position: (9, -4), Mouvement: Front
Position: (8, -4), Mouvement: Front
Position: (8, -5), Mouvement: Right
Position: (8, -6), Mouvement: Front
Position: (8, -7), Mouvement: Front
Position: (7, -7), Mouvement: Left
Position: (7, -6), Mouvement: Left
Position: (6, -6), Mouvement: Right
Position: (6, -5), Mouvement: Left
Position: (6, -4), Mouvement: Front
Position: (5, -4), Mouvement: Right
Position: (5, -3), Mouvement: Left
Position: (5, -2), Mouvement: Front
Position: (6, -2), Mouvement: Left
Position: (6, -3), Mouvement: Left
Position: (6, -2), Mouvement: Back
Position: (6, -3), Mouvement: Back
Position: (6, -2), Mouvement: Back
Position: (5, -2), Mouvement: Right
Position: (4, -2), Mouvement: Front
Position: (3, -2), Mouvement: Front
Position: (3, -3), Mouvement: Right
Position: (3, -4), Mouvement: Front
Position: (4, -4), Mouvement: Right
Position: (4, -5), Mouvement: Left
Position: (3, -5), Mouvement: Left
Position: (2, -5), Mouvement: Front
Position: (2, -4), Mouvement: Left
Position: (2, -3), Mouvement: Front
Position: (1, -3), Mouvement: Right
Position: (0, -3), Mouvement: Front
Position: (-1, -3), Mouvement: Front
Position: (-1, -4), Mouvement: Right
Position: (-2, -4), Mouvement: Left
Position: (-2, -5), Mouvement: Right
Position: (-2, -6), Mouvement: Front
Position: (-3, -6), Mouvement: Left
Position: (-4, -6), Mouvement: Front
Position: (-4, -5), Mouvement: Left
Position: (-4, -4), Mouvement: Front
Position: (-5, -4), Mouvement: Right
Position: (-5, -3), Mouvement: Left
Position: (-5, -2), Mouvement: Front
Position: (-6, -2), Mouvement: Right
Position: (-6, -1), Mouvement: Left
Position: (-6, 0), Mouvement: Front
Position: (-7, 0), Mouvement: Right
Position: (-7, 1), Mouvement: Left
Position: (-7, 2), Mouvement: Front
Position: (-7, 3), Mouvement: Front
Position: (-7, 4), Mouvement: Front
Position: (-7, 5), Mouvement: Front
Position: (-7, 6), Mouvement: Front
Position: (-7, 7), Mouvement: Front
Position: (-7, 8), Mouvement: Front
Position: (-8, 8), Mouvement: Right
Position: (-9, 8), Mouvement: Front
Position: (-9, 9), Mouvement: Left
Position: (-9, 8), Mouvement: Back
Position: (-9, 7), Mouvement: Front
Position: (-9, 6), Mouvement: Front
Position: (-10, 6), Mouvement: Left
Position: (-11, 6), Mouvement: Front
Position: (-12, 6), Mouvement: Front
Position: (-13, 6), Mouvement: Front
Position: (-13, 7), Mouvement: Left
Position: (-13, 6), Mouvement: Back
Position: (-13, 5), Mouvement: Front
Position: (-12, 5), Mouvement: Right
Position: (-12, 4), Mouvement: Left
Position: (-12, 3), Mouvement: Front
Position: (-12, 2), Mouvement: Front
Position: (-12, 1), Mouvement: Front
Position: (-12, 0), Mouvement: Front
Position: (-13, 0), Mouvement: Left
Position: (-13, 1), Mouvement: Left
Position: (-13, 2), Mouvement: Front
Position: (-13, 3), Mouvement: Front
Position: (-13, 4), Mouvement: Front
Position: (-13, 3), Mouvement: Back
Position: (-13, 2), Mouvement: Front
Position: (-13, 1), Mouvement: Front
Position: (-13, 0), Mouvement: Front
Position: (-13, -1), Mouvement: Front
Position: (-12, -1), Mouvement: Right
Position: (-12, -2), Mouvement: Left
Position: (-11, -2), Mouvement: Right
Position: (-10, -2), Mouvement: Front
Position: (-10, -1), Mouvement: Right
Position: (-9, -1), Mouvement: Left
Position: (-9, -2), Mouvement: Left
Position: (-9, -3), Mouvement: Front
Position: (-10, -3), Mouvement: Left
Position: (-11, -3), Mouvement: Front
Position: (-12, -3), Mouvement: Front
Position: (-13, -3), Mouvement: Front
Position: (-13, -2), Mouvement: Left
Position: (-13, -3), Mouvement: Back
Position: (-13, -4), Mouvement: Front
Position: (-12, -4), Mouvement: Right
Position: (-11, -4), Mouvement: Front
Position: (-10, -4), Mouvement: Front
Position: (-10, -5), Mouvement: Left
Position: (-10, -6), Mouvement: Front
Position: (-10, -7), Mouvement: Front
Position: (-11, -7), Mouvement: Left
Position: (-11, -6), Mouvement: Left
Position: (-11, -5), Mouvement: Front
Position: (-12, -5), Mouvement: Right
Position: (-12, -6), Mouvement: Right
Position: (-12, -7), Mouvement: Front
Position: (-13, -7), Mouvement: Left
Position: (-13, -6), Mouvement: Left
Position: (-13, -5), Mouvement: Front
Position: (-13, -6), Mouvement: Back
Position: (-13, -7), Mouvement: Front
Position: (-13, -8), Mouvement: Front
Position: (-13, -9), Mouvement: Front
Position: (-13, -10), Mouvement: Front
Position: (-13, -11), Mouvement: Front
Position: (-13, -12), Mouvement: Front
Position: (-13, -13), Mouvement: Front
Position: (-13, -14), Mouvement: Front
Position: (-13, -15), Mouvement: Front
Position: (-13, -16), Mouvement: Front
Position: (-13, -17), Mouvement: Front
Position: (-13, -16), Mouvement: Back
Position: (-12, -16), Mouvement: Left
Position: (-12, -17), Mouvement: Left
Position: (-12, -18), Mouvement: Front
Position: (-13, -18), Mouvement: Left
Position: (-13, -19), Mouvement: Right
Position: (-12, -19), Mouvement: Right
Position: (-12, -20), Mouvement: Left
Position: (-12, -21), Mouvement: Front
Position: (-12, -22), Mouvement: Front
Position: (-13, -22), Mouvement: Left
Position: (-13, -21), Mouvement: Left
Position: (-13, -20), Mouvement: Front
Position: (-13, -21), Mouvement: Back
Position: (-13, -22), Mouvement: Front
Position: (-13, -23), Mouvement: Front
Position: (-13, -24), Mouvement: Front
Position: (-13, -25), Mouvement: Front
Position: (-12, -25), Mouvement: Right
Position: (-12, -26), Mouvement: Left
Position: (-13, -26), Mouvement: Left
Position: (-12, -26), Mouvement: Back
Position: (-13, -26), Mouvement: Back
Position: (-12, -26), Mouvement: Back
Position: (-12, -25), Mouvement: Right
Position: (-12, -24), Mouvement: Front
Position: (-12, -23), Mouvement: Front
Position: (-11, -23), Mouvement: Left
Position: (-10, -23), Mouvement: Front
Position: (-9, -23), Mouvement: Front
Position: (-8, -23), Mouvement: Front
Position: (-7, -23), Mouvement: Front
Position: (-6, -23), Mouvement: Front
Position: (-5, -23), Mouvement: Front
Position: (-5, -24), Mouvement: Left
Position: (-5, -25), Mouvement: Front
Position: (-6, -25), Mouvement: Left
Position: (-7, -25), Mouvement: Front
Position: (-8, -25), Mouvement: Front
Position: (-8, -26), Mouvement: Right
Position: (-9, -26), Mouvement: Left
Position: (-10, -26), Mouvement: Front
Position: (-11, -26), Mouvement: Front
Position: (-11, -25), Mouvement: Left
Position: (-10, -25), Mouvement: Left
Position: (-9, -25), Mouvement: Front
Position: (-9, -24), Mouvement: Right
Position: (-8, -24), Mouvement: Left
Position: (-7, -24), Mouvement: Front
Position: (-6, -24), Mouvement: Front
Position: (-7, -24), Mouvement: Back
Position: (-8, -24), Mouvement: Front
Position: (-9, -24), Mouvement: Front
Position: (-10, -24), Mouvement: Front
Position: (-11, -24), Mouvement: Front
Position: (-12, -24), Mouvement: Front
Position: (-11, -24), Mouvement: Back
Position: (-10, -24), Mouvement: Front
Position: (-10, -25), Mouvement: Left
Position: (-11, -25), Mouvement: Left
Position: (-11, -26), Mouvement: Right
Position: (-10, -26), Mouvement: Right
Position: (-9, -26), Mouvement: Front
Position: (-8, -26), Mouvement: Front
Position: (-8, -25), Mouvement: Right
Position: (-7, -25), Mouvement: Left
Position: (-7, -26), Mouvement: Left
Position: (-6, -26), Mouvement: Right
Position: (-5, -26), Mouvement: Front
Position: (-4, -26), Mouvement: Front
Position: (-3, -26), Mouvement: Front
Position: (-2, -26), Mouvement: Front
Position: (-1, -26), Mouvement: Front
Position: (0, -26), Mouvement: Front
Position: (1, -26), Mouvement: Front
Position: (2, -26), Mouvement: Front
Position: (3, -26), Mouvement: Front
Position: (3, -25), Mouvement: Right
Position: (4, -25), Mouvement: Left
Position: (5, -25), Mouvement: Front
Position: (5, -26), Mouvement: Left
Position: (4, -26), Mouvement: Left
Position: (5, -26), Mouvement: Back
Position: (4, -26), Mouvement: Back
Position: (5, -26), Mouvement: Back
Position: (5, -25), Mouvement: Right
Position: (5, -24), Mouvement: Front
Position: (5, -23), Mouvement: Front
Position: (5, -22), Mouvement: Front
Position: (6, -22), Mouvement: Left
Position: (6, -23), Mouvement: Left
Position: (7, -23), Mouvement: Right
Position: (8, -23), Mouvement: Front
Position: (8, -24), Mouvement: Left
Position: (9, -24), Mouvement: Right
Position: (10, -24), Mouvement: Front
Position: (11, -24), Mouvement: Front
Position: (12, -24), Mouvement: Front
Position: (12, -25), Mouvement: Left
Position: (12, -26), Mouvement: Front
Position: (11, -26), Mouvement: Left
Position: (10, -26), Mouvement: Front
Position: (9, -26), Mouvement: Front
Position: (8, -26), Mouvement: Front
Position: (7, -26), Mouvement: Front
Position: (6, -26), Mouvement: Front
Position: (6, -25), Mouvement: Left
Position: (7, -25), Mouvement: Left
Position: (8, -25), Mouvement: Front
Position: (9, -25), Mouvement: Front
Position: (10, -25), Mouvement: Front
Position: (9, -25), Mouvement: Back
Position: (8, -25), Mouvement: Front
Position: (7, -25), Mouvement: Front
Position: (7, -24), Mouvement: Left
Position: (6, -24), Mouvement: Right
Position: (5, -24), Mouvement: Front
Position: (6, -24), Mouvement: Back
Position: (7, -24), Mouvement: Front
Position: (7, -23), Mouvement: Right
Position: (7, -22), Mouvement: Front
Position: (8, -22), Mouvement: Left
Position: (9, -22), Mouvement: Front
Position: (9, -23), Mouvement: Left
Position: (10, -23), Mouvement: Right
Position: (11, -23), Mouvement: Front
Position: (11, -22), Mouvement: Right
Position: (11, -21), Mouvement: Front
Position: (12, -21), Mouvement: Left
Position: (12, -22), Mouvement: Left
Position: (13, -22), Mouvement: Right
Position: (14, -22), Mouvement: Front
Position: (15, -22), Mouvement: Front
Position: (15, -23), Mouvement: Left
Position: (16, -23), Mouvement: Right
Position: (16, -22), Mouvement: Right
Position: (17, -22), Mouvement: Left
Position: (18, -22), Mouvement: Front
Position: (18, -21), Mouvement: Right
Position: (18, -20), Mouvement: Front
Position: (18, -19), Mouvement: Front
Position: (18, -18), Mouvement: Front
Position: (17, -18), Mouvement: Right
Position: (18, -18), Mouvement: Back
Position: (17, -18), Mouvement: Back
Position: (18, -18), Mouvement: Back
Position: (18, -19), Mouvement: Left
Position: (17, -19), Mouvement: Left
Position: (16, -19), Mouvement: Front
Position: (16, -18), Mouvement: Left
Position: (16, -17), Mouvement: Front
Position: (17, -17), Mouvement: Left
Position: (18, -17), Mouvement: Front
Position: (19, -17), Mouvement: Front
Position: (19, -18), Mouvement: Left
Position: (19, -19), Mouvement: Front
Position: (19, -20), Mouvement: Front
Position: (20, -20), Mouvement: Right
Position: (20, -21), Mouvement: Left
Position: (19, -21), Mouvement: Left
Position: (19, -22), Mouvement: Right
Position: (19, -23), Mouvement: Front
Position: (18, -23), Mouvement: Left
Position: (17, -23), Mouvement: Front
Position: (17, -24), Mouvement: Right
Position: (17, -25), Mouvement: Front
Position: (17, -26), Mouvement: Front
Position: (16, -26), Mouvement: Left
Position: (15, -26), Mouvement: Front
Position: (14, -26), Mouvement: Front
Position: (13, -26), Mouvement: Front
Position: (12, -26), Mouvement: Front
Position: (11, -26), Mouvement: Front
Position: (11, -25), Mouvement: Left
Position: (11, -26), Mouvement: Back
Position: (11, -25), Mouvement: Back
Position: (11, -26), Mouvement: Back
Position: (10, -26), Mouvement: Left
Position: (9, -26), Mouvement: Front
Position: (8, -26), Mouvement: Front
Position: (7, -26), Mouvement: Front
Position: (6, -26), Mouvement: Front
Position: (6, -25), Mouvement: Left
Position: (6, -26), Mouvement: Back
Position: (6, -25), Mouvement: Back
Position: (7, -25), Mouvement: Left
Position: (8, -25), Mouvement: Front
Position: (9, -25), Mouvement: Front
Position: (10, -25), Mouvement: Front
Position: (10, -24), Mouvement: Right
Position: (10, -23), Mouvement: Front
Position: (11, -23), Mouvement: Left
Position: (11, -22), Mouvement: Right
Position: (10, -22), Mouvement: Right
Position: (10, -21), Mouvement: Left
Position: (10, -20), Mouvement: Front
Position: (10, -19), Mouvement: Front
Position: (10, -18), Mouvement: Front
Position: (10, -17), Mouvement: Front
Position: (11, -17), Mouvement: Left
Position: (12, -17), Mouvement: Front
Position: (13, -17), Mouvement: Front
Position: (14, -17), Mouvement: Front
Position: (15, -17), Mouvement: Front
Position: (15, -18), Mouvement: Left
Position: (15, -17), Mouvement: Back
Position: (15, -18), Mouvement: Back
Position: (16, -18), Mouvement: Right
Position: (16, -19), Mouvement: Left
Position: (17, -19), Mouvement: Right
Position: (18, -19), Mouvement: Front
Position: (18, -20), Mouvement: Left
Position: (18, -21), Mouvement: Front
Position: (18, -22), Mouvement: Front
Position: (17, -22), Mouvement: Left
Position: (16, -22), Mouvement: Front
Position: (16, -23), Mouvement: Right
Position: (15, -23), Mouvement: Left
Position: (15, -22), Mouvement: Left
Position: (14, -22), Mouvement: Right
Position: (13, -22), Mouvement: Front
Position: (13, -23), Mouvement: Right
Position: (13, -24), Mouvement: Front
Position: (13, -25), Mouvement: Front
Position: (14, -25), Mouvement: Right
Position: (14, -24), Mouvement: Right
Position: (14, -23), Mouvement: Front
Position: (14, -24), Mouvement: Back
Position: (15, -24), Mouvement: Right
Position: (15, -25), Mouvement: Left
Position: (16, -25), Mouvement: Right
Position: (16, -24), Mouvement: Right
Position: (16, -25), Mouvement: Back
Position: (16, -24), Mouvement: Back
Position: (17, -24), Mouvement: Left
Position: (17, -25), Mouvement: Left
Position: (18, -25), Mouvement: Right
Position: (19, -25), Mouvement: Front
Position: (20, -25), Mouvement: Front
Position: (19, -25), Mouvement: Back
Position: (18, -25), Mouvement: Front
Position: (18, -24), Mouvement: Left
Position: (19, -24), Mouvement: Left
Position: (20, -24), Mouvement: Front
Position: (21, -24), Mouvement: Front
Position: (21, -25), Mouvement: Left
Position: (21, -26), Mouvement: Front
Position: (20, -26), Mouvement: Left
Position: (19, -26), Mouvement: Front
Position: (18, -26), Mouvement: Front
Position: (17, -26), Mouvement: Front
Position: (16, -26), Mouvement: Front
Position: (15, -26), Mouvement: Front
Position: (14, -26), Mouvement: Front
Position: (13, -26), Mouvement: Front
Position: (12, -26), Mouvement: Front
Position: (12, -25), Mouvement: Left
Position: (12, -24), Mouvement: Front
Position: (11, -24), Mouvement: Right
Position: (10, -24), Mouvement: Front
Position: (9, -24), Mouvement: Front
Position: (8, -24), Mouvement: Front
Position: (8, -23), Mouvement: Left
Position: (8, -24), Mouvement: Back
Position: (8, -23), Mouvement: Back
Position: (7, -23), Mouvement: Right
Position: (6, -23), Mouvement: Front
Position: (6, -22), Mouvement: Left
Position: (6, -21), Mouvement: Front
Position: (6, -20), Mouvement: Front
Position: (6, -19), Mouvement: Front
Position: (6, -18), Mouvement: Front
Position: (6, -17), Mouvement: Front
Position: (6, -18), Mouvement: Back
Position: (5, -18), Mouvement: Left
Position: (5, -17), Mouvement: Left
Position: (5, -16), Mouvement: Front
Position: (5, -15), Mouvement: Front
Position: (5, -14), Mouvement: Front
Position: (6, -14), Mouvement: Left
Position: (6, -15), Mouvement: Left
Position: (6, -16), Mouvement: Front
Position: (7, -16), Mouvement: Right
Position: (8, -16), Mouvement: Front
Position: (8, -15), Mouvement: Right
Position: (8, -14), Mouvement: Front
Position: (8, -13), Mouvement: Front
Position: (9, -13), Mouvement: Left
Position: (10, -13), Mouvement: Front
Position: (11, -13), Mouvement: Front
Position: (10, -13), Mouvement: Back
Position: (10, -12), Mouvement: Left
Position: (10, -11), Mouvement: Front
Position: (9, -11), Mouvement: Right
Position: (9, -10), Mouvement: Left
Position: (8, -10), Mouvement: Right
Position: (8, -11), Mouvement: Right
Position: (7, -11), Mouvement: Left
Position: (6, -11), Mouvement: Front
Position: (6, -10), Mouvement: Left
Position: (6, -9), Mouvement: Front
Position: (7, -9), Mouvement: Left
Position: (7, -10), Mouvement: Left
Position: (7, -9), Mouvement: Back
Position: (7, -8), Mouvement: Front
Position: (8, -8), Mouvement: Left
Position: (9, -8), Mouvement: Front
Position: (9, -9), Mouvement: Left
Position: (8, -9), Mouvement: Left
Position: (9, -9), Mouvement: Back
Position: (10, -9), Mouvement: Front
Position: (11, -9), Mouvement: Front
Position: (12, -9), Mouvement: Front
Position: (12, -10), Mouvement: Left
Position: (12, -11), Mouvement: Front
Position: (11, -11), Mouvement: Left
Position: (11, -10), Mouvement: Left
Position: (10, -10), Mouvement: Right
Position: (11, -10), Mouvement: Back
Position: (10, -10), Mouvement: Back
Position: (10, -9), Mouvement: Left
Position: (11, -9), Mouvement: Left
Position: (12, -9), Mouvement: Front
Position: (12, -8), Mouvement: Right
Position: (12, -7), Mouvement: Front
Position: (11, -7), Mouvement: Right
Position: (11, -6), Mouvement: Left
Position: (11, -5), Mouvement: Front
Position: (11, -4), Mouvement: Front
Position: (11, -3), Mouvement: Front
Position: (10, -3), Mouvement: Right
Position: (10, -2), Mouvement: Left
Position: (9, -2), Mouvement: Right
Position: (8, -2), Mouvement: Front
Position: (8, -1), Mouvement: Left
Position: (9, -1), Mouvement: Left
Position: (10, -1), Mouvement: Front
Position: (10, 0), Mouvement: Right
Position: (9, 0), Mouvement: Right
Position: (8, 0), Mouvement: Front
Position: (9, 0), Mouvement: Back
Position: (10, 0), Mouvement: Front
Position: (10, -1), Mouvement: Left
Position: (9, -1), Mouvement: Left
Position: (8, -1), Mouvement: Front
Position: (7, -1), Mouvement: Front
Position: (7, -2), Mouvement: Right
Position: (7, -3), Mouvement: Front
Position: (7, -4), Mouvement: Front
Position: (7, -5), Mouvement: Front
Position: (7, -4), Mouvement: Back
Position: (7, -3), Mouvement: Front
Position: (8, -3), Mouvement: Left
Position: (9, -3), Mouvement: Front
Position: (8, -3), Mouvement: Back
Position: (9, -3), Mouvement: Back
Position: (9, -2), Mouvement: Right
Position: (10, -2), Mouvement: Left
Position: (10, -3), Mouvement: Left
Position: (10, -4), Mouvement: Front
Position: (9, -4), Mouvement: Left
Position: (9, -5), Mouvement: Right
Position: (10, -5), Mouvement: Right
Position: (10, -6), Mouvement: Left
Position: (10, -7), Mouvement: Front
Position: (9, -7), Mouvement: Left
Position: (9, -6), Mouvement: Left
Position: (9, -7), Mouvement: Back
Position: (9, -8), Mouvement: Front
Position: (8, -8), Mouvement: Left
Position: (7, -8), Mouvement: Front
Position: (6, -8), Mouvement: Front
Position: (6, -7), Mouvement: Left
Position: (5, -7), Mouvement: Right
Position: (5, -6), Mouvement: Left
Position: (4, -6), Mouvement: Right
Position: (3, -6), Mouvement: Front
Position: (3, -7), Mouvement: Right
Position: (2, -7), Mouvement: Left
Position: (1, -7), Mouvement: Front
Position: (0, -7), Mouvement: Front
Position: (0, -6), Mouvement: Left
Position: (0, -5), Mouvement: Front
Position: (-1, -5), Mouvement: Right
Position: (-1, -6), Mouvement: Right
Position: (-1, -7), Mouvement: Front
Position: (-1, -6), Mouvement: Back
Position: (-1, -5), Mouvement: Front
Position: (0, -5), Mouvement: Left
Position: (0, -6), Mouvement: Left
Position: (0, -7), Mouvement: Front
Position: (0, -8), Mouvement: Front
Position: (1, -8), Mouvement: Right
Position: (2, -8), Mouvement: Front
Position: (3, -8), Mouvement: Front
Position: (4, -8), Mouvement: Front
Position: (5, -8), Mouvement: Front
Position: (4, -8), Mouvement: Back
Position: (4, -7), Mouvement: Left
Position: (4, -6), Mouvement: Front
Position: (4, -7), Mouvement: Back
Position: (3, -7), Mouvement: Left
Position: (2, -7), Mouvement: Front
Position: (1, -7), Mouvement: Front
Position: (0, -7), Mouvement: Front
Position: (0, -8), Mouvement: Right
Position: (1, -8), Mouvement: Right
Position: (2, -8), Mouvement: Front
Position: (2, -9), Mouvement: Left
Position: (2, -10), Mouvement: Front
Position: (2, -11), Mouvement: Front
Position: (1, -11), Mouvement: Left
Position: (1, -12), Mouvement: Right
Position: (0, -12), Mouvement: Left
Position: (-1, -12), Mouvement: Front
Position: (-1, -11), Mouvement: Left
Position: (0, -11), Mouvement: Left
Position: (0, -10), Mouvement: Right
Position: (0, -9), Mouvement: Front
Position: (1, -9), Mouvement: Left
Position: (1, -10), Mouvement: Left
Position: (1, -9), Mouvement: Back
Position: (1, -10), Mouvement: Back
Position: (2, -10), Mouvement: Right
Position: (3, -10), Mouvement: Front
Position: (3, -11), Mouvement: Left
Position: (3, -12), Mouvement: Front
Position: (2, -12), Mouvement: Left
Position: (2, -13), Mouvement: Right
Position: (2, -14), Mouvement: Front
Position: (1, -14), Mouvement: Left
Position: (1, -15), Mouvement: Right
Position: (1, -16), Mouvement: Front
Position: (1, -17), Mouvement: Front
Position: (2, -17), Mouvement: Right
Position: (2, -18), Mouvement: Left
Position: (2, -19), Mouvement: Front
Position: (2, -20), Mouvement: Front
Position: (2, -21), Mouvement: Front
Position: (3, -21), Mouvement: Right
Position: (4, -21), Mouvement: Front
Position: (5, -21), Mouvement: Front
Position: (5, -20), Mouvement: Right
Position: (5, -19), Mouvement: Front
Position: (5, -18), Mouvement: Front
Position: (5, -17), Mouvement: Front
Position: (5, -16), Mouvement: Front
Position: (5, -15), Mouvement: Front
Position: (4, -15), Mouvement: Right
Position: (4, -14), Mouvement: Left
Position: (4, -13), Mouvement: Front
Position: (4, -12), Mouvement: Front
Position: (4, -11), Mouvement: Front
Position: (4, -10), Mouvement: Front
Position: (4, -9), Mouvement: Front
Position: (5, -9), Mouvement: Left
Position: (6, -9), Mouvement: Front
Position: (5, -9), Mouvement: Back
Position: (4, -9), Mouvement: Front
Position: (4, -10), Mouvement: Right
Position: (5, -10), Mouvement: Right
Position: (5, -11), Mouvement: Left
Position: (5, -12), Mouvement: Front
Position: (6, -12), Mouvement: Right
Position: (7, -12), Mouvement: Front
Position: (8, -12), Mouvement: Front
Position: (9, -12), Mouvement: Front
Position: (8, -12), Mouvement: Back
Position: (7, -12), Mouvement: Front
Position: (6, -12), Mouvement: Front
Position: (5, -12), Mouvement: Front
Position: (4, -12), Mouvement: Front
Position: (4, -11), Mouvement: Left
Position: (4, -10), Mouvement: Front
Position: (5, -10), Mouvement: Left
Position: (5, -11), Mouvement: Left
Position: (5, -12), Mouvement: Front
Position: (5, -11), Mouvement: Back
Position: (5, -10), Mouvement: Front
Position: (5, -11), Mouvement: Back
Position: (5, -12), Mouvement: Front
Position: (4, -12), Mouvement: Left
Position: (4, -13), Mouvement: Right
Position: (3, -13), Mouvement: Left
Position: (3, -14), Mouvement: Right
Position: (3, -15), Mouvement: Front
Position: (2, -15), Mouvement: Left
Position: (2, -16), Mouvement: Right
Position: (3, -16), Mouvement: Right
Position: (3, -17), Mouvement: Left
Position: (3, -18), Mouvement: Front
Position: (3, -19), Mouvement: Front
Position: (3, -20), Mouvement: Front
Position: (4, -20), Mouvement: Right
Position: (4, -19), Mouvement: Right
Position: (4, -20), Mouvement: Back
Position: (4, -19), Mouvement: Back
Position: (4, -20), Mouvement: Back
Position: (3, -20), Mouvement: Left
Position: (3, -19), Mouvement: Left
Position: (3, -18), Mouvement: Front
Position: (4, -18), Mouvement: Left
Position: (4, -17), Mouvement: Right
Position: (4, -16), Mouvement: Front
Position: (4, -15), Mouvement: Front
Position: (4, -14), Mouvement: Front
Position: (4, -13), Mouvement: Front
Position: (5, -13), Mouvement: Left
Position: (6, -13), Mouvement: Front
Position: (7, -13), Mouvement: Front
Position: (7, -14), Mouvement: Left
Position: (7, -15), Mouvement: Front
Position: (7, -16), Mouvement: Front
Position: (7, -17), Mouvement: Front
Position: (7, -18), Mouvement: Front
Position: (7, -19), Mouvement: Front
Position: (7, -20), Mouvement: Front
Position: (7, -21), Mouvement: Front
Position: (7, -20), Mouvement: Back
Position: (8, -20), Mouvement: Left
Position: (9, -20), Mouvement: Front
Position: (9, -21), Mouvement: Left
Position: (9, -22), Mouvement: Front
Position: (9, -23), Mouvement: Front
Position: (9, -22), Mouvement: Back
Position: (9, -21), Mouvement: Front
Position: (9, -20), Mouvement: Front
Position: (9, -19), Mouvement: Front
Position: (9, -18), Mouvement: Front
Position: (8, -18), Mouvement: Right
Position: (8, -19), Mouvement: Right
Position: (8, -20), Mouvement: Front
Position: (8, -21), Mouvement: Front
Position: (8, -22), Mouvement: Front
Position: (8, -21), Mouvement: Back
Position: (8, -20), Mouvement: Front
Position: (8, -19), Mouvement: Front
Position: (8, -18), Mouvement: Front
Position: (9, -18), Mouvement: Left
Position: (10, -18), Mouvement: Front
Position: (10, -19), Mouvement: Left
Position: (11, -19), Mouvement: Right
Position: (12, -19), Mouvement: Front
Position: (12, -20), Mouvement: Left
Position: (11, -20), Mouvement: Left
Position: (12, -20), Mouvement: Back
Position: (13, -20), Mouvement: Front
Position: (13, -21), Mouvement: Left
Position: (14, -21), Mouvement: Right
Position: (14, -20), Mouvement: Right
Position: (15, -20), Mouvement: Left
Position: (16, -20), Mouvement: Front
Position: (16, -21), Mouvement: Left
Position: (15, -21), Mouvement: Left
Position: (16, -21), Mouvement: Back
Position: (17, -21), Mouvement: Front
Position: (17, -20), Mouvement: Right
Position: (17, -21), Mouvement: Back
Position: (17, -20), Mouvement: Back
Position: (17, -21), Mouvement: Back
Position: (17, -20), Mouvement: Back
Position: (17, -21), Mouvement: Back
Position: (16, -21), Mouvement: Left
Position: (15, -21), Mouvement: Front
Position: (16, -21), Mouvement: Back
Position: (16, -20), Mouvement: Right
Position: (15, -20), Mouvement: Right
Position: (15, -19), Mouvement: Left
Position: (14, -19), Mouvement: Right
Position: (13, -19), Mouvement: Front
Position: (13, -18), Mouvement: Left
Position: (14, -18), Mouvement: Left
Position: (13, -18), Mouvement: Back
Position: (14, -18), Mouvement: Back
Position: (14, -19), Mouvement: Left
Position: (13, -19), Mouvement: Left
Position: (14, -19), Mouvement: Back
Position: (15, -19), Mouvement: Front
Position: (15, -20), Mouvement: Left
Position: (14, -20), Mouvement: Left
Position: (14, -21), Mouvement: Right
Position: (13, -21), Mouvement: Left
Position: (13, -20), Mouvement: Left
Position: (13, -21), Mouvement: Back
Position: (13, -20), Mouvement: Back
Position: (12, -20), Mouvement: Right
Position: (11, -20), Mouvement: Front
Position: (12, -20), Mouvement: Back
Position: (12, -21), Mouvement: Left
Position: (12, -22), Mouvement: Front
Position: (12, -21), Mouvement: Back
Position: (11, -21), Mouvement: Right
Position: (10, -21), Mouvement: Front
Position: (10, -20), Mouvement: Left
Position: (10, -19), Mouvement: Front
Position: (11, -19), Mouvement: Left
Position: (11, -18), Mouvement: Right
Position: (11, -17), Mouvement: Front
Position: (11, -18), Mouvement: Back
Position: (11, -19), Mouvement: Front
Position: (12, -19), Mouvement: Right
Position: (11, -19), Mouvement: Back
Position: (12, -19), Mouvement: Back
Position: (11, -19), Mouvement: Back
Position: (11, -18), Mouvement: Left
Position: (11, -17), Mouvement: Front
Position: (12, -17), Mouvement: Left
Position: (12, -18), Mouvement: Left
Position: (12, -17), Mouvement: Back
Position: (12, -16), Mouvement: Front
Position: (12, -15), Mouvement: Front
Position: (13, -15), Mouvement: Left
Position: (14, -15), Mouvement: Front
Position: (13, -15), Mouvement: Back
Position: (13, -14), Mouvement: Left
Position: (14, -14), Mouvement: Left
Position: (15, -14), Mouvement: Front
Position: (14, -14), Mouvement: Back
Position: (14, -13), Mouvement: Left
Position: (15, -13), Mouvement: Left
Position: (16, -13), Mouvement: Front
Position: (16, -14), Mouvement: Left
Position: (16, -15), Mouvement: Front
Position: (16, -16), Mouvement: Front
Position: (15, -16), Mouvement: Left
Position: (14, -16), Mouvement: Front
Position: (15, -16), Mouvement: Back
Position: (15, -15), Mouvement: Right
Position: (16, -15), Mouvement: Left
Position: (15, -15), Mouvement: Back
Position: (16, -15), Mouvement: Back
Position: (16, -16), Mouvement: Left
Position: (15, -16), Mouvement: Left
Position: (14, -16), Mouvement: Front
Position: (14, -17), Mouvement: Right
Position: (13, -17), Mouvement: Left
Position: (13, -16), Mouvement: Left
Position: (12, -16), Mouvement: Right
Position: (11, -16), Mouvement: Front
Position: (11, -15), Mouvement: Left
Position: (10, -15), Mouvement: Right
Position: (9, -15), Mouvement: Front
Position: (9, -14), Mouvement: Left
Position: (10, -14), Mouvement: Left
Position: (11, -14), Mouvement: Front
Position: (12, -14), Mouvement: Front
Position: (12, -13), Mouvement: Right
Position: (12, -12), Mouvement: Front
Position: (11, -12), Mouvement: Right
Position: (10, -12), Mouvement: Front
Position: (11, -12), Mouvement: Back
Position: (12, -12), Mouvement: Front
Position: (12, -13), Mouvement: Left
Position: (12, -14), Mouvement: Front
Position: (11, -14), Mouvement: Left
Position: (10, -14), Mouvement: Front
Position: (9, -14), Mouvement: Front
Position: (9, -15), Mouvement: Right
Position: (9, -16), Mouvement: Front
Position: (10, -16), Mouvement: Right
Position: (9, -16), Mouvement: Back
Position: (10, -16), Mouvement: Back
Position: (10, -15), Mouvement: Right
Position: (11, -15), Mouvement: Left
Position: (11, -16), Mouvement: Left
Position: (11, -15), Mouvement: Back
Position: (11, -16), Mouvement: Back
Position: (12, -16), Mouvement: Right
Position: (13, -16), Mouvement: Front
Position: (13, -17), Mouvement: Left
Position: (13, -18), Mouvement: Front
Position: (13, -19), Mouvement: Front
Position: (13, -18), Mouvement: Back
Position: (14, -18), Mouvement: Left
Position: (14, -17), Mouvement: Right
Position: (14, -16), Mouvement: Front
Position: (14, -17), Mouvement: Back
Position: (15, -17), Mouvement: Right
Position: (16, -17), Mouvement: Front
Position: (17, -17), Mouvement: Front
Position: (17, -16), Mouvement: Right
Position: (18, -16), Mouvement: Left
Position: (19, -16), Mouvement: Front
Position: (20, -16), Mouvement: Front
Position: (21, -16), Mouvement: Front
Position: (22, -16), Mouvement: Front
Position: (22, -17), Mouvement: Left
Position: (21, -17), Mouvement: Left
Position: (20, -17), Mouvement: Front
Position: (21, -17), Mouvement: Back
Position: (21, -18), Mouvement: Left
Position: (20, -18), Mouvement: Left
Position: (21, -18), Mouvement: Back
Position: (20, -18), Mouvement: Back
Position: (21, -18), Mouvement: Back
Position: (20, -18), Mouvement: Back
Position: (21, -18), Mouvement: Back
Position: (21, -17), Mouvement: Right
Position: (22, -17), Mouvement: Left
Position: (23, -17), Mouvement: Front
Position: (22, -17), Mouvement: Back
Position: (23, -17), Mouvement: Back
Position: (22, -17), Mouvement: Back
Position: (22, -16), Mouvement: Left
Position: (21, -16), Mouvement: Right
Position: (21, -15), Mouvement: Left
Position: (21, -14), Mouvement: Front
Position: (21, -13), Mouvement: Front
Position: (20, -13), Mouvement: Right
Position: (19, -13), Mouvement: Front
Position: (19, -14), Mouvement: Right
Position: (19, -15), Mouvement: Front
Position: (18, -15), Mouvement: Left
Position: (17, -15), Mouvement: Front
Position: (18, -15), Mouvement: Back
Position: (18, -14), Mouvement: Right
Position: (17, -14), Mouvement: Right
Position: (17, -13), Mouvement: Left
Position: (18, -13), Mouvement: Left
Position: (18, -12), Mouvement: Right
Position: (18, -11), Mouvement: Front
Position: (18, -10), Mouvement: Front
Position: (18, -9), Mouvement: Front
Position: (19, -9), Mouvement: Left
Position: (20, -9), Mouvement: Front
Position: (21, -9), Mouvement: Front
Position: (22, -9), Mouvement: Front
Position: (23, -9), Mouvement: Front
Position: (24, -9), Mouvement: Front
Position: (24, -8), Mouvement: Right
Position: (24, -7), Mouvement: Front
Position: (24, -6), Mouvement: Front
Position: (24, -5), Mouvement: Front
Position: (24, -4), Mouvement: Front
Position: (25, -4), Mouvement: Left
Position: (26, -4), Mouvement: Front
Position: (27, -4), Mouvement: Front
Position: (27, -5), Mouvement: Left
Position: (27, -6), Mouvement: Front
Position: (26, -6), Mouvement: Left
Position: (26, -5), Mouvement: Left
Position: (26, -6), Mouvement: Back
Position: (26, -5), Mouvement: Back
Position: (26, -6), Mouvement: Back
Position: (27, -6), Mouvement: Right
Position: (27, -5), Mouvement: Right
Position: (27, -4), Mouvement: Front
Position: (26, -4), Mouvement: Right
Position: (26, -3), Mouvement: Left
Position: (26, -2), Mouvement: Front
Position: (26, -1), Mouvement: Front
Position: (26, 0), Mouvement: Front
Position: (25, 0), Mouvement: Right
Position: (25, 1), Mouvement: Left
Position: (26, 1), Mouvement: Left
Position: (27, 1), Mouvement: Front
Position: (28, 1), Mouvement: Front
Position: (28, 0), Mouvement: Left
Position: (27, 0), Mouvement: Left
Position: (27, -1), Mouvement: Right
Position: (28, -1), Mouvement: Right
Position: (28, -2), Mouvement: Left
Position: (28, -3), Mouvement: Front
Position: (28, -4), Mouvement: Front
Position: (28, -5), Mouvement: Front
Position: (28, -6), Mouvement: Front
Position: (28, -7), Mouvement: Front
Position: (27, -7), Mouvement: Left
Position: (27, -8), Mouvement: Right
Position: (26, -8), Mouvement: Left
Position: (26, -7), Mouvement: Left
Position: (25, -7), Mouvement: Right
Position: (25, -6), Mouvement: Left
Position: (25, -5), Mouvement: Front
Position: (25, -6), Mouvement: Back
Position: (25, -7), Mouvement: Front
Position: (25, -8), Mouvement: Front
Position: (25, -9), Mouvement: Front
Position: (25, -10), Mouvement: Front
Position: (24, -10), Mouvement: Left
Position: (23, -10), Mouvement: Front
Position: (23, -11), Mouvement: Right
Position: (24, -11), Mouvement: Right
Position: (24, -12), Mouvement: Left
Position: (24, -13), Mouvement: Front
Position: (23, -13), Mouvement: Left
Position: (23, -12), Mouvement: Left
Position: (22, -12), Mouvement: Right
Position: (22, -13), Mouvement: Right
Position: (22, -14), Mouvement: Front
Position: (22, -13), Mouvement: Back
Position: (22, -12), Mouvement: Front
Position: (23, -12), Mouvement: Left
Position: (23, -13), Mouvement: Left
Position: (24, -13), Mouvement: Right
Position: (25, -13), Mouvement: Front
Position: (25, -14), Mouvement: Left
Position: (25, -15), Mouvement: Front
Position: (24, -15), Mouvement: Left
Position: (24, -14), Mouvement: Left
Position: (23, -14), Mouvement: Right
Position: (24, -14), Mouvement: Back
Position: (25, -14), Mouvement: Front
Position: (26, -14), Mouvement: Front
Position: (27, -14), Mouvement: Front
Position: (27, -15), Mouvement: Left
Position: (27, -16), Mouvement: Front
Position: (27, -17), Mouvement: Front
Position: (27, -18), Mouvement: Front
Position: (26, -18), Mouvement: Left
Position: (25, -18), Mouvement: Front
Position: (24, -18), Mouvement: Front
Position: (23, -18), Mouvement: Front
Position: (22, -18), Mouvement: Front
Position: (22, -19), Mouvement: Right
Position: (21, -19), Mouvement: Left
Position: (20, -19), Mouvement: Front
Position: (21, -19), Mouvement: Back
Position: (22, -19), Mouvement: Front
Position: (22, -18), Mouvement: Right
Position: (23, -18), Mouvement: Left
Position: (24, -18), Mouvement: Front
Position: (25, -18), Mouvement: Front
Position: (25, -19), Mouvement: Left
Position: (25, -20), Mouvement: Front
Position: (25, -21), Mouvement: Front
Position: (25, -20), Mouvement: Back
Position: (26, -20), Mouvement: Left
Position: (27, -20), Mouvement: Front
Position: (28, -20), Mouvement: Front
Position: (29, -20), Mouvement: Front
Position: (30, -20), Mouvement: Front
Position: (31, -20), Mouvement: Front
Position: (31, -19), Mouvement: Right
Position: (32, -19), Mouvement: Left
Position: (33, -19), Mouvement: Front
Position: (33, -20), Mouvement: Left
Position: (33, -21), Mouvement: Front
Position: (33, -22), Mouvement: Front
Position: (33, -23), Mouvement: Front
Position: (32, -23), Mouvement: Left
Position: (32, -24), Mouvement: Right
Position: (31, -24), Mouvement: Left
Position: (30, -24), Mouvement: Front
Position: (30, -25), Mouvement: Right
Position: (31, -25), Mouvement: Right
Position: (32, -25), Mouvement: Front
Position: (32, -26), Mouvement: Left
Position: (31, -26), Mouvement: Left
Position: (30, -26), Mouvement: Front
Position: (29, -26), Mouvement: Front
Position: (28, -26), Mouvement: Front
Position: (27, -26), Mouvement: Front
Position: (26, -26), Mouvement: Front
Position: (26, -25), Mouvement: Left
Position: (26, -24), Mouvement: Front
Position: (26, -23), Mouvement: Front
Position: (26, -22), Mouvement: Front
Position: (26, -21), Mouvement: Front
Position: (27, -21), Mouvement: Left
Position: (27, -22), Mouvement: Left
Position: (27, -23), Mouvement: Front
Position: (27, -24), Mouvement: Front
Position: (27, -25), Mouvement: Front
Position: (27, -24), Mouvement: Back
Position: (27, -23), Mouvement: Front
Position: (28, -23), Mouvement: Left
Position: (28, -24), Mouvement: Left
Position: (28, -25), Mouvement: Front
Position: (28, -26), Mouvement: Front
Position: (28, -25), Mouvement: Back
Position: (28, -24), Mouvement: Front
Position: (29, -24), Mouvement: Left
Position: (29, -25), Mouvement: Left
Position: (29, -24), Mouvement: Back
Position: (29, -23), Mouvement: Front
Position: (29, -22), Mouvement: Front
Position: (28, -22), Mouvement: Right
Position: (28, -21), Mouvement: Left
Position: (29, -21), Mouvement: Left
Position: (30, -21), Mouvement: Front
Position: (31, -21), Mouvement: Front
Position: (32, -21), Mouvement: Front
Position: (32, -22), Mouvement: Left
Position: (32, -21), Mouvement: Back
Position: (32, -22), Mouvement: Back
Position: (33, -22), Mouvement: Right
Position: (33, -23), Mouvement: Left
Position: (32, -23), Mouvement: Left
Position: (32, -24), Mouvement: Right
Position: (33, -24), Mouvement: Right
Position: (34, -24), Mouvement: Front
Position: (35, -24), Mouvement: Front
Position: (36, -24), Mouvement: Front
Position: (36, -25), Mouvement: Left
Position: (35, -25), Mouvement: Left
Position: (34, -25), Mouvement: Front
Position: (33, -25), Mouvement: Front
Position: (33, -26), Mouvement: Right
Position: (34, -26), Mouvement: Right
Position: (35, -26), Mouvement: Front
Position: (36, -26), Mouvement: Front
Position: (35, -26), Mouvement: Back
Position: (34, -26), Mouvement: Front
Position: (33, -26), Mouvement: Front
Position: (33, -25), Mouvement: Left
Position: (34, -25), Mouvement: Left
Position: (35, -25), Mouvement: Front
Position: (36, -25), Mouvement: Front
Position: (36, -24), Mouvement: Right
Position: (36, -23), Mouvement: Front
Position: (36, -22), Mouvement: Front
Position: (36, -21), Mouvement: Front
Position: (36, -20), Mouvement: Front
Position: (36, -19), Mouvement: Front
Position: (35, -19), Mouvement: Right
Position: (34, -19), Mouvement: Front
Position: (34, -20), Mouvement: Right
Position: (34, -21), Mouvement: Front
Position: (35, -21), Mouvement: Right
Position: (35, -22), Mouvement: Left
Position: (34, -22), Mouvement: Left
Position: (34, -23), Mouvement: Right
Position: (34, -24), Mouvement: Front
Position: (34, -23), Mouvement: Back
Position: (34, -22), Mouvement: Front
Position: (35, -22), Mouvement: Left
Position: (35, -21), Mouvement: Right
Position: (35, -20), Mouvement: Front
Position: (35, -19), Mouvement: Front
Position: (35, -18), Mouvement: Front
Position: (35, -17), Mouvement: Front
Position: (35, -16), Mouvement: Front
Position: (36, -16), Mouvement: Left
Position: (36, -17), Mouvement: Left
Position: (36, -18), Mouvement: Front
Position: (36, -17), Mouvement: Back
Position: (36, -16), Mouvement: Front
Position: (36, -15), Mouvement: Front
Position: (36, -14), Mouvement: Front
Position: (36, -13), Mouvement: Front
Position: (36, -12), Mouvement: Front
Position: (36, -11), Mouvement: Front
Position: (36, -10), Mouvement: Front
Position: (36, -9), Mouvement: Front
Position: (35, -9), Mouvement: Right
Position: (34, -9), Mouvement: Front
Position: (34, -8), Mouvement: Left
Position: (33, -8), Mouvement: Right
Position: (32, -8), Mouvement: Front
Position: (32, -7), Mouvement: Left
Position: (31, -7), Mouvement: Right
Position: (30, -7), Mouvement: Front
Position: (29, -7), Mouvement: Front
Position: (29, -8), Mouvement: Right
Position: (28, -8), Mouvement: Left
Position: (29, -8), Mouvement: Back
Position: (30, -8), Mouvement: Front
Position: (31, -8), Mouvement: Front
Position: (31, -9), Mouvement: Left
Position: (30, -9), Mouvement: Left
Position: (29, -9), Mouvement: Front
Position: (29, -10), Mouvement: Right
Position: (29, -9), Mouvement: Back
Position: (29, -10), Mouvement: Back
Position: (29, -9), Mouvement: Back
Position: (30, -9), Mouvement: Left
Position: (31, -9), Mouvement: Front
Position: (32, -9), Mouvement: Front
Position: (33, -9), Mouvement: Front
Position: (33, -10), Mouvement: Left
Position: (32, -10), Mouvement: Left
Position: (31, -10), Mouvement: Front
Position: (30, -10), Mouvement: Front
Position: (30, -11), Mouvement: Right
Position: (30, -12), Mouvement: Front
Position: (29, -12), Mouvement: Left
Position: (28, -12), Mouvement: Front
Position: (28, -13), Mouvement: Right
Position: (28, -14), Mouvement: Front
Position: (29, -14), Mouvement: Right
Position: (30, -14), Mouvement: Front
Position: (30, -15), Mouvement: Left
Position: (30, -16), Mouvement: Front
Position: (31, -16), Mouvement: Right
Position: (32, -16), Mouvement: Front
Position: (33, -16), Mouvement: Front
Position: (34, -16), Mouvement: Front
Position: (34, -15), Mouvement: Right
Position: (35, -15), Mouvement: Left
Position: (35, -14), Mouvement: Right
Position: (34, -14), Mouvement: Right
Position: (34, -13), Mouvement: Left
Position: (33, -13), Mouvement: Right
Position: (32, -13), Mouvement: Front
Position: (32, -14), Mouvement: Right
Position: (31, -14), Mouvement: Left
Position: (31, -13), Mouvement: Left
Position: (31, -12), Mouvement: Front
Position: (31, -11), Mouvement: Front
Position: (32, -11), Mouvement: Left
Position: (31, -11), Mouvement: Back
Position: (30, -11), Mouvement: Front
Position: (30, -10), Mouvement: Left
Position: (31, -10), Mouvement: Left
Position: (32, -10), Mouvement: Front
Position: (33, -10), Mouvement: Front
Position: (34, -10), Mouvement: Front
Position: (35, -10), Mouvement: Front
Position: (35, -11), Mouvement: Left
Position: (35, -12), Mouvement: Front
Position: (35, -13), Mouvement: Front
Position: (35, -12), Mouvement: Back
Position: (34, -12), Mouvement: Right
Position: (33, -12), Mouvement: Front
Position: (32, -12), Mouvement: Front
Position: (33, -12), Mouvement: Back
Position: (33, -11), Mouvement: Right
Position: (34, -11), Mouvement: Left
Position: (35, -11), Mouvement: Front
Position: (36, -11), Mouvement: Front
Position: (36, -12), Mouvement: Left
Position: (36, -13), Mouvement: Front
Position: (36, -14), Mouvement: Front
Position: (36, -15), Mouvement: Front
Position: (35, -15), Mouvement: Left
Position: (34, -15), Mouvement: Front
Position: (33, -15), Mouvement: Front
Position: (32, -15), Mouvement: Front
Position: (31, -15), Mouvement: Front
Position: (32, -15), Mouvement: Back
Position: (33, -15), Mouvement: Front
Position: (33, -14), Mouvement: Right
Position: (32, -14), Mouvement: Right
Position: (31, -14), Mouvement: Front
Position: (31, -13), Mouvement: Left
Position: (31, -12), Mouvement: Front
Position: (31, -11), Mouvement: Front
Position: (32, -11), Mouvement: Left
Position: (32, -10), Mouvement: Right
Position: (32, -11), Mouvement: Back
Position: (32, -10), Mouvement: Back
Position: (33, -10), Mouvement: Left
Position: (34, -10), Mouvement: Front
Position: (35, -10), Mouvement: Front
Position: (35, -9), Mouvement: Right
Position: (36, -9), Mouvement: Left
Position: (36, -10), Mouvement: Left
Position: (36, -11), Mouvement: Front
Position: (36, -12), Mouvement: Front
Position: (36, -13), Mouvement: Front
Position: (35, -13), Mouvement: Left
Position: (35, -12), Mouvement: Left
Position: (34, -12), Mouvement: Right
Position: (34, -11), Mouvement: Left
Position: (33, -11), Mouvement: Right
Position: (34, -11), Mouvement: Back
Position: (35, -11), Mouvement: Front
Position: (35, -10), Mouvement: Right
Position: (35, -9), Mouvement: Front
Position: (34, -9), Mouvement: Right
Position: (34, -8), Mouvement: Left
Position: (33, -8), Mouvement: Right
Position: (32, -8), Mouvement: Front
Position: (32, -7), Mouvement: Left
Position: (31, -7), Mouvement: Right
Position: (31, -6), Mouvement: Left
Position: (32, -6), Mouvement: Left
Position: (33, -6), Mouvement: Front
Position: (33, -7), Mouvement: Left
Position: (34, -7), Mouvement: Right
Position: (34, -6), Mouvement: Right
Position: (35, -6), Mouvement: Left
Position: (35, -5), Mouvement: Right
Position: (36, -5), Mouvement: Left
Position: (36, -6), Mouvement: Left
Position: (36, -7), Mouvement: Front
Position: (36, -8), Mouvement: Front
Position: (35, -8), Mouvement: Left
