Position: (0, -1), Mouvement: Front
Position: (-1, -1), Mouvement: Left
Position: (-1, 0), Mouvement: Left
Position: (-1, 1), Mouvement: Front
Position: (0, 1), Mouvement: Left
Position: (0, 2), Mouvement: Right
Position: (0, 3), Mouvement: Front
Position: (0, 4), Mouvement: Front
Position: (0, 5), Mouvement: Front
Position: (1, 5), Mouvement: Left
Position: (2, 5), Mouvement: Front
Position: (3, 5), Mouvement: Front
Position: (3, 4), Mouvement: Left
Position: (3, 3), Mouvement: Front
Position: (3, 2), Mouvement: Front
Position: (4, 2), Mouvement: Right
Position: (5, 2), Mouvement: Front
Position: (6, 2), Mouvement: Front
Position: (7, 2), Mouvement: Front
Position: (8, 2), Mouvement: Front
Position: (8, 1), Mouvement: Left
Position: (7, 1), Mouvement: Left
Position: (6, 1), Mouvement: Front
Position: (5, 1), Mouvement: Front
Position: (4, 1), Mouvement: Front
Position: (5, 1), Mouvement: Back
Position: (5, 0), Mouvement: Left
Position: (4, 0), Mouvement: Left
Position: (3, 0), Mouvement: Front
Position: (3, -1), Mouvement: Right
Position: (2, -1), Mouvement: Left
Position: (2, -2), Mouvement: Right
Position: (2, -3), Mouvement: Front
Position: (2, -4), Mouvement: Front
Position: (2, -5), Mouvement: Front
Position: (2, -6), Mouvement: Front
Position: (2, -7), Mouvement: Front
Position: (3, -7), Mouvement: Right
Position: (4, -7), Mouvement: Front
Position: (5, -7), Mouvement: Front
Position: (6, -7), Mouvement: Front
Position: (7, -7), Mouvement: Front
Position: (8, -7), Mouvement: Front
Position: (9, -7), Mouvement: Front
Position: (10, -7), Mouvement: Front
Position: (11, -7), Mouvement: Front
Position: (11, -8), Mouvement: Left
Position: (11, -9), Mouvement: Front
Position: (10, -9), Mouvement: Left
Position: (10, -8), Mouvement: Left
Position: (9, -8), Mouvement: Right
Position: (9, -9), Mouvement: Right
Position: (9, -10), Mouvement: Front
Position: (8, -10), Mouvement: Left
Position: (8, -11), Mouvement: Right
Position: (8, -12), Mouvement: Front
Position: (7, -12), Mouvement: Left
Position: (6, -12), Mouvement: Front
Position: (5, -12), Mouvement: Front
Position: (6, -12), Mouvement: Back
Position: (6, -11), Mouvement: Right
Position: (6, -10), Mouvement: Front
Position: (6, -9), Mouvement: Front
Position: (6, -8), Mouvement: Front
Position: (7, -8), Mouvement: Left
Position: (8, -8), Mouvement: Front
Position: (8, -9), Mouvement: Left
Position: (7, -9), Mouvement: Left
Position: (7, -10), Mouvement: Right
Position: (7, -9), Mouvement: Back
Position: (7, -10), Mouvement: Back
Position: (6, -10), Mouvement: Left
Position: (6, -9), Mouvement: Left
Position: (6, -8), Mouvement: Front
Position: (5, -8), Mouvement: Right
Position: (5, -7), Mouvement: Left
Position: (5, -8), Mouvement: Back
Position: (5, -7), Mouvement: Back
Position: (6, -7), Mouvement: Left
Position: (6, -6), Mouvement: Right
Position: (6, -5), Mouvement: Front
Position: (6, -4), Mouvement: Front
Position: (7, -4), Mouvement: Left
Position: (7, -3), Mouvement: Right
Position: (7, -2), Mouvement: Front
Position: (7, -1), Mouvement: Front
Position: (7, 0), Mouvement: Front
Position: (8, 0), Mouvement: Left
Position: (9, 0), Mouvement: Front
Position: (9, 1), Mouvement: Right
Position: (10, 1), Mouvement: Left
Position: (11, 1), Mouvement: Front
Position: (11, 2), Mouvement: Right
Position: (12, 2), Mouvement: Left
Position: (13, 2), Mouvement: Front
Position: (14, 2), Mouvement: Front
Position: (15, 2), Mouvement: Front
Position: (16, 2), Mouvement: Front
Position: (16, 3), Mouvement: Right
Position: (16, 4), Mouvement: Front
Position: (15, 4), Mouvement: Right
Position: (15, 5), Mouvement: Left
Position: (16, 5), Mouvement: Left
Position: (16, 6), Mouvement: Right
Position: (17, 6), Mouvement: Left
Position: (18, 6), Mouvement: Front
Position: (18, 5), Mouvement: Left
Position: (18, 4), Mouvement: Front
Position: (18, 3), Mouvement: Front
Position: (17, 3), Mouvement: Left
Position: (17, 4), Mouvement: Left
Position: (17, 5), Mouvement: Front
Position: (17, 4), Mouvement: Back
Position: (17, 3), Mouvement: Front
Position: (17, 2), Mouvement: Front
Position: (17, 1), Mouvement: Front
Position: (16, 1), Mouvement: Left
Position: (15, 1), Mouvement: Front
Position: (14, 1), Mouvement: Front
Position: (13, 1), Mouvement: Front
Position: (12, 1), Mouvement: Front
Position: (12, 0), Mouvement: Right
Position: (12, -1), Mouvement: Front
Position: (12, -2), Mouvement: Front
Position: (13, -2), Mouvement: Right
Position: (13, -3), Mouvement: Left
Position: (14, -3), Mouvement: Right
Position: (14, -2), Mouvement: Right
Position: (15, -2), Mouvement: Left
Position: (16, -2), Mouvement: Front
Position: (16, -1), Mouvement: Right
Position: (15, -1), Mouvement: Right
Position: (14, -1), Mouvement: Front
Position: (13, -1), Mouvement: Front
Position: (13, 0), Mouvement: Left
Position: (14, 0), Mouvement: Left
Position: (15, 0), Mouvement: Front
Position: (16, 0), Mouvement: Front
Position: (17, 0), Mouvement: Front
Position: (18, 0), Mouvement: Front
Position: (18, -1), Mouvement: Left
Position: (17, -1), Mouvement: Left
Position: (17, -2), Mouvement: Right
Position: (17, -3), Mouvement: Front
Position: (16, -3), Mouvement: Left
Position: (15, -3), Mouvement: Front
Position: (15, -4), Mouvement: Right
Position: (15, -5), Mouvement: Front
Position: (15, -6), Mouvement: Front
Position: (14, -6), Mouvement: Left
Position: (13, -6), Mouvement: Front
Position: (12, -6), Mouvement: Front
Position: (11, -6), Mouvement: Front
Position: (12, -6), Mouvement: Back
Position: (13, -6), Mouvement: Front
Position: (13, -7), Mouvement: Left
Position: (12, -7), Mouvement: Left
Position: (12, -8), Mouvement: Right
Position: (12, -9), Mouvement: Front
Position: (12, -8), Mouvement: Back
Position: (12, -7), Mouvement: Front
Position: (13, -7), Mouvement: Left
Position: (14, -7), Mouvement: Front
Position: (15, -7), Mouvement: Front
Position: (15, -8), Mouvement: Left
Position: (16, -8), Mouvement: Right
Position: (17, -8), Mouvement: Front
Position: (18, -8), Mouvement: Front
Position: (19, -8), Mouvement: Front
Position: (20, -8), Mouvement: Front
Position: (20, -9), Mouvement: Left
Position: (20, -10), Mouvement: Front
Position: (19, -10), Mouvement: Left
Position: (18, -10), Mouvement: Front
Position: (17, -10), Mouvement: Front
Position: (16, -10), Mouvement: Front
Position: (15, -10), Mouvement: Front
Position: (15, -9), Mouvement: Left
Position: (14, -9), Mouvement: Right
Position: (13, -9), Mouvement: Front
Position: (13, -10), Mouvement: Right
Position: (12, -10), Mouvement: Left
Position: (12, -11), Mouvement: Right
Position: (12, -12), Mouvement: Front
Position: (11, -12), Mouvement: Left
Position: (11, -11), Mouvement: Left
Position: (11, -10), Mouvement: Front
Position: (10, -10), Mouvement: Right
Position: (10, -11), Mouvement: Right
Position: (10, -12), Mouvement: Front
Position: (10, -11), Mouvement: Back
Position: (10, -10), Mouvement: Front
Position: (10, -9), Mouvement: Front
Position: (10, -8), Mouvement: Front
Position: (11, -8), Mouvement: Left
Position: (11, -9), Mouvement: Left
Position: (12, -9), Mouvement: Right
Position: (11, -9), Mouvement: Back
Position: (10, -9), Mouvement: Front
Position: (10, -8), Mouvement: Left
Position: (9, -8), Mouvement: Right
Position: (9, -9), Mouvement: Right
Position: (9, -10), Mouvement: Front
Position: (8, -10), Mouvement: Left
Position: (8, -11), Mouvement: Right
Position: (7, -11), Mouvement: Left
Position: (8, -11), Mouvement: Back
Position: (9, -11), Mouvement: Front
Position: (9, -12), Mouvement: Left
Position: (9, -11), Mouvement: Back
Position: (9, -12), Mouvement: Back
Position: (8, -12), Mouvement: Left
Position: (7, -12), Mouvement: Front
Position: (6, -12), Mouvement: Front
Position: (5, -12), Mouvement: Front
Position: (6, -12), Mouvement: Back
Position: (6, -11), Mouvement: Right
Position: (5, -11), Mouvement: Right
Position: (4, -11), Mouvement: Front
Position: (4, -12), Mouvement: Right
Position: (3, -12), Mouvement: Left
Position: (2, -12), Mouvement: Front
Position: (1, -12), Mouvement: Front
Position: (0, -12), Mouvement: Front
Position: (1, -12), Mouvement: Back
Position: (2, -12), Mouvement: Front
Position: (3, -12), Mouvement: Front
Position: (3, -11), Mouvement: Right
Position: (2, -11), Mouvement: Right
Position: (1, -11), Mouvement: Front
Position: (0, -11), Mouvement: Front
Position: (-1, -11), Mouvement: Front
Position: (-1, -12), Mouvement: Right
Position: (-2, -12), Mouvement: Left
Position: (-3, -12), Mouvement: Front
Position: (-4, -12), Mouvement: Front
Position: (-3, -12), Mouvement: Back
Position: (-2, -12), Mouvement: Front
Position: (-2, -11), Mouvement: Right
Position: (-2, -10), Mouvement: Front
Position: (-2, -9), Mouvement: Front
Position: (-1, -9), Mouvement: Left
Position: (0, -9), Mouvement: Front
Position: (1, -9), Mouvement: Front
Position: (2, -9), Mouvement: Front
Position: (2, -10), Mouvement: Left
Position: (1, -10), Mouvement: Left
Position: (0, -10), Mouvement: Front
Position: (-1, -10), Mouvement: Front
Position: (-2, -10), Mouvement: Front
Position: (-1, -10), Mouvement: Back
Position: (0, -10), Mouvement: Front
Position: (1, -10), Mouvement: Front
Position: (2, -10), Mouvement: Front
Position: (2, -11), Mouvement: Left
Position: (1, -11), Mouvement: Left
Position: (0, -11), Mouvement: Front
Position: (-1, -11), Mouvement: Front
Position: (-1, -12), Mouvement: Right
Position: (-1, -11), Mouvement: Back
Position: (-1, -12), Mouvement: Back
Position: (-2, -12), Mouvement: Left
Position: (-2, -11), Mouvement: Left
Position: (-3, -11), Mouvement: Right
Position: (-4, -11), Mouvement: Front
Position: (-4, -10), Mouvement: Left
Position: (-3, -10), Mouvement: Left
Position: (-3, -9), Mouvement: Right
Position: (-4, -9), Mouvement: Right
Position: (-4, -8), Mouvement: Left
Position: (-4, -7), Mouvement: Front
Position: (-4, -6), Mouvement: Front
Position: (-3, -6), Mouvement: Left
Position: (-3, -5), Mouvement: Right
Position: (-2, -5), Mouvement: Left
Position: (-1, -5), Mouvement: Front
Position: (0, -5), Mouvement: Front
Position: (0, -4), Mouvement: Right
Position: (1, -4), Mouvement: Left
Position: (1, -5), Mouvement: Left
Position: (1, -6), Mouvement: Front
Position: (1, -7), Mouvement: Front
Position: (0, -7), Mouvement: Left
Position: (-1, -7), Mouvement: Front
Position: (-1, -6), Mouvement: Left
Position: (0, -6), Mouvement: Left
Position: (-1, -6), Mouvement: Back
Position: (-2, -6), Mouvement: Front
Position: (-2, -7), Mouvement: Right
Position: (-2, -8), Mouvement: Front
Position: (-3, -8), Mouvement: Left
Position: (-3, -7), Mouvement: Left
Position: (-3, -8), Mouvement: Back
Position: (-3, -7), Mouvement: Back
Position: (-3, -8), Mouvement: Back
Position: (-2, -8), Mouvement: Right
Position: (-1, -8), Mouvement: Front
Position: (0, -8), Mouvement: Front
Position: (1, -8), Mouvement: Front
Position: (2, -8), Mouvement: Front
Position: (1, -8), Mouvement: Back
Position: (0, -8), Mouvement: Front
Position: (-1, -8), Mouvement: Front
Position: (-2, -8), Mouvement: Front
Position: (-2, -7), Mouvement: Left
Position: (-2, -6), Mouvement: Front
Position: (-2, -7), Mouvement: Back
Position: (-2, -6), Mouvement: Back
Position: (-1, -6), Mouvement: Left
Position: (0, -6), Mouvement: Front
Position: (-1, -6), Mouvement: Back
Position: (-1, -5), Mouvement: Left
Position: (0, -5), Mouvement: Left
Position: (0, -4), Mouvement: Right
Position: (1, -4), Mouvement: Left
Position: (1, -5), Mouvement: Left
Position: (1, -6), Mouvement: Front
Position: (1, -7), Mouvement: Front
Position: (0, -7), Mouvement: Left
Position: (-1, -7), Mouvement: Front
Position: (0, -7), Mouvement: Back
Position: (1, -7), Mouvement: Front
Position: (1, -6), Mouvement: Right
Position: (1, -5), Mouvement: Front
Position: (1, -4), Mouvement: Front
Position: (0, -4), Mouvement: Right
Position: (0, -5), Mouvement: Right
Position: (-1, -5), Mouvement: Left
Position: (-2, -5), Mouvement: Front
Position: (-3, -5), Mouvement: Front
Position: (-3, -6), Mouvement: Right
Position: (-4, -6), Mouvement: Left
Position: (-4, -7), Mouvement: Right
Position: (-4, -8), Mouvement: Front
Position: (-4, -9), Mouvement: Front
Position: (-3, -9), Mouvement: Right
Position: (-2, -9), Mouvement: Front
Position: (-1, -9), Mouvement: Front
Position: (0, -9), Mouvement: Front
Position: (1, -9), Mouvement: Front
Position: (2, -9), Mouvement: Front
Position: (2, -8), Mouvement: Right
Position: (2, -9), Mouvement: Back
Position: (2, -10), Mouvement: Front
Position: (2, -11), Mouvement: Front
Position: (3, -11), Mouvement: Right
Position: (3, -12), Mouvement: Left
Position: (4, -12), Mouvement: Right
Position: (4, -11), Mouvement: Right
Position: (5, -11), Mouvement: Left
Position: (5, -10), Mouvement: Right
Position: (5, -9), Mouvement: Front
Position: (4, -9), Mouvement: Right
Position: (4, -8), Mouvement: Left
Position: (3, -8), Mouvement: Right
Position: (3, -9), Mouvement: Right
Position: (3, -10), Mouvement: Front
Position: (4, -10), Mouvement: Right
Position: (3, -10), Mouvement: Back
Position: (4, -10), Mouvement: Back
Position: (3, -10), Mouvement: Back
Position: (3, -9), Mouvement: Left
Position: (3, -8), Mouvement: Front
Position: (3, -7), Mouvement: Front
Position: (4, -7), Mouvement: Left
Position: (4, -8), Mouvement: Left
Position: (4, -9), Mouvement: Front
Position: (5, -9), Mouvement: Right
Position: (5, -10), Mouvement: Left
Position: (5, -11), Mouvement: Front
Position: (5, -10), Mouvement: Back
Position: (5, -9), Mouvement: Front
Position: (4, -9), Mouvement: Right
Position: (4, -8), Mouvement: Left
Position: (4, -7), Mouvement: Front
Position: (3, -7), Mouvement: Right
Position: (2, -7), Mouvement: Front
Position: (2, -6), Mouvement: Left
Position: (2, -5), Mouvement: Front
Position: (2, -4), Mouvement: Front
Position: (2, -3), Mouvement: Front
Position: (2, -2), Mouvement: Front
Position: (3, -2), Mouvement: Left
Position: (4, -2), Mouvement: Front
Position: (5, -2), Mouvement: Front
Position: (5, -3), Mouvement: Left
Position: (4, -3), Mouvement: Left
Position: (4, -4), Mouvement: Right
Position: (4, -5), Mouvement: Front
Position: (4, -6), Mouvement: Front
Position: (3, -6), Mouvement: Left
Position: (3, -5), Mouvement: Left
Position: (3, -6), Mouvement: Back
Position: (3, -5), Mouvement: Back
Position: (3, -6), Mouvement: Back
Position: (4, -6), Mouvement: Right
Position: (5, -6), Mouvement: Front
Position: (5, -5), Mouvement: Right
Position: (5, -6), Mouvement: Back
Position: (5, -5), Mouvement: Back
Position: (6, -5), Mouvement: Left
Position: (6, -6), Mouvement: Left
Position: (7, -6), Mouvement: Right
Position: (8, -6), Mouvement: Front
Position: (9, -6), Mouvement: Front
Position: (10, -6), Mouvement: Front
Position: (10, -5), Mouvement: Right
Position: (10, -4), Mouvement: Front
Position: (10, -3), Mouvement: Front
Position: (10, -2), Mouvement: Front
Position: (11, -2), Mouvement: Left
Position: (11, -3), Mouvement: Left
Position: (12, -3), Mouvement: Right
Position: (11, -3), Mouvement: Back
Position: (12, -3), Mouvement: Back
Position: (11, -3), Mouvement: Back
Position: (11, -2), Mouvement: Left
Position: (11, -1), Mouvement: Front
Position: (11, 0), Mouvement: Front
Position: (10, 0), Mouvement: Right
Position: (10, -1), Mouvement: Right
Position: (10, 0), Mouvement: Back
Position: (10, -1), Mouvement: Back
Position: (10, 0), Mouvement: Back
Position: (11, 0), Mouvement: Left
Position: (11, -1), Mouvement: Left
Position: (12, -1), Mouvement: Right
Position: (12, -2), Mouvement: Left
Position: (13, -2), Mouvement: Right
Position: (13, -3), Mouvement: Left
Position: (14, -3), Mouvement: Right
Position: (14, -2), Mouvement: Right
Position: (15, -2), Mouvement: Left
Position: (16, -2), Mouvement: Front
Position: (16, -1), Mouvement: Right
Position: (15, -1), Mouvement: Right
Position: (14, -1), Mouvement: Front
Position: (13, -1), Mouvement: Front
Position: (13, 0), Mouvement: Left
Position: (13, 1), Mouvement: Front
Position: (14, 1), Mouvement: Left
Position: (15, 1), Mouvement: Front
Position: (16, 1), Mouvement: Front
Position: (17, 1), Mouvement: Front
Position: (17, 2), Mouvement: Right
Position: (17, 3), Mouvement: Front
Position: (18, 3), Mouvement: Left
Position: (18, 4), Mouvement: Right
Position: (19, 4), Mouvement: Left
Position: (20, 4), Mouvement: Front
Position: (21, 4), Mouvement: Front
Position: (20, 4), Mouvement: Back
Position: (20, 3), Mouvement: Right
Position: (19, 3), Mouvement: Left
Position: (19, 2), Mouvement: Right
Position: (18, 2), Mouvement: Left
Position: (19, 2), Mouvement: Back
Position: (20, 2), Mouvement: Front
Position: (20, 1), Mouvement: Left
Position: (20, 0), Mouvement: Front
Position: (20, 1), Mouvement: Back
Position: (21, 1), Mouvement: Left
Position: (22, 1), Mouvement: Front
Position: (23, 1), Mouvement: Front
Position: (24, 1), Mouvement: Front
Position: (25, 1), Mouvement: Front
Position: (25, 0), Mouvement: Left
Position: (24, 0), Mouvement: Left
Position: (23, 0), Mouvement: Front
Position: (22, 0), Mouvement: Front
Position: (21, 0), Mouvement: Front
Position: (21, -1), Mouvement: Right
Position: (20, -1), Mouvement: Left
Position: (20, -2), Mouvement: Right
Position: (20, -3), Mouvement: Front
Position: (19, -3), Mouvement: Left
Position: (19, -2), Mouvement: Left
Position: (18, -2), Mouvement: Right
Position: (18, -3), Mouvement: Right
Position: (18, -4), Mouvement: Front
Position: (19, -4), Mouvement: Right
Position: (20, -4), Mouvement: Front
Position: (20, -5), Mouvement: Left
Position: (19, -5), Mouvement: Left
Position: (18, -5), Mouvement: Front
Position: (18, -6), Mouvement: Right
Position: (18, -7), Mouvement: Front
Position: (17, -7), Mouvement: Left
Position: (16, -7), Mouvement: Front
Position: (16, -6), Mouvement: Left
Position: (16, -5), Mouvement: Front
Position: (16, -4), Mouvement: Front
Position: (17, -4), Mouvement: Left
Position: (17, -5), Mouvement: Left
Position: (17, -4), Mouvement: Back
Position: (17, -5), Mouvement: Back
Position: (17, -4), Mouvement: Back
Position: (16, -4), Mouvement: Right
Position: (16, -5), Mouvement: Right
Position: (16, -6), Mouvement: Front
Position: (17, -6), Mouvement: Right
Position: (18, -6), Mouvement: Front
Position: (19, -6), Mouvement: Front
Position: (20, -6), Mouvement: Front
Position: (21, -6), Mouvement: Front
Position: (22, -6), Mouvement: Front
Position: (22, -7), Mouvement: Left
Position: (22, -8), Mouvement: Front
Position: (22, -9), Mouvement: Front
Position: (22, -10), Mouvement: Front
Position: (22, -11), Mouvement: Front
Position: (22, -12), Mouvement: Front
Position: (21, -12), Mouvement: Left
Position: (20, -12), Mouvement: Front
Position: (19, -12), Mouvement: Front
Position: (18, -12), Mouvement: Front
Position: (17, -12), Mouvement: Front
Position: (16, -12), Mouvement: Front
Position: (15, -12), Mouvement: Front
Position: (15, -11), Mouvement: Left
Position: (14, -11), Mouvement: Right
Position: (14, -10), Mouvement: Left
Position: (14, -11), Mouvement: Back
Position: (14, -10), Mouvement: Back
Position: (13, -10), Mouvement: Right
Position: (12, -10), Mouvement: Front
Position: (12, -11), Mouvement: Right
Position: (13, -11), Mouvement: Right
Position: (13, -12), Mouvement: Left
Position: (14, -12), Mouvement: Right
Position: (13, -12), Mouvement: Back
Position: (12, -12), Mouvement: Front
Position: (11, -12), Mouvement: Front
Position: (11, -11), Mouvement: Left
Position: (11, -10), Mouvement: Front
Position: (11, -11), Mouvement: Back
Position: (11, -12), Mouvement: Front
Position: (12, -12), Mouvement: Right
Position: (13, -12), Mouvement: Front
Position: (14, -12), Mouvement: Front
Position: (13, -12), Mouvement: Back
Position: (13, -11), Mouvement: Left
Position: (12, -11), Mouvement: Right
Position: (13, -11), Mouvement: Back
Position: (12, -11), Mouvement: Back
Position: (12, -10), Mouvement: Left
Position: (13, -10), Mouvement: Left
Position: (13, -9), Mouvement: Right
Position: (14, -9), Mouvement: Left
Position: (14, -8), Mouvement: Right
Position: (13, -8), Mouvement: Right
Position: (14, -8), Mouvement: Back
Position: (13, -8), Mouvement: Back
Position: (14, -8), Mouvement: Back
Position: (13, -8), Mouvement: Back
Position: (14, -8), Mouvement: Back
Position: (14, -9), Mouvement: Left
Position: (15, -9), Mouvement: Right
Position: (15, -10), Mouvement: Left
Position: (15, -11), Mouvement: Front
Position: (15, -12), Mouvement: Front
Position: (16, -12), Mouvement: Right
Position: (17, -12), Mouvement: Front
Position: (18, -12), Mouvement: Front
Position: (18, -11), Mouvement: Right
Position: (17, -11), Mouvement: Right
Position: (16, -11), Mouvement: Front
Position: (17, -11), Mouvement: Back
Position: (18, -11), Mouvement: Front
Position: (17, -11), Mouvement: Back
Position: (16, -11), Mouvement: Front
Position: (16, -10), Mouvement: Left
Position: (16, -9), Mouvement: Front
Position: (17, -9), Mouvement: Left
Position: (18, -9), Mouvement: Front
Position: (19, -9), Mouvement: Front
Position: (20, -9), Mouvement: Front
Position: (21, -9), Mouvement: Front
Position: (21, -8), Mouvement: Right
Position: (21, -7), Mouvement: Front
Position: (20, -7), Mouvement: Right
Position: (21, -7), Mouvement: Back
Position: (20, -7), Mouvement: Back
Position: (20, -6), Mouvement: Left
Position: (21, -6), Mouvement: Left
Position: (21, -5), Mouvement: Right
Position: (21, -4), Mouvement: Front
Position: (21, -5), Mouvement: Back
Position: (22, -5), Mouvement: Right
Position: (23, -5), Mouvement: Front
Position: (23, -4), Mouvement: Right
Position: (24, -4), Mouvement: Left
Position: (24, -5), Mouvement: Left
Position: (24, -6), Mouvement: Front
Position: (23, -6), Mouvement: Left
Position: (23, -7), Mouvement: Right
Position: (24, -7), Mouvement: Right
Position: (25, -7), Mouvement: Front
Position: (26, -7), Mouvement: Front
Position: (26, -8), Mouvement: Left
Position: (26, -9), Mouvement: Front
Position: (26, -10), Mouvement: Front
Position: (26, -11), Mouvement: Front
Position: (27, -11), Mouvement: Right
Position: (27, -10), Mouvement: Right
Position: (27, -9), Mouvement: Front
Position: (27, -8), Mouvement: Front
Position: (27, -7), Mouvement: Front
Position: (28, -7), Mouvement: Left
Position: (29, -7), Mouvement: Front
Position: (29, -8), Mouvement: Left
Position: (29, -9), Mouvement: Front
Position: (30, -9), Mouvement: Right
Position: (31, -9), Mouvement: Front
Position: (31, -10), Mouvement: Left
Position: (32, -10), Mouvement: Right
Position: (33, -10), Mouvement: Front
Position: (33, -11), Mouvement: Left
Position: (33, -12), Mouvement: Front
Position: (32, -12), Mouvement: Left
Position: (31, -12), Mouvement: Front
Position: (31, -11), Mouvement: Left
Position: (32, -11), Mouvement: Left
Position: (31, -11), Mouvement: Back
Position: (30, -11), Mouvement: Front
Position: (29, -11), Mouvement: Front
Position: (29, -10), Mouvement: Left
Position: (30, -10), Mouvement: Left
Position: (29, -10), Mouvement: Back
Position: (30, -10), Mouvement: Back
Position: (29, -10), Mouvement: Back
Position: (29, -11), Mouvement: Right
Position: (29, -12), Mouvement: Front
Position: (28, -12), Mouvement: Left
Position: (27, -12), Mouvement: Front
Position: (26, -12), Mouvement: Front
Position: (25, -12), Mouvement: Front
Position: (24, -12), Mouvement: Front
Position: (23, -12), Mouvement: Front
Position: (23, -11), Mouvement: Left
Position: (24, -11), Mouvement: Left
Position: (24, -10), Mouvement: Right
Position: (23, -10), Mouvement: Right
Position: (23, -9), Mouvement: Left
Position: (23, -8), Mouvement: Front
Position: (24, -8), Mouvement: Left
Position: (24, -9), Mouvement: Left
Position: (25, -9), Mouvement: Right
Position: (25, -8), Mouvement: Right
Position: (25, -7), Mouvement: Front
Position: (25, -6), Mouvement: Front
Position: (25, -7), Mouvement: Back
Position: (25, -8), Mouvement: Front
Position: (25, -9), Mouvement: Front
Position: (24, -9), Mouvement: Left
Position: (24, -8), Mouvement: Left
Position: (24, -7), Mouvement: Front
Position: (23, -7), Mouvement: Right
Position: (22, -7), Mouvement: Front
Position: (22, -6), Mouvement: Left
Position: (22, -7), Mouvement: Back
Position: (22, -8), Mouvement: Front
Position: (22, -9), Mouvement: Front
Position: (22, -10), Mouvement: Front
Position: (21, -10), Mouvement: Left
Position: (21, -11), Mouvement: Right
Position: (20, -11), Mouvement: Left
Position: (19, -11), Mouvement: Front
Position: (20, -11), Mouvement: Back
Position: (21, -11), Mouvement: Front
Position: (21, -10), Mouvement: Right
Position: (20, -10), Mouvement: Right
Position: (19, -10), Mouvement: Front
Position: (18, -10), Mouvement: Front
Position: (17, -10), Mouvement: Front
Position: (17, -9), Mouvement: Left
Position: (18, -9), Mouvement: Left
Position: (19, -9), Mouvement: Front
Position: (20, -9), Mouvement: Front
Position: (21, -9), Mouvement: Front
Position: (21, -8), Mouvement: Right
Position: (21, -7), Mouvement: Front
Position: (21, -6), Mouvement: Front
Position: (21, -5), Mouvement: Front
Position: (21, -4), Mouvement: Front
Position: (21, -5), Mouvement: Back
Position: (20, -5), Mouvement: Left
Position: (19, -5), Mouvement: Front
Position: (18, -5), Mouvement: Front
Position: (19, -5), Mouvement: Back
Position: (19, -6), Mouvement: Left
Position: (19, -7), Mouvement: Front
Position: (18, -7), Mouvement: Left
Position: (17, -7), Mouvement: Front
Position: (16, -7), Mouvement: Front
Position: (16, -8), Mouvement: Right
Position: (15, -8), Mouvement: Left
Position: (15, -7), Mouvement: Left
Position: (14, -7), Mouvement: Right
Position: (13, -7), Mouvement: Front
Position: (12, -7), Mouvement: Front
Position: (12, -8), Mouvement: Right
Position: (12, -9), Mouvement: Front
Position: (12, -8), Mouvement: Back
Position: (11, -8), Mouvement: Right
Position: (11, -7), Mouvement: Left
Position: (11, -6), Mouvement: Front
Position: (11, -7), Mouvement: Back
Position: (10, -7), Mouvement: Left
Position: (9, -7), Mouvement: Front
Position: (8, -7), Mouvement: Front
Position: (7, -7), Mouvement: Front
Position: (7, -6), Mouvement: Left
Position: (8, -6), Mouvement: Left
Position: (8, -5), Mouvement: Right
Position: (9, -5), Mouvement: Left
Position: (8, -5), Mouvement: Back
Position: (7, -5), Mouvement: Front
Position: (8, -5), Mouvement: Back
Position: (9, -5), Mouvement: Front
Position: (9, -6), Mouvement: Left
Position: (10, -6), Mouvement: Right
Position: (10, -5), Mouvement: Right
Position: (11, -5), Mouvement: Left
Position: (12, -5), Mouvement: Front
Position: (12, -4), Mouvement: Right
Position: (13, -4), Mouvement: Left
Position: (14, -4), Mouvement: Front
Position: (14, -5), Mouvement: Left
Position: (13, -5), Mouvement: Left
Position: (14, -5), Mouvement: Back
Position: (15, -5), Mouvement: Front
Position: (15, -6), Mouvement: Left
Position: (14, -6), Mouvement: Left
Position: (13, -6), Mouvement: Front
Position: (13, -5), Mouvement: Left
Position: (13, -4), Mouvement: Front
Position: (14, -4), Mouvement: Left
Position: (13, -4), Mouvement: Back
Position: (12, -4), Mouvement: Front
Position: (11, -4), Mouvement: Front
Position: (10, -4), Mouvement: Front
Position: (11, -4), Mouvement: Back
Position: (12, -4), Mouvement: Front
Position: (12, -5), Mouvement: Left
Position: (11, -5), Mouvement: Left
Position: (10, -5), Mouvement: Front
Position: (11, -5), Mouvement: Back
Position: (12, -5), Mouvement: Front
Position: (11, -5), Mouvement: Back
Position: (10, -5), Mouvement: Front
Position: (10, -4), Mouvement: Left
Position: (10, -3), Mouvement: Front
Position: (10, -2), Mouvement: Front
Position: (10, -3), Mouvement: Back
Position: (10, -2), Mouvement: Back
Position: (11, -2), Mouvement: Left
Position: (11, -1), Mouvement: Right
Position: (11, 0), Mouvement: Front
Position: (11, -1), Mouvement: Back
Position: (12, -1), Mouvement: Right
Position: (12, 0), Mouvement: Right
Position: (12, 1), Mouvement: Front
Position: (12, 0), Mouvement: Back
Position: (12, 1), Mouvement: Back
Position: (13, 1), Mouvement: Left
Position: (14, 1), Mouvement: Front
Position: (15, 1), Mouvement: Front
Position: (16, 1), Mouvement: Front
Position: (17, 1), Mouvement: Front
Position: (17, 2), Mouvement: Right
Position: (17, 3), Mouvement: Front
Position: (16, 3), Mouvement: Right
Position: (16, 4), Mouvement: Left
Position: (15, 4), Mouvement: Right
Position: (15, 5), Mouvement: Left
Position: (16, 5), Mouvement: Left
Position: (16, 6), Mouvement: Right
Position: (17, 6), Mouvement: Left
Position: (17, 7), Mouvement: Right
Position: (18, 7), Mouvement: Left
Position: (19, 7), Mouvement: Front
Position: (19, 6), Mouvement: Left
Position: (19, 5), Mouvement: Front
Position: (19, 4), Mouvement: Front
Position: (19, 5), Mouvement: Back
Position: (19, 6), Mouvement: Front
Position: (20, 6), Mouvement: Left
Position: (21, 6), Mouvement: Front
Position: (22, 6), Mouvement: Front
Position: (22, 7), Mouvement: Right
Position: (22, 8), Mouvement: Front
Position: (21, 8), Mouvement: Right
Position: (21, 7), Mouvement: Right
Position: (20, 7), Mouvement: Left
Position: (20, 8), Mouvement: Left
Position: (20, 9), Mouvement: Front
Position: (20, 10), Mouvement: Front
Position: (20, 11), Mouvement: Front
Position: (20, 12), Mouvement: Front
Position: (20, 13), Mouvement: Front
Position: (19, 13), Mouvement: Right
Position: (18, 13), Mouvement: Front
Position: (18, 12), Mouvement: Right
Position: (19, 12), Mouvement: Right
Position: (19, 11), Mouvement: Left
Position: (19, 10), Mouvement: Front
Position: (19, 9), Mouvement: Front
Position: (18, 9), Mouvement: Left
Position: (18, 10), Mouvement: Left
Position: (17, 10), Mouvement: Right
Position: (17, 9), Mouvement: Right
Position: (16, 9), Mouvement: Left
Position: (16, 8), Mouvement: Right
Position: (15, 8), Mouvement: Left
Position: (14, 8), Mouvement: Front
Position: (14, 9), Mouvement: Left
Position: (14, 10), Mouvement: Front
Position: (14, 11), Mouvement: Front
Position: (14, 12), Mouvement: Front
Position: (15, 12), Mouvement: Left
Position: (16, 12), Mouvement: Front
Position: (17, 12), Mouvement: Front
Position: (17, 11), Mouvement: Left
Position: (16, 11), Mouvement: Left
Position: (15, 11), Mouvement: Front
Position: (15, 10), Mouvement: Right
Position: (15, 9), Mouvement: Front
Position: (15, 10), Mouvement: Back
Position: (15, 11), Mouvement: Front
Position: (16, 11), Mouvement: Left
Position: (16, 10), Mouvement: Left
Position: (16, 11), Mouvement: Back
Position: (16, 10), Mouvement: Back
Position: (16, 11), Mouvement: Back
Position: (17, 11), Mouvement: Left
Position: (18, 11), Mouvement: Front
Position: (17, 11), Mouvement: Back
Position: (18, 11), Mouvement: Back
Position: (17, 11), Mouvement: Back
Position: (17, 12), Mouvement: Left
Position: (16, 12), Mouvement: Right
Position: (15, 12), Mouvement: Front
Position: (14, 12), Mouvement: Front
Position: (14, 11), Mouvement: Right
Position: (13, 11), Mouvement: Left
Position: (13, 10), Mouvement: Right
Position: (12, 10), Mouvement: Left
Position: (11, 10), Mouvement: Front
Position: (10, 10), Mouvement: Front
Position: (9, 10), Mouvement: Front
Position: (8, 10), Mouvement: Front
Position: (7, 10), Mouvement: Front
Position: (6, 10), Mouvement: Front
Position: (6, 9), Mouvement: Right
Position: (6, 8), Mouvement: Front
Position: (6, 7), Mouvement: Front
Position: (5, 7), Mouvement: Left
Position: (5, 8), Mouvement: Left
Position: (5, 9), Mouvement: Front
Position: (5, 10), Mouvement: Front
Position: (5, 11), Mouvement: Front
Position: (6, 11), Mouvement: Left
Position: (7, 11), Mouvement: Front
Position: (8, 11), Mouvement: Front
Position: (9, 11), Mouvement: Front
Position: (9, 12), Mouvement: Right
Position: (9, 13), Mouvement: Front
Position: (8, 13), Mouvement: Right
Position: (8, 14), Mouvement: Left
Position: (8, 15), Mouvement: Front
Position: (9, 15), Mouvement: Left
Position: (10, 15), Mouvement: Front
Position: (11, 15), Mouvement: Front
Position: (12, 15), Mouvement: Front
Position: (12, 16), Mouvement: Right
Position: (12, 17), Mouvement: Front
Position: (12, 18), Mouvement: Front
Position: (13, 18), Mouvement: Left
Position: (13, 17), Mouvement: Left
Position: (14, 17), Mouvement: Right
Position: (14, 16), Mouvement: Left
Position: (14, 15), Mouvement: Front
Position: (15, 15), Mouvement: Right
Position: (15, 14), Mouvement: Left
Position: (15, 13), Mouvement: Front
Position: (14, 13), Mouvement: Left
Position: (14, 14), Mouvement: Left
Position: (14, 13), Mouvement: Back
Position: (14, 14), Mouvement: Back
Position: (14, 13), Mouvement: Back
Position: (15, 13), Mouvement: Right
Position: (16, 13), Mouvement: Front
Position: (17, 13), Mouvement: Front
Position: (17, 14), Mouvement: Right
Position: (17, 15), Mouvement: Front
Position: (16, 15), Mouvement: Right
Position: (16, 16), Mouvement: Left
Position: (17, 16), Mouvement: Left
Position: (18, 16), Mouvement: Front
Position: (18, 15), Mouvement: Left
Position: (18, 14), Mouvement: Front
Position: (19, 14), Mouvement: Right
Position: (20, 14), Mouvement: Front
Position: (21, 14), Mouvement: Front
Position: (21, 15), Mouvement: Right
Position: (22, 15), Mouvement: Left
Position: (22, 16), Mouvement: Right
Position: (22, 17), Mouvement: Front
Position: (23, 17), Mouvement: Left
Position: (24, 17), Mouvement: Front
Position: (24, 16), Mouvement: Left
Position: (24, 15), Mouvement: Front
Position: (25, 15), Mouvement: Right
Position: (25, 14), Mouvement: Left
Position: (25, 13), Mouvement: Front
Position: (26, 13), Mouvement: Right
Position: (26, 12), Mouvement: Left
Position: (26, 11), Mouvement: Front
Position: (27, 11), Mouvement: Right
Position: (27, 10), Mouvement: Left
Position: (27, 9), Mouvement: Front
Position: (27, 8), Mouvement: Front
Position: (27, 7), Mouvement: Front
Position: (27, 6), Mouvement: Front
Position: (27, 5), Mouvement: Front
Position: (27, 4), Mouvement: Front
Position: (27, 3), Mouvement: Front
Position: (28, 3), Mouvement: Right
Position: (29, 3), Mouvement: Front
Position: (29, 2), Mouvement: Left
Position: (29, 3), Mouvement: Back
Position: (29, 4), Mouvement: Front
Position: (29, 5), Mouvement: Front
Position: (30, 5), Mouvement: Left
Position: (31, 5), Mouvement: Front
Position: (32, 5), Mouvement: Front
Position: (33, 5), Mouvement: Front
Position: (33, 4), Mouvement: Left
Position: (33, 5), Mouvement: Back
Position: (33, 6), Mouvement: Front
Position: (32, 6), Mouvement: Right
Position: (32, 7), Mouvement: Left
Position: (32, 8), Mouvement: Front
Position: (32, 9), Mouvement: Front
Position: (32, 10), Mouvement: Front
Position: (32, 11), Mouvement: Front
Position: (33, 11), Mouvement: Left
Position: (33, 10), Mouvement: Left
Position: (33, 9), Mouvement: Front
Position: (33, 8), Mouvement: Front
Position: (33, 7), Mouvement: Front
Position: (33, 8), Mouvement: Back
Position: (33, 9), Mouvement: Front
Position: (33, 10), Mouvement: Front
Position: (33, 11), Mouvement: Front
Position: (33, 12), Mouvement: Front
Position: (32, 12), Mouvement: Right
Position: (32, 13), Mouvement: Left
Position: (31, 13), Mouvement: Right
Position: (30, 13), Mouvement: Front
Position: (30, 12), Mouvement: Right
Position: (29, 12), Mouvement: Left
Position: (29, 13), Mouvement: Left
Position: (29, 14), Mouvement: Front
Position: (30, 14), Mouvement: Left
Position: (31, 14), Mouvement: Front
Position: (32, 14), Mouvement: Front
Position: (33, 14), Mouvement: Front
Position: (33, 13), Mouvement: Left
Position: (33, 14), Mouvement: Back
Position: (33, 15), Mouvement: Front
Position: (32, 15), Mouvement: Right
Position: (31, 15), Mouvement: Front
Position: (30, 15), Mouvement: Front
Position: (30, 16), Mouvement: Left
Position: (30, 17), Mouvement: Front
Position: (30, 18), Mouvement: Front
Position: (31, 18), Mouvement: Left
Position: (31, 17), Mouvement: Left
Position: (31, 16), Mouvement: Front
Position: (32, 16), Mouvement: Right
Position: (32, 17), Mouvement: Right
Position: (32, 18), Mouvement: Front
Position: (33, 18), Mouvement: Left
Position: (33, 17), Mouvement: Left
Position: (33, 16), Mouvement: Front
Position: (33, 17), Mouvement: Back
Position: (33, 18), Mouvement: Front
Position: (33, 19), Mouvement: Front
Position: (33, 20), Mouvement: Front
Position: (33, 21), Mouvement: Front
Position: (33, 22), Mouvement: Front
Position: (33, 23), Mouvement: Front
Position: (33, 24), Mouvement: Front
Position: (33, 25), Mouvement: Front
Position: (33, 26), Mouvement: Front
Position: (33, 27), Mouvement: Front
Position: (33, 28), Mouvement: Front
Position: (33, 27), Mouvement: Back
Position: (32, 27), Mouvement: Left
Position: (32, 28), Mouvement: Left
Position: (32, 29), Mouvement: Front
Position: (33, 29), Mouvement: Left
Position: (33, 30), Mouvement: Right
Position: (32, 30), Mouvement: Right
Position: (32, 31), Mouvement: Left
Position: (32, 32), Mouvement: Front
Position: (32, 33), Mouvement: Front
Position: (33, 33), Mouvement: Left
Position: (33, 32), Mouvement: Left
Position: (33, 31), Mouvement: Front
Position: (33, 32), Mouvement: Back
Position: (33, 33), Mouvement: Front
Position: (33, 34), Mouvement: Front
Position: (33, 35), Mouvement: Front
Position: (33, 36), Mouvement: Front
Position: (32, 36), Mouvement: Right
Position: (32, 37), Mouvement: Left
Position: (33, 37), Mouvement: Left
Position: (32, 37), Mouvement: Back
Position: (33, 37), Mouvement: Back
Position: (32, 37), Mouvement: Back
Position: (32, 36), Mouvement: Right
Position: (32, 35), Mouvement: Front
Position: (32, 34), Mouvement: Front
Position: (31, 34), Mouvement: Left
Position: (30, 34), Mouvement: Front
Position: (29, 34), Mouvement: Front
Position: (28, 34), Mouvement: Front
Position: (27, 34), Mouvement: Front
Position: (26, 34), Mouvement: Front
Position: (25, 34), Mouvement: Front
Position: (25, 35), Mouvement: Left
Position: (25, 36), Mouvement: Front
Position: (26, 36), Mouvement: Left
Position: (27, 36), Mouvement: Front
Position: (28, 36), Mouvement: Front
Position: (28, 37), Mouvement: Right
Position: (29, 37), Mouvement: Left
Position: (30, 37), Mouvement: Front
Position: (31, 37), Mouvement: Front
Position: (31, 36), Mouvement: Left
Position: (30, 36), Mouvement: Left
Position: (29, 36), Mouvement: Front
Position: (29, 35), Mouvement: Right
Position: (28, 35), Mouvement: Left
Position: (27, 35), Mouvement: Front
Position: (26, 35), Mouvement: Front
Position: (27, 35), Mouvement: Back
Position: (28, 35), Mouvement: Front
Position: (29, 35), Mouvement: Front
Position: (30, 35), Mouvement: Front
Position: (31, 35), Mouvement: Front
Position: (32, 35), Mouvement: Front
Position: (31, 35), Mouvement: Back
Position: (30, 35), Mouvement: Front
Position: (30, 36), Mouvement: Left
Position: (31, 36), Mouvement: Left
Position: (31, 37), Mouvement: Right
Position: (30, 37), Mouvement: Right
Position: (29, 37), Mouvement: Front
Position: (28, 37), Mouvement: Front
Position: (28, 36), Mouvement: Right
Position: (27, 36), Mouvement: Left
Position: (27, 37), Mouvement: Left
Position: (26, 37), Mouvement: Right
Position: (25, 37), Mouvement: Front
Position: (24, 37), Mouvement: Front
Position: (23, 37), Mouvement: Front
Position: (22, 37), Mouvement: Front
Position: (21, 37), Mouvement: Front
Position: (20, 37), Mouvement: Front
Position: (19, 37), Mouvement: Front
Position: (18, 37), Mouvement: Front
Position: (17, 37), Mouvement: Front
Position: (17, 36), Mouvement: Right
Position: (16, 36), Mouvement: Left
Position: (15, 36), Mouvement: Front
Position: (15, 37), Mouvement: Left
Position: (16, 37), Mouvement: Left
Position: (15, 37), Mouvement: Back
Position: (16, 37), Mouvement: Back
Position: (15, 37), Mouvement: Back
Position: (15, 36), Mouvement: Right
Position: (15, 35), Mouvement: Front
Position: (15, 34), Mouvement: Front
Position: (15, 33), Mouvement: Front
Position: (14, 33), Mouvement: Left
Position: (14, 34), Mouvement: Left
Position: (13, 34), Mouvement: Right
Position: (12, 34), Mouvement: Front
Position: (12, 35), Mouvement: Left
Position: (11, 35), Mouvement: Right
Position: (10, 35), Mouvement: Front
Position: (9, 35), Mouvement: Front
Position: (8, 35), Mouvement: Front
Position: (8, 36), Mouvement: Left
Position: (8, 37), Mouvement: Front
Position: (9, 37), Mouvement: Left
Position: (10, 37), Mouvement: Front
Position: (11, 37), Mouvement: Front
Position: (12, 37), Mouvement: Front
Position: (13, 37), Mouvement: Front
Position: (14, 37), Mouvement: Front
Position: (14, 36), Mouvement: Left
Position: (13, 36), Mouvement: Left
Position: (12, 36), Mouvement: Front
Position: (11, 36), Mouvement: Front
Position: (10, 36), Mouvement: Front
Position: (11, 36), Mouvement: Back
Position: (12, 36), Mouvement: Front
Position: (13, 36), Mouvement: Front
Position: (13, 35), Mouvement: Left
Position: (14, 35), Mouvement: Right
Position: (15, 35), Mouvement: Front
Position: (14, 35), Mouvement: Back
Position: (13, 35), Mouvement: Front
Position: (13, 34), Mouvement: Right
Position: (13, 33), Mouvement: Front
Position: (12, 33), Mouvement: Left
Position: (11, 33), Mouvement: Front
Position: (11, 34), Mouvement: Left
Position: (10, 34), Mouvement: Right
Position: (9, 34), Mouvement: Front
Position: (9, 33), Mouvement: Right
Position: (9, 32), Mouvement: Front
Position: (8, 32), Mouvement: Left
Position: (8, 33), Mouvement: Left
Position: (7, 33), Mouvement: Right
Position: (6, 33), Mouvement: Front
Position: (5, 33), Mouvement: Front
Position: (5, 34), Mouvement: Left
Position: (4, 34), Mouvement: Right
Position: (4, 33), Mouvement: Right
Position: (3, 33), Mouvement: Left
Position: (2, 33), Mouvement: Front
Position: (2, 32), Mouvement: Right
Position: (2, 31), Mouvement: Front
Position: (2, 30), Mouvement: Front
Position: (2, 29), Mouvement: Front
Position: (3, 29), Mouvement: Right
Position: (2, 29), Mouvement: Back
Position: (3, 29), Mouvement: Back
Position: (2, 29), Mouvement: Back
Position: (2, 30), Mouvement: Left
Position: (3, 30), Mouvement: Left
Position: (4, 30), Mouvement: Front
Position: (4, 29), Mouvement: Left
Position: (4, 28), Mouvement: Front
Position: (3, 28), Mouvement: Left
Position: (2, 28), Mouvement: Front
Position: (1, 28), Mouvement: Front
Position: (1, 29), Mouvement: Left
Position: (1, 30), Mouvement: Front
Position: (1, 31), Mouvement: Front
Position: (0, 31), Mouvement: Right
Position: (0, 32), Mouvement: Left
Position: (1, 32), Mouvement: Left
Position: (1, 33), Mouvement: Right
Position: (1, 34), Mouvement: Front
Position: (2, 34), Mouvement: Left
Position: (3, 34), Mouvement: Front
Position: (3, 35), Mouvement: Right
Position: (3, 36), Mouvement: Front
Position: (3, 37), Mouvement: Front
Position: (4, 37), Mouvement: Left
Position: (5, 37), Mouvement: Front
Position: (6, 37), Mouvement: Front
Position: (7, 37), Mouvement: Front
Position: (8, 37), Mouvement: Front
Position: (9, 37), Mouvement: Front
Position: (9, 36), Mouvement: Left
Position: (9, 37), Mouvement: Back
Position: (9, 36), Mouvement: Back
Position: (9, 37), Mouvement: Back
Position: (10, 37), Mouvement: Left
Position: (11, 37), Mouvement: Front
Position: (12, 37), Mouvement: Front
Position: (13, 37), Mouvement: Front
Position: (14, 37), Mouvement: Front
Position: (14, 36), Mouvement: Left
Position: (14, 37), Mouvement: Back
Position: (14, 36), Mouvement: Back
Position: (13, 36), Mouvement: Left
Position: (12, 36), Mouvement: Front
Position: (11, 36), Mouvement: Front
Position: (10, 36), Mouvement: Front
Position: (10, 35), Mouvement: Right
Position: (10, 34), Mouvement: Front
Position: (9, 34), Mouvement: Left
Position: (9, 33), Mouvement: Right
Position: (10, 33), Mouvement: Right
Position: (10, 32), Mouvement: Left
Position: (10, 31), Mouvement: Front
Position: (10, 30), Mouvement: Front
Position: (10, 29), Mouvement: Front
Position: (10, 28), Mouvement: Front
Position: (9, 28), Mouvement: Left
Position: (8, 28), Mouvement: Front
Position: (7, 28), Mouvement: Front
Position: (6, 28), Mouvement: Front
Position: (5, 28), Mouvement: Front
Position: (5, 29), Mouvement: Left
Position: (5, 28), Mouvement: Back
Position: (5, 29), Mouvement: Back
Position: (4, 29), Mouvement: Right
Position: (4, 30), Mouvement: Left
Position: (3, 30), Mouvement: Right
Position: (2, 30), Mouvement: Front
Position: (2, 31), Mouvement: Left
Position: (2, 32), Mouvement: Front
Position: (2, 33), Mouvement: Front
Position: (3, 33), Mouvement: Left
Position: (4, 33), Mouvement: Front
Position: (4, 34), Mouvement: Right
Position: (5, 34), Mouvement: Left
Position: (5, 33), Mouvement: Left
Position: (6, 33), Mouvement: Right
Position: (7, 33), Mouvement: Front
Position: (7, 34), Mouvement: Right
Position: (7, 35), Mouvement: Front
Position: (7, 36), Mouvement: Front
Position: (6, 36), Mouvement: Right
Position: (6, 35), Mouvement: Right
Position: (6, 34), Mouvement: Front
Position: (6, 35), Mouvement: Back
Position: (5, 35), Mouvement: Right
Position: (5, 36), Mouvement: Left
Position: (4, 36), Mouvement: Right
Position: (4, 35), Mouvement: Right
Position: (4, 36), Mouvement: Back
Position: (4, 35), Mouvement: Back
Position: (3, 35), Mouvement: Left
Position: (3, 36), Mouvement: Left
Position: (2, 36), Mouvement: Right
Position: (1, 36), Mouvement: Front
Position: (0, 36), Mouvement: Front
Position: (1, 36), Mouvement: Back
Position: (2, 36), Mouvement: Front
Position: (2, 35), Mouvement: Left
Position: (1, 35), Mouvement: Left
Position: (0, 35), Mouvement: Front
Position: (-1, 35), Mouvement: Front
Position: (-1, 36), Mouvement: Left
Position: (-1, 37), Mouvement: Front
Position: (0, 37), Mouvement: Left
Position: (1, 37), Mouvement: Front
Position: (2, 37), Mouvement: Front
Position: (3, 37), Mouvement: Front
Position: (4, 37), Mouvement: Front
Position: (5, 37), Mouvement: Front
Position: (6, 37), Mouvement: Front
Position: (7, 37), Mouvement: Front
Position: (8, 37), Mouvement: Front
Position: (8, 36), Mouvement: Left
Position: (8, 35), Mouvement: Front
Position: (9, 35), Mouvement: Right
Position: (10, 35), Mouvement: Front
Position: (11, 35), Mouvement: Front
Position: (12, 35), Mouvement: Front
Position: (12, 34), Mouvement: Left
Position: (12, 35), Mouvement: Back
Position: (12, 34), Mouvement: Back
Position: (13, 34), Mouvement: Right
Position: (14, 34), Mouvement: Front
Position: (14, 33), Mouvement: Left
Position: (14, 32), Mouvement: Front
Position: (14, 31), Mouvement: Front
Position: (14, 30), Mouvement: Front
Position: (14, 29), Mouvement: Front
Position: (14, 28), Mouvement: Front
Position: (14, 29), Mouvement: Back
Position: (15, 29), Mouvement: Left
Position: (15, 28), Mouvement: Left
Position: (15, 27), Mouvement: Front
Position: (15, 26), Mouvement: Front
Position: (15, 25), Mouvement: Front
Position: (14, 25), Mouvement: Left
Position: (14, 26), Mouvement: Left
Position: (14, 27), Mouvement: Front
Position: (13, 27), Mouvement: Right
Position: (12, 27), Mouvement: Front
Position: (12, 26), Mouvement: Right
Position: (12, 25), Mouvement: Front
Position: (12, 24), Mouvement: Front
Position: (11, 24), Mouvement: Left
Position: (10, 24), Mouvement: Front
Position: (9, 24), Mouvement: Front
Position: (10, 24), Mouvement: Back
Position: (10, 23), Mouvement: Left
Position: (10, 22), Mouvement: Front
Position: (11, 22), Mouvement: Right
Position: (11, 21), Mouvement: Left
Position: (12, 21), Mouvement: Right
Position: (12, 22), Mouvement: Right
Position: (13, 22), Mouvement: Left
Position: (14, 22), Mouvement: Front
Position: (14, 21), Mouvement: Left
Position: (14, 20), Mouvement: Front
Position: (13, 20), Mouvement: Left
Position: (13, 21), Mouvement: Left
Position: (13, 20), Mouvement: Back
Position: (13, 19), Mouvement: Front
Position: (12, 19), Mouvement: Left
Position: (11, 19), Mouvement: Front
Position: (11, 20), Mouvement: Left
Position: (12, 20), Mouvement: Left
Position: (11, 20), Mouvement: Back
Position: (10, 20), Mouvement: Front
Position: (9, 20), Mouvement: Front
Position: (8, 20), Mouvement: Front
Position: (8, 21), Mouvement: Left
Position: (8, 22), Mouvement: Front
Position: (9, 22), Mouvement: Left
Position: (9, 21), Mouvement: Left
Position: (10, 21), Mouvement: Right
Position: (9, 21), Mouvement: Back
Position: (10, 21), Mouvement: Back
Position: (10, 20), Mouvement: Left
Position: (9, 20), Mouvement: Left
Position: (8, 20), Mouvement: Front
Position: (8, 19), Mouvement: Right
Position: (8, 18), Mouvement: Front
Position: (9, 18), Mouvement: Right
Position: (9, 17), Mouvement: Left
Position: (9, 16), Mouvement: Front
Position: (9, 15), Mouvement: Front
Position: (9, 14), Mouvement: Front
Position: (10, 14), Mouvement: Right
Position: (10, 13), Mouvement: Left
Position: (11, 13), Mouvement: Right
Position: (12, 13), Mouvement: Front
Position: (12, 12), Mouvement: Left
Position: (11, 12), Mouvement: Left
Position: (10, 12), Mouvement: Front
Position: (10, 11), Mouvement: Right
Position: (11, 11), Mouvement: Right
Position: (12, 11), Mouvement: Front
Position: (11, 11), Mouvement: Back
Position: (10, 11), Mouvement: Front
Position: (10, 12), Mouvement: Left
Position: (11, 12), Mouvement: Left
Position: (12, 12), Mouvement: Front
Position: (13, 12), Mouvement: Front
Position: (13, 13), Mouvement: Right
Position: (13, 14), Mouvement: Front
Position: (13, 15), Mouvement: Front
Position: (13, 16), Mouvement: Front
Position: (13, 15), Mouvement: Back
Position: (13, 14), Mouvement: Front
Position: (12, 14), Mouvement: Left
Position: (11, 14), Mouvement: Front
Position: (12, 14), Mouvement: Back
Position: (11, 14), Mouvement: Back
Position: (11, 13), Mouvement: Right
Position: (10, 13), Mouvement: Left
Position: (10, 14), Mouvement: Left
Position: (10, 15), Mouvement: Front
Position: (11, 15), Mouvement: Left
Position: (11, 16), Mouvement: Right
Position: (10, 16), Mouvement: Right
Position: (10, 17), Mouvement: Left
Position: (10, 18), Mouvement: Front
Position: (11, 18), Mouvement: Left
Position: (11, 17), Mouvement: Left
Position: (11, 18), Mouvement: Back
Position: (11, 19), Mouvement: Front
Position: (12, 19), Mouvement: Left
Position: (13, 19), Mouvement: Front
Position: (14, 19), Mouvement: Front
Position: (14, 18), Mouvement: Left
Position: (15, 18), Mouvement: Right
Position: (15, 17), Mouvement: Left
Position: (16, 17), Mouvement: Right
Position: (17, 17), Mouvement: Front
Position: (17, 18), Mouvement: Right
Position: (18, 18), Mouvement: Left
Position: (19, 18), Mouvement: Front
Position: (20, 18), Mouvement: Front
Position: (20, 17), Mouvement: Left
Position: (20, 16), Mouvement: Front
Position: (21, 16), Mouvement: Right
Position: (21, 17), Mouvement: Right
Position: (21, 18), Mouvement: Front
Position: (21, 17), Mouvement: Back
Position: (21, 16), Mouvement: Front
Position: (20, 16), Mouvement: Left
Position: (20, 17), Mouvement: Left
Position: (20, 18), Mouvement: Front
Position: (20, 19), Mouvement: Front
Position: (19, 19), Mouvement: Right
Position: (18, 19), Mouvement: Front
Position: (17, 19), Mouvement: Front
Position: (16, 19), Mouvement: Front
Position: (15, 19), Mouvement: Front
Position: (16, 19), Mouvement: Back
Position: (16, 18), Mouvement: Left
Position: (16, 17), Mouvement: Front
Position: (16, 18), Mouvement: Back
Position: (17, 18), Mouvement: Left
Position: (18, 18), Mouvement: Front
Position: (19, 18), Mouvement: Front
Position: (20, 18), Mouvement: Front
Position: (20, 19), Mouvement: Right
Position: (19, 19), Mouvement: Right
Position: (18, 19), Mouvement: Front
Position: (18, 20), Mouvement: Left
Position: (18, 21), Mouvement: Front
Position: (18, 22), Mouvement: Front
Position: (19, 22), Mouvement: Left
Position: (19, 23), Mouvement: Right
Position: (20, 23), Mouvement: Left
Position: (21, 23), Mouvement: Front
Position: (21, 22), Mouvement: Left
Position: (20, 22), Mouvement: Left
Position: (20, 21), Mouvement: Right
Position: (20, 20), Mouvement: Front
Position: (19, 20), Mouvement: Left
Position: (19, 21), Mouvement: Left
Position: (19, 20), Mouvement: Back
Position: (19, 21), Mouvement: Back
Position: (18, 21), Mouvement: Right
Position: (17, 21), Mouvement: Front
Position: (17, 22), Mouvement: Left
Position: (17, 23), Mouvement: Front
Position: (18, 23), Mouvement: Left
Position: (18, 24), Mouvement: Right
Position: (18, 25), Mouvement: Front
Position: (19, 25), Mouvement: Left
Position: (19, 26), Mouvement: Right
Position: (19, 27), Mouvement: Front
Position: (19, 28), Mouvement: Front
Position: (18, 28), Mouvement: Right
Position: (18, 29), Mouvement: Left
Position: (18, 30), Mouvement: Front
Position: (18, 31), Mouvement: Front
Position: (18, 32), Mouvement: Front
Position: (17, 32), Mouvement: Right
Position: (16, 32), Mouvement: Front
Position: (15, 32), Mouvement: Front
Position: (15, 31), Mouvement: Right
Position: (15, 30), Mouvement: Front
Position: (15, 29), Mouvement: Front
Position: (15, 28), Mouvement: Front
Position: (15, 27), Mouvement: Front
Position: (15, 26), Mouvement: Front
Position: (16, 26), Mouvement: Right
Position: (16, 25), Mouvement: Left
Position: (16, 24), Mouvement: Front
Position: (16, 23), Mouvement: Front
Position: (16, 22), Mouvement: Front
Position: (16, 21), Mouvement: Front
Position: (16, 20), Mouvement: Front
Position: (15, 20), Mouvement: Left
Position: (14, 20), Mouvement: Front
Position: (15, 20), Mouvement: Back
Position: (16, 20), Mouvement: Front
Position: (16, 21), Mouvement: Right
Position: (15, 21), Mouvement: Right
Position: (15, 22), Mouvement: Left
Position: (15, 23), Mouvement: Front
Position: (14, 23), Mouvement: Right
Position: (13, 23), Mouvement: Front
Position: (12, 23), Mouvement: Front
Position: (11, 23), Mouvement: Front
Position: (12, 23), Mouvement: Back
Position: (13, 23), Mouvement: Front
Position: (14, 23), Mouvement: Front
Position: (15, 23), Mouvement: Front
Position: (16, 23), Mouvement: Front
Position: (16, 22), Mouvement: Left
Position: (16, 21), Mouvement: Front
Position: (15, 21), Mouvement: Left
Position: (15, 22), Mouvement: Left
Position: (15, 23), Mouvement: Front
Position: (15, 22), Mouvement: Back
Position: (15, 21), Mouvement: Front
Position: (15, 22), Mouvement: Back
Position: (15, 23), Mouvement: Front
Position: (16, 23), Mouvement: Left
Position: (16, 24), Mouvement: Right
Position: (17, 24), Mouvement: Left
Position: (17, 25), Mouvement: Right
Position: (17, 26), Mouvement: Front
Position: (18, 26), Mouvement: Left
Position: (18, 27), Mouvement: Right
Position: (17, 27), Mouvement: Right
Position: (17, 28), Mouvement: Left
Position: (17, 29), Mouvement: Front
Position: (17, 30), Mouvement: Front
Position: (17, 31), Mouvement: Front
Position: (16, 31), Mouvement: Right
Position: (16, 30), Mouvement: Right
Position: (16, 31), Mouvement: Back
Position: (16, 30), Mouvement: Back
Position: (16, 31), Mouvement: Back
Position: (17, 31), Mouvement: Left
Position: (17, 30), Mouvement: Left
Position: (17, 29), Mouvement: Front
Position: (16, 29), Mouvement: Left
Position: (16, 28), Mouvement: Right
Position: (16, 27), Mouvement: Front
Position: (16, 26), Mouvement: Front
Position: (16, 25), Mouvement: Front
Position: (16, 24), Mouvement: Front
Position: (15, 24), Mouvement: Left
Position: (14, 24), Mouvement: Front
Position: (13, 24), Mouvement: Front
Position: (13, 25), Mouvement: Left
Position: (13, 26), Mouvement: Front
Position: (13, 27), Mouvement: Front
Position: (13, 28), Mouvement: Front
Position: (13, 29), Mouvement: Front
Position: (13, 30), Mouvement: Front
Position: (13, 31), Mouvement: Front
Position: (13, 32), Mouvement: Front
Position: (13, 31), Mouvement: Back
Position: (12, 31), Mouvement: Left
Position: (11, 31), Mouvement: Front
Position: (11, 32), Mouvement: Left
Position: (11, 33), Mouvement: Front
Position: (11, 34), Mouvement: Front
Position: (11, 33), Mouvement: Back
Position: (11, 32), Mouvement: Front
Position: (11, 31), Mouvement: Front
Position: (11, 30), Mouvement: Front
Position: (11, 29), Mouvement: Front
Position: (12, 29), Mouvement: Right
Position: (12, 30), Mouvement: Right
Position: (12, 31), Mouvement: Front
Position: (12, 32), Mouvement: Front
Position: (12, 33), Mouvement: Front
Position: (12, 32), Mouvement: Back
Position: (12, 31), Mouvement: Front
Position: (12, 30), Mouvement: Front
Position: (12, 29), Mouvement: Front
Position: (11, 29), Mouvement: Left
Position: (10, 29), Mouvement: Front
Position: (10, 30), Mouvement: Left
Position: (9, 30), Mouvement: Right
Position: (8, 30), Mouvement: Front
Position: (8, 31), Mouvement: Left
Position: (9, 31), Mouvement: Left
Position: (8, 31), Mouvement: Back
Position: (7, 31), Mouvement: Front
Position: (7, 32), Mouvement: Left
Position: (6, 32), Mouvement: Right
Position: (6, 31), Mouvement: Right
Position: (5, 31), Mouvement: Left
Position: (4, 31), Mouvement: Front
Position: (4, 32), Mouvement: Left
Position: (5, 32), Mouvement: Left
Position: (4, 32), Mouvement: Back
Position: (3, 32), Mouvement: Front
Position: (3, 31), Mouvement: Right
Position: (3, 32), Mouvement: Back
Position: (3, 31), Mouvement: Back
Position: (3, 32), Mouvement: Back
Position: (3, 31), Mouvement: Back
Position: (3, 32), Mouvement: Back
Position: (4, 32), Mouvement: Left
Position: (5, 32), Mouvement: Front
Position: (4, 32), Mouvement: Back
Position: (4, 31), Mouvement: Right
Position: (5, 31), Mouvement: Right
Position: (5, 30), Mouvement: Left
Position: (6, 30), Mouvement: Right
Position: (7, 30), Mouvement: Front
Position: (7, 29), Mouvement: Left
Position: (6, 29), Mouvement: Left
Position: (7, 29), Mouvement: Back
Position: (6, 29), Mouvement: Back
Position: (6, 30), Mouvement: Left
Position: (7, 30), Mouvement: Left
Position: (6, 30), Mouvement: Back
Position: (5, 30), Mouvement: Front
Position: (5, 31), Mouvement: Left
Position: (6, 31), Mouvement: Left
Position: (6, 32), Mouvement: Right
Position: (7, 32), Mouvement: Left
Position: (7, 31), Mouvement: Left
Position: (7, 32), Mouvement: Back
Position: (7, 31), Mouvement: Back
Position: (8, 31), Mouvement: Right
Position: (9, 31), Mouvement: Front
Position: (8, 31), Mouvement: Back
Position: (8, 32), Mouvement: Left
Position: (8, 33), Mouvement: Front
Position: (8, 32), Mouvement: Back
Position: (9, 32), Mouvement: Right
Position: (10, 32), Mouvement: Front
Position: (10, 31), Mouvement: Left
Position: (10, 30), Mouvement: Front
Position: (9, 30), Mouvement: Left
Position: (9, 29), Mouvement: Right
Position: (9, 28), Mouvement: Front
Position: (9, 29), Mouvement: Back
Position: (9, 30), Mouvement: Front
Position: (8, 30), Mouvement: Right
Position: (9, 30), Mouvement: Back
Position: (8, 30), Mouvement: Back
Position: (9, 30), Mouvement: Back
Position: (9, 29), Mouvement: Left
Position: (9, 28), Mouvement: Front
Position: (8, 28), Mouvement: Left
Position: (8, 29), Mouvement: Left
Position: (8, 28), Mouvement: Back
Position: (8, 27), Mouvement: Front
Position: (8, 26), Mouvement: Front
Position: (7, 26), Mouvement: Left
Position: (6, 26), Mouvement: Front
Position: (7, 26), Mouvement: Back
Position: (7, 25), Mouvement: Left
Position: (6, 25), Mouvement: Left
Position: (5, 25), Mouvement: Front
Position: (6, 25), Mouvement: Back
Position: (6, 24), Mouvement: Left
Position: (5, 24), Mouvement: Left
Position: (4, 24), Mouvement: Front
Position: (4, 25), Mouvement: Left
Position: (4, 26), Mouvement: Front
Position: (4, 27), Mouvement: Front
Position: (5, 27), Mouvement: Left
Position: (6, 27), Mouvement: Front
Position: (5, 27), Mouvement: Back
Position: (5, 26), Mouvement: Right
Position: (4, 26), Mouvement: Left
Position: (5, 26), Mouvement: Back
Position: (4, 26), Mouvement: Back
Position: (4, 27), Mouvement: Left
Position: (5, 27), Mouvement: Left
Position: (6, 27), Mouvement: Front
Position: (6, 28), Mouvement: Right
Position: (7, 28), Mouvement: Left
Position: (7, 27), Mouvement: Left
Position: (8, 27), Mouvement: Right
Position: (9, 27), Mouvement: Front
Position: (9, 26), Mouvement: Left
Position: (10, 26), Mouvement: Right
Position: (11, 26), Mouvement: Front
Position: (11, 25), Mouvement: Left
Position: (10, 25), Mouvement: Left
Position: (9, 25), Mouvement: Front
Position: (8, 25), Mouvement: Front
Position: (8, 24), Mouvement: Right
Position: (8, 23), Mouvement: Front
Position: (9, 23), Mouvement: Right
Position: (10, 23), Mouvement: Front
Position: (9, 23), Mouvement: Back
Position: (8, 23), Mouvement: Front
Position: (8, 24), Mouvement: Left
Position: (8, 25), Mouvement: Front
Position: (9, 25), Mouvement: Left
Position: (10, 25), Mouvement: Front
Position: (11, 25), Mouvement: Front
Position: (11, 26), Mouvement: Right
Position: (11, 27), Mouvement: Front
Position: (10, 27), Mouvement: Right
Position: (11, 27), Mouvement: Back
Position: (10, 27), Mouvement: Back
Position: (10, 26), Mouvement: Right
Position: (9, 26), Mouvement: Left
Position: (9, 27), Mouvement: Left
Position: (9, 26), Mouvement: Back
Position: (9, 27), Mouvement: Back
Position: (8, 27), Mouvement: Right
Position: (7, 27), Mouvement: Front
Position: (7, 28), Mouvement: Left
Position: (7, 29), Mouvement: Front
Position: (7, 30), Mouvement: Front
Position: (7, 29), Mouvement: Back
Position: (6, 29), Mouvement: Left
Position: (6, 28), Mouvement: Right
Position: (6, 27), Mouvement: Front
Position: (6, 28), Mouvement: Back
Position: (5, 28), Mouvement: Right
Position: (4, 28), Mouvement: Front
Position: (3, 28), Mouvement: Front
Position: (3, 27), Mouvement: Right
Position: (2, 27), Mouvement: Left
Position: (1, 27), Mouvement: Front
Position: (0, 27), Mouvement: Front
Position: (-1, 27), Mouvement: Front
Position: (-2, 27), Mouvement: Front
Position: (-2, 28), Mouvement: Left
Position: (-1, 28), Mouvement: Left
Position: (0, 28), Mouvement: Front
Position: (-1, 28), Mouvement: Back
Position: (-1, 29), Mouvement: Left
Position: (0, 29), Mouvement: Left
Position: (-1, 29), Mouvement: Back
Position: (0, 29), Mouvement: Back
Position: (-1, 29), Mouvement: Back
Position: (0, 29), Mouvement: Back
Position: (-1, 29), Mouvement: Back
Position: (-1, 28), Mouvement: Right
Position: (-2, 28), Mouvement: Left
Position: (-3, 28), Mouvement: Front
Position: (-2, 28), Mouvement: Back
Position: (-3, 28), Mouvement: Back
Position: (-2, 28), Mouvement: Back
Position: (-2, 27), Mouvement: Left
Position: (-1, 27), Mouvement: Right
Position: (-1, 26), Mouvement: Left
Position: (-1, 25), Mouvement: Front
Position: (-1, 24), Mouvement: Front
Position: (0, 24), Mouvement: Right
Position: (1, 24), Mouvement: Front
Position: (1, 25), Mouvement: Right
Position: (1, 26), Mouvement: Front
Position: (2, 26), Mouvement: Left
Position: (3, 26), Mouvement: Front
Position: (2, 26), Mouvement: Back
Position: (2, 25), Mouvement: Right
Position: (3, 25), Mouvement: Right
Position: (3, 24), Mouvement: Left
Position: (2, 24), Mouvement: Left
Position: (2, 23), Mouvement: Right
Position: (2, 22), Mouvement: Front
Position: (2, 21), Mouvement: Front
Position: (2, 20), Mouvement: Front
Position: (1, 20), Mouvement: Left
Position: (0, 20), Mouvement: Front
Position: (-1, 20), Mouvement: Front
Position: (-2, 20), Mouvement: Front
Position: (-3, 20), Mouvement: Front
Position: (-4, 20), Mouvement: Front
Position: (-4, 19), Mouvement: Right
Position: (-4, 18), Mouvement: Front
Position: (-4, 17), Mouvement: Front
Position: (-4, 16), Mouvement: Front
Position: (-4, 15), Mouvement: Front
Position: (-5, 15), Mouvement: Left
Position: (-6, 15), Mouvement: Front
Position: (-7, 15), Mouvement: Front
Position: (-7, 16), Mouvement: Left
Position: (-7, 17), Mouvement: Front
Position: (-6, 17), Mouvement: Left
Position: (-6, 16), Mouvement: Left
Position: (-6, 17), Mouvement: Back
Position: (-6, 16), Mouvement: Back
Position: (-6, 17), Mouvement: Back
Position: (-7, 17), Mouvement: Right
Position: (-7, 16), Mouvement: Right
Position: (-7, 15), Mouvement: Front
Position: (-6, 15), Mouvement: Right
Position: (-6, 14), Mouvement: Left
Position: (-6, 13), Mouvement: Front
Position: (-6, 12), Mouvement: Front
Position: (-6, 11), Mouvement: Front
Position: (-5, 11), Mouvement: Right
Position: (-5, 10), Mouvement: Left
Position: (-6, 10), Mouvement: Left
Position: (-7, 10), Mouvement: Front
Position: (-8, 10), Mouvement: Front
Position: (-8, 11), Mouvement: Left
Position: (-7, 11), Mouvement: Left
Position: (-7, 12), Mouvement: Right
Position: (-8, 12), Mouvement: Right
Position: (-8, 13), Mouvement: Left
Position: (-8, 14), Mouvement: Front
Position: (-8, 15), Mouvement: Front
Position: (-8, 16), Mouvement: Front
Position: (-8, 17), Mouvement: Front
Position: (-8, 18), Mouvement: Front
Position: (-7, 18), Mouvement: Left
Position: (-7, 19), Mouvement: Right
Position: (-6, 19), Mouvement: Left
Position: (-6, 18), Mouvement: Left
Position: (-5, 18), Mouvement: Right
Position: (-5, 17), Mouvement: Left
Position: (-5, 16), Mouvement: Front
Position: (-5, 17), Mouvement: Back
Position: (-5, 18), Mouvement: Front
Position: (-5, 19), Mouvement: Front
Position: (-5, 20), Mouvement: Front
Position: (-5, 21), Mouvement: Front
Position: (-4, 21), Mouvement: Left
Position: (-3, 21), Mouvement: Front
Position: (-3, 22), Mouvement: Right
Position: (-4, 22), Mouvement: Right
Position: (-4, 23), Mouvement: Left
Position: (-4, 24), Mouvement: Front
Position: (-3, 24), Mouvement: Left
Position: (-3, 23), Mouvement: Left
Position: (-2, 23), Mouvement: Right
Position: (-2, 24), Mouvement: Right
Position: (-2, 25), Mouvement: Front
Position: (-2, 24), Mouvement: Back
Position: (-2, 23), Mouvement: Front
Position: (-3, 23), Mouvement: Left
Position: (-3, 24), Mouvement: Left
Position: (-4, 24), Mouvement: Right
Position: (-5, 24), Mouvement: Front
Position: (-5, 25), Mouvement: Left
Position: (-5, 26), Mouvement: Front
Position: (-4, 26), Mouvement: Left
Position: (-4, 25), Mouvement: Left
Position: (-3, 25), Mouvement: Right
Position: (-4, 25), Mouvement: Back
Position: (-5, 25), Mouvement: Front
Position: (-6, 25), Mouvement: Front
Position: (-7, 25), Mouvement: Front
Position: (-7, 26), Mouvement: Left
Position: (-7, 27), Mouvement: Front
Position: (-7, 28), Mouvement: Front
Position: (-7, 29), Mouvement: Front
Position: (-6, 29), Mouvement: Left
Position: (-5, 29), Mouvement: Front
Position: (-4, 29), Mouvement: Front
Position: (-3, 29), Mouvement: Front
Position: (-2, 29), Mouvement: Front
Position: (-2, 30), Mouvement: Right
Position: (-1, 30), Mouvement: Left
Position: (0, 30), Mouvement: Front
Position: (-1, 30), Mouvement: Back
Position: (-2, 30), Mouvement: Front
Position: (-2, 29), Mouvement: Right
Position: (-3, 29), Mouvement: Left
Position: (-4, 29), Mouvement: Front
Position: (-5, 29), Mouvement: Front
Position: (-5, 30), Mouvement: Left
Position: (-5, 31), Mouvement: Front
Position: (-5, 32), Mouvement: Front
Position: (-5, 31), Mouvement: Back
Position: (-6, 31), Mouvement: Left
Position: (-7, 31), Mouvement: Front
Position: (-8, 31), Mouvement: Front
Position: (-9, 31), Mouvement: Front
Position: (-10, 31), Mouvement: Front
Position: (-11, 31), Mouvement: Front
Position: (-11, 30), Mouvement: Right
Position: (-12, 30), Mouvement: Left
Position: (-13, 30), Mouvement: Front
Position: (-13, 31), Mouvement: Left
Position: (-13, 32), Mouvement: Front
Position: (-13, 33), Mouvement: Front
Position: (-13, 34), Mouvement: Front
Position: (-12, 34), Mouvement: Left
Position: (-12, 35), Mouvement: Right
Position: (-11, 35), Mouvement: Left
Position: (-10, 35), Mouvement: Front
Position: (-10, 36), Mouvement: Right
Position: (-11, 36), Mouvement: Right
Position: (-12, 36), Mouvement: Front
Position: (-12, 37), Mouvement: Left
Position: (-11, 37), Mouvement: Left
Position: (-10, 37), Mouvement: Front
Position: (-9, 37), Mouvement: Front
Position: (-8, 37), Mouvement: Front
Position: (-7, 37), Mouvement: Front
Position: (-6, 37), Mouvement: Front
Position: (-6, 36), Mouvement: Left
Position: (-6, 35), Mouvement: Front
Position: (-6, 34), Mouvement: Front
Position: (-6, 33), Mouvement: Front
Position: (-6, 32), Mouvement: Front
Position: (-7, 32), Mouvement: Left
Position: (-7, 33), Mouvement: Left
Position: (-7, 34), Mouvement: Front
Position: (-7, 35), Mouvement: Front
Position: (-7, 36), Mouvement: Front
Position: (-7, 35), Mouvement: Back
Position: (-7, 34), Mouvement: Front
Position: (-8, 34), Mouvement: Left
Position: (-8, 35), Mouvement: Left
Position: (-8, 36), Mouvement: Front
Position: (-8, 37), Mouvement: Front
Position: (-8, 36), Mouvement: Back
Position: (-8, 35), Mouvement: Front
Position: (-9, 35), Mouvement: Left
Position: (-9, 36), Mouvement: Left
Position: (-9, 35), Mouvement: Back
Position: (-9, 34), Mouvement: Front
Position: (-9, 33), Mouvement: Front
Position: (-8, 33), Mouvement: Right
Position: (-8, 32), Mouvement: Left
Position: (-9, 32), Mouvement: Left
Position: (-10, 32), Mouvement: Front
Position: (-11, 32), Mouvement: Front
Position: (-12, 32), Mouvement: Front
Position: (-12, 33), Mouvement: Left
Position: (-12, 32), Mouvement: Back
Position: (-12, 33), Mouvement: Back
Position: (-13, 33), Mouvement: Right
Position: (-13, 34), Mouvement: Left
Position: (-12, 34), Mouvement: Left
Position: (-12, 35), Mouvement: Right
Position: (-13, 35), Mouvement: Right
Position: (-14, 35), Mouvement: Front
Position: (-15, 35), Mouvement: Front
Position: (-16, 35), Mouvement: Front
Position: (-16, 36), Mouvement: Left
Position: (-15, 36), Mouvement: Left
Position: (-14, 36), Mouvement: Front
Position: (-13, 36), Mouvement: Front
Position: (-13, 37), Mouvement: Right
Position: (-14, 37), Mouvement: Right
Position: (-15, 37), Mouvement: Front
Position: (-16, 37), Mouvement: Front
Position: (-15, 37), Mouvement: Back
Position: (-14, 37), Mouvement: Front
Position: (-13, 37), Mouvement: Front
Position: (-13, 36), Mouvement: Left
Position: (-14, 36), Mouvement: Left
Position: (-15, 36), Mouvement: Front
Position: (-16, 36), Mouvement: Front
Position: (-16, 35), Mouvement: Right
Position: (-16, 34), Mouvement: Front
Position: (-16, 33), Mouvement: Front
Position: (-16, 32), Mouvement: Front
Position: (-16, 31), Mouvement: Front
Position: (-16, 30), Mouvement: Front
Position: (-15, 30), Mouvement: Right
Position: (-14, 30), Mouvement: Front
Position: (-14, 31), Mouvement: Right
Position: (-14, 32), Mouvement: Front
Position: (-15, 32), Mouvement: Right
Position: (-15, 33), Mouvement: Left
Position: (-14, 33), Mouvement: Left
Position: (-14, 34), Mouvement: Right
Position: (-14, 35), Mouvement: Front
Position: (-14, 34), Mouvement: Back
Position: (-14, 33), Mouvement: Front
Position: (-15, 33), Mouvement: Left
Position: (-15, 32), Mouvement: Right
Position: (-15, 31), Mouvement: Front
Position: (-15, 30), Mouvement: Front
Position: (-15, 29), Mouvement: Front
Position: (-15, 28), Mouvement: Front
Position: (-15, 27), Mouvement: Front
Position: (-16, 27), Mouvement: Left
Position: (-16, 28), Mouvement: Left
Position: (-16, 29), Mouvement: Front
Position: (-16, 28), Mouvement: Back
Position: (-16, 27), Mouvement: Front
Position: (-16, 26), Mouvement: Front
Position: (-16, 25), Mouvement: Front
Position: (-16, 24), Mouvement: Front
Position: (-16, 23), Mouvement: Front
Position: (-16, 22), Mouvement: Front
Position: (-16, 21), Mouvement: Front
Position: (-16, 20), Mouvement: Front
Position: (-15, 20), Mouvement: Right
Position: (-14, 20), Mouvement: Front
Position: (-14, 19), Mouvement: Left
Position: (-13, 19), Mouvement: Right
Position: (-12, 19), Mouvement: Front
Position: (-12, 18), Mouvement: Left
Position: (-11, 18), Mouvement: Right
Position: (-10, 18), Mouvement: Front
Position: (-9, 18), Mouvement: Front
Position: (-9, 19), Mouvement: Right
Position: (-8, 19), Mouvement: Left
Position: (-9, 19), Mouvement: Back
Position: (-10, 19), Mouvement: Front
Position: (-11, 19), Mouvement: Front
Position: (-11, 20), Mouvement: Left
Position: (-10, 20), Mouvement: Left
Position: (-9, 20), Mouvement: Front
Position: (-9, 21), Mouvement: Right
Position: (-9, 20), Mouvement: Back
Position: (-9, 21), Mouvement: Back
Position: (-9, 20), Mouvement: Back
Position: (-10, 20), Mouvement: Left
Position: (-11, 20), Mouvement: Front
Position: (-12, 20), Mouvement: Front
Position: (-13, 20), Mouvement: Front
Position: (-13, 21), Mouvement: Left
Position: (-12, 21), Mouvement: Left
Position: (-11, 21), Mouvement: Front
Position: (-10, 21), Mouvement: Front
Position: (-10, 22), Mouvement: Right
Position: (-10, 23), Mouvement: Front
Position: (-9, 23), Mouvement: Left
Position: (-8, 23), Mouvement: Front
Position: (-8, 24), Mouvement: Right
Position: (-8, 25), Mouvement: Front
Position: (-9, 25), Mouvement: Right
Position: (-10, 25), Mouvement: Front
Position: (-10, 26), Mouvement: Left
Position: (-10, 27), Mouvement: Front
Position: (-11, 27), Mouvement: Right
Position: (-12, 27), Mouvement: Front
Position: (-13, 27), Mouvement: Front
Position: (-14, 27), Mouvement: Front
Position: (-14, 26), Mouvement: Right
Position: (-15, 26), Mouvement: Left
Position: (-15, 25), Mouvement: Right
Position: (-14, 25), Mouvement: Right
Position: (-14, 24), Mouvement: Left
Position: (-13, 24), Mouvement: Right
Position: (-12, 24), Mouvement: Front
Position: (-12, 25), Mouvement: Right
Position: (-11, 25), Mouvement: Left
Position: (-11, 24), Mouvement: Left
Position: (-11, 23), Mouvement: Front
Position: (-11, 22), Mouvement: Front
Position: (-12, 22), Mouvement: Left
Position: (-11, 22), Mouvement: Back
Position: (-10, 22), Mouvement: Front
Position: (-10, 21), Mouvement: Left
Position: (-11, 21), Mouvement: Left
Position: (-12, 21), Mouvement: Front
Position: (-13, 21), Mouvement: Front
Position: (-14, 21), Mouvement: Front
Position: (-15, 21), Mouvement: Front
Position: (-15, 22), Mouvement: Left
Position: (-15, 23), Mouvement: Front
Position: (-15, 24), Mouvement: Front
Position: (-15, 23), Mouvement: Back
Position: (-14, 23), Mouvement: Right
Position: (-13, 23), Mouvement: Front
Position: (-12, 23), Mouvement: Front
Position: (-13, 23), Mouvement: Back
Position: (-13, 22), Mouvement: Right
Position: (-14, 22), Mouvement: Left
Position: (-15, 22), Mouvement: Front
Position: (-16, 22), Mouvement: Front
Position: (-16, 23), Mouvement: Left
Position: (-16, 24), Mouvement: Front
Position: (-16, 25), Mouvement: Front
Position: (-16, 26), Mouvement: Front
Position: (-15, 26), Mouvement: Left
Position: (-14, 26), Mouvement: Front
Position: (-13, 26), Mouvement: Front
Position: (-12, 26), Mouvement: Front
Position: (-11, 26), Mouvement: Front
Position: (-12, 26), Mouvement: Back
Position: (-13, 26), Mouvement: Front
Position: (-13, 25), Mouvement: Right
Position: (-12, 25), Mouvement: Right
Position: (-11, 25), Mouvement: Front
Position: (-11, 24), Mouvement: Left
Position: (-11, 23), Mouvement: Front
Position: (-11, 22), Mouvement: Front
Position: (-12, 22), Mouvement: Left
Position: (-12, 21), Mouvement: Right
Position: (-12, 22), Mouvement: Back
Position: (-12, 21), Mouvement: Back
Position: (-13, 21), Mouvement: Left
Position: (-14, 21), Mouvement: Front
Position: (-15, 21), Mouvement: Front
Position: (-15, 20), Mouvement: Right
Position: (-16, 20), Mouvement: Left
Position: (-16, 21), Mouvement: Left
Position: (-16, 22), Mouvement: Front
Position: (-16, 23), Mouvement: Front
Position: (-16, 24), Mouvement: Front
Position: (-15, 24), Mouvement: Left
Position: (-15, 23), Mouvement: Left
Position: (-14, 23), Mouvement: Right
Position: (-14, 22), Mouvement: Left
Position: (-13, 22), Mouvement: Right
Position: (-14, 22), Mouvement: Back
Position: (-15, 22), Mouvement: Front
Position: (-15, 21), Mouvement: Right
Position: (-15, 20), Mouvement: Front
Position: (-14, 20), Mouvement: Right
Position: (-14, 19), Mouvement: Left
Position: (-13, 19), Mouvement: Right
Position: (-12, 19), Mouvement: Front
Position: (-12, 18), Mouvement: Left
Position: (-11, 18), Mouvement: Right
Position: (-11, 17), Mouvement: Left
Position: (-12, 17), Mouvement: Left
Position: (-13, 17), Mouvement: Front
Position: (-13, 18), Mouvement: Left
Position: (-14, 18), Mouvement: Right
Position: (-14, 17), Mouvement: Right
Position: (-15, 17), Mouvement: Left
Position: (-15, 16), Mouvement: Right
Position: (-16, 16), Mouvement: Left
Position: (-16, 17), Mouvement: Left
Position: (-16, 18), Mouvement: Front
Position: (-16, 19), Mouvement: Front
Position: (-15, 19), Mouvement: Left
