Position: (0, -1), Mouvement: Front
Position: (-1, -1), Mouvement: Left
Position: (-1, 0), Mouvement: Left
Position: (-1, -1), Mouvement: Back
Position: (-1, 0), Mouvement: Back
Position: (-1, -1), Mouvement: Back
Position: (0, -1), Mouvement: Right
Position: (0, 0), Mouvement: Right
Position: (0, 1), Mouvement: Front
Position: (0, 2), Mouvement: Front
Position: (0, 3), Mouvement: Front
Position: (1, 3), Mouvement: Left
Position: (1, 2), Mouvement: Left
Position: (2, 2), Mouvement: Right
Position: (3, 2), Mouvement: Front
Position: (4, 2), Mouvement: Front
Position: (4, 3), Mouvement: Right
Position: (4, 4), Mouvement: Front
Position: (5, 4), Mouvement: Left
Position: (6, 4), Mouvement: Front
Position: (6, 3), Mouvement: Left
Position: (5, 3), Mouvement: Left
Position: (5, 2), Mouvement: Right
Position: (5, 1), Mouvement: Front
Position: (4, 1), Mouvement: Left
Position: (3, 1), Mouvement: Front
Position: (2, 1), Mouvement: Front
Position: (1, 1), Mouvement: Front
Position: (1, 0), Mouvement: Right
Position: (1, -1), Mouvement: Front
Position: (1, -2), Mouvement: Front
Position: (0, -2), Mouvement: Left
Position: (-1, -2), Mouvement: Front
Position: (-1, -3), Mouvement: Right
Position: (-1, -4), Mouvement: Front
Position: (-2, -4), Mouvement: Left
Position: (-3, -4), Mouvement: Front
Position: (-3, -5), Mouvement: Right
Position: (-3, -6), Mouvement: Front
Position: (-2, -6), Mouvement: Right
Position: (-2, -5), Mouvement: Right
Position: (-1, -5), Mouvement: Left
Position: (0, -5), Mouvement: Front
Position: (1, -5), Mouvement: Front
Position: (2, -5), Mouvement: Front
Position: (3, -5), Mouvement: Front
Position: (3, -6), Mouvement: Left
Position: (2, -6), Mouvement: Left
Position: (1, -6), Mouvement: Front
Position: (0, -6), Mouvement: Front
Position: (-1, -6), Mouvement: Front
Position: (-1, -7), Mouvement: Right
Position: (-1, -8), Mouvement: Front
Position: (-1, -9), Mouvement: Front
Position: (-1, -10), Mouvement: Front
Position: (-2, -10), Mouvement: Left
Position: (-3, -10), Mouvement: Front
Position: (-3, -9), Mouvement: Left
Position: (-2, -9), Mouvement: Left
Position: (-2, -8), Mouvement: Right
Position: (-2, -9), Mouvement: Back
Position: (-2, -10), Mouvement: Front
Position: (-2, -11), Mouvement: Front
Position: (-1, -11), Mouvement: Right
Position: (0, -11), Mouvement: Front
Position: (0, -10), Mouvement: Right
Position: (1, -10), Mouvement: Left
Position: (1, -9), Mouvement: Right
Position: (0, -9), Mouvement: Right
Position: (0, -8), Mouvement: Left
Position: (0, -7), Mouvement: Front
Position: (1, -7), Mouvement: Left
Position: (2, -7), Mouvement: Front
Position: (3, -7), Mouvement: Front
Position: (4, -7), Mouvement: Front
Position: (5, -7), Mouvement: Front
Position: (5, -6), Mouvement: Right
Position: (6, -6), Mouvement: Left
Position: (7, -6), Mouvement: Front
Position: (8, -6), Mouvement: Front
Position: (9, -6), Mouvement: Front
Position: (10, -6), Mouvement: Front
Position: (11, -6), Mouvement: Front
Position: (12, -6), Mouvement: Front
Position: (12, -7), Mouvement: Left
Position: (11, -7), Mouvement: Left
Position: (10, -7), Mouvement: Front
Position: (9, -7), Mouvement: Front
Position: (8, -7), Mouvement: Front
Position: (8, -8), Mouvement: Right
Position: (7, -8), Mouvement: Left
Position: (7, -7), Mouvement: Left
Position: (6, -7), Mouvement: Right
Position: (6, -8), Mouvement: Right
Position: (6, -9), Mouvement: Front
Position: (6, -10), Mouvement: Front
Position: (6, -11), Mouvement: Front
Position: (6, -12), Mouvement: Front
Position: (7, -12), Mouvement: Right
Position: (7, -13), Mouvement: Left
Position: (6, -13), Mouvement: Left
Position: (6, -14), Mouvement: Right
Position: (5, -14), Mouvement: Left
Position: (5, -13), Mouvement: Left
Position: (5, -12), Mouvement: Front
Position: (4, -12), Mouvement: Right
Position: (4, -13), Mouvement: Right
Position: (3, -13), Mouvement: Left
Position: (3, -12), Mouvement: Left
Position: (3, -11), Mouvement: Front
Position: (4, -11), Mouvement: Left
Position: (5, -11), Mouvement: Front
Position: (5, -10), Mouvement: Right
Position: (5, -9), Mouvement: Front
Position: (5, -10), Mouvement: Back
Position: (4, -10), Mouvement: Left
Position: (3, -10), Mouvement: Front
Position: (3, -9), Mouvement: Left
Position: (3, -8), Mouvement: Front
Position: (2, -8), Mouvement: Right
Position: (1, -8), Mouvement: Front
Position: (2, -8), Mouvement: Back
Position: (2, -9), Mouvement: Left
Position: (2, -10), Mouvement: Front
Position: (2, -11), Mouvement: Front
Position: (2, -12), Mouvement: Front
Position: (2, -13), Mouvement: Front
Position: (2, -14), Mouvement: Front
Position: (2, -15), Mouvement: Front
Position: (2, -16), Mouvement: Front
Position: (2, -17), Mouvement: Front
Position: (1, -17), Mouvement: Left
Position: (0, -17), Mouvement: Front
Position: (-1, -17), Mouvement: Front
Position: (-1, -16), Mouvement: Left
Position: (0, -16), Mouvement: Left
Position: (1, -16), Mouvement: Front
Position: (1, -15), Mouvement: Right
Position: (1, -14), Mouvement: Front
Position: (1, -15), Mouvement: Back
Position: (1, -16), Mouvement: Front
Position: (0, -16), Mouvement: Left
Position: (0, -15), Mouvement: Left
Position: (0, -16), Mouvement: Back
Position: (0, -15), Mouvement: Back
Position: (0, -16), Mouvement: Back
Position: (-1, -16), Mouvement: Left
Position: (-2, -16), Mouvement: Front
Position: (-1, -16), Mouvement: Back
Position: (-2, -16), Mouvement: Back
Position: (-1, -16), Mouvement: Back
Position: (-1, -17), Mouvement: Left
Position: (0, -17), Mouvement: Right
Position: (1, -17), Mouvement: Front
Position: (2, -17), Mouvement: Front
Position: (2, -16), Mouvement: Right
Position: (3, -16), Mouvement: Left
Position: (3, -15), Mouvement: Right
Position: (4, -15), Mouvement: Left
Position: (5, -15), Mouvement: Front
Position: (6, -15), Mouvement: Front
Position: (7, -15), Mouvement: Front
Position: (8, -15), Mouvement: Front
Position: (9, -15), Mouvement: Front
Position: (10, -15), Mouvement: Front
Position: (10, -14), Mouvement: Right
Position: (10, -13), Mouvement: Front
Position: (10, -12), Mouvement: Front
Position: (11, -12), Mouvement: Left
Position: (11, -13), Mouvement: Left
Position: (11, -14), Mouvement: Front
Position: (11, -15), Mouvement: Front
Position: (11, -16), Mouvement: Front
Position: (10, -16), Mouvement: Left
Position: (9, -16), Mouvement: Front
Position: (8, -16), Mouvement: Front
Position: (7, -16), Mouvement: Front
Position: (7, -17), Mouvement: Right
Position: (7, -18), Mouvement: Front
Position: (8, -18), Mouvement: Right
Position: (8, -19), Mouvement: Left
Position: (8, -20), Mouvement: Front
Position: (7, -20), Mouvement: Left
Position: (6, -20), Mouvement: Front
Position: (5, -20), Mouvement: Front
Position: (4, -20), Mouvement: Front
Position: (4, -21), Mouvement: Right
Position: (4, -22), Mouvement: Front
Position: (4, -23), Mouvement: Front
Position: (3, -23), Mouvement: Left
Position: (3, -22), Mouvement: Left
Position: (2, -22), Mouvement: Right
Position: (2, -21), Mouvement: Left
Position: (2, -20), Mouvement: Front
Position: (1, -20), Mouvement: Right
Position: (1, -19), Mouvement: Left
Position: (1, -18), Mouvement: Front
Position: (2, -18), Mouvement: Left
Position: (2, -19), Mouvement: Left
Position: (2, -18), Mouvement: Back
Position: (2, -19), Mouvement: Back
Position: (2, -18), Mouvement: Back
Position: (1, -18), Mouvement: Right
Position: (0, -18), Mouvement: Front
Position: (-1, -18), Mouvement: Front
Position: (-1, -19), Mouvement: Right
Position: (-1, -20), Mouvement: Front
Position: (0, -20), Mouvement: Right
Position: (0, -21), Mouvement: Left
Position: (-1, -21), Mouvement: Left
Position: (-2, -21), Mouvement: Front
Position: (-2, -20), Mouvement: Left
Position: (-2, -19), Mouvement: Front
Position: (-3, -19), Mouvement: Right
Position: (-4, -19), Mouvement: Front
Position: (-5, -19), Mouvement: Front
Position: (-5, -20), Mouvement: Right
Position: (-6, -20), Mouvement: Left
Position: (-6, -21), Mouvement: Right
Position: (-6, -22), Mouvement: Front
Position: (-7, -22), Mouvement: Left
Position: (-8, -22), Mouvement: Front
Position: (-8, -21), Mouvement: Left
Position: (-8, -20), Mouvement: Front
Position: (-9, -20), Mouvement: Right
Position: (-9, -19), Mouvement: Left
Position: (-9, -18), Mouvement: Front
Position: (-10, -18), Mouvement: Right
Position: (-10, -17), Mouvement: Left
Position: (-10, -16), Mouvement: Front
Position: (-11, -16), Mouvement: Right
Position: (-11, -15), Mouvement: Left
Position: (-11, -14), Mouvement: Front
Position: (-11, -13), Mouvement: Front
Position: (-11, -12), Mouvement: Front
Position: (-11, -11), Mouvement: Front
Position: (-11, -10), Mouvement: Front
Position: (-11, -9), Mouvement: Front
Position: (-11, -8), Mouvement: Front
Position: (-12, -8), Mouvement: Right
Position: (-13, -8), Mouvement: Front
Position: (-13, -7), Mouvement: Left
Position: (-13, -8), Mouvement: Back
Position: (-13, -9), Mouvement: Front
Position: (-13, -10), Mouvement: Front
Position: (-14, -10), Mouvement: Left
Position: (-15, -10), Mouvement: Front
Position: (-16, -10), Mouvement: Front
Position: (-17, -10), Mouvement: Front
Position: (-17, -9), Mouvement: Left
Position: (-17, -10), Mouvement: Back
Position: (-17, -11), Mouvement: Front
Position: (-16, -11), Mouvement: Right
Position: (-16, -12), Mouvement: Left
Position: (-16, -13), Mouvement: Front
Position: (-16, -14), Mouvement: Front
Position: (-16, -15), Mouvement: Front
Position: (-16, -16), Mouvement: Front
Position: (-17, -16), Mouvement: Left
Position: (-17, -15), Mouvement: Left
Position: (-17, -14), Mouvement: Front
Position: (-17, -13), Mouvement: Front
Position: (-17, -12), Mouvement: Front
Position: (-17, -13), Mouvement: Back
Position: (-17, -14), Mouvement: Front
Position: (-17, -15), Mouvement: Front
Position: (-17, -16), Mouvement: Front
Position: (-17, -17), Mouvement: Front
Position: (-16, -17), Mouvement: Right
Position: (-16, -18), Mouvement: Left
Position: (-15, -18), Mouvement: Right
Position: (-14, -18), Mouvement: Front
Position: (-14, -17), Mouvement: Right
Position: (-13, -17), Mouvement: Left
Position: (-13, -18), Mouvement: Left
Position: (-13, -19), Mouvement: Front
Position: (-14, -19), Mouvement: Left
Position: (-15, -19), Mouvement: Front
Position: (-16, -19), Mouvement: Front
Position: (-17, -19), Mouvement: Front
Position: (-17, -18), Mouvement: Left
Position: (-17, -19), Mouvement: Back
Position: (-17, -20), Mouvement: Front
Position: (-16, -20), Mouvement: Right
Position: (-15, -20), Mouvement: Front
Position: (-14, -20), Mouvement: Front
Position: (-14, -21), Mouvement: Left
Position: (-14, -22), Mouvement: Front
Position: (-14, -23), Mouvement: Front
Position: (-15, -23), Mouvement: Left
Position: (-15, -22), Mouvement: Left
Position: (-15, -21), Mouvement: Front
Position: (-16, -21), Mouvement: Right
Position: (-16, -22), Mouvement: Right
Position: (-16, -23), Mouvement: Front
Position: (-17, -23), Mouvement: Left
Position: (-17, -22), Mouvement: Left
Position: (-17, -21), Mouvement: Front
Position: (-17, -22), Mouvement: Back
Position: (-17, -23), Mouvement: Front
Position: (-17, -24), Mouvement: Front
Position: (-17, -25), Mouvement: Front
Position: (-17, -26), Mouvement: Front
Position: (-17, -27), Mouvement: Front
Position: (-17, -28), Mouvement: Front
Position: (-17, -29), Mouvement: Front
Position: (-17, -30), Mouvement: Front
Position: (-17, -31), Mouvement: Front
Position: (-17, -32), Mouvement: Front
Position: (-17, -33), Mouvement: Front
Position: (-17, -32), Mouvement: Back
Position: (-16, -32), Mouvement: Left
Position: (-16, -33), Mouvement: Left
Position: (-16, -34), Mouvement: Front
Position: (-17, -34), Mouvement: Left
Position: (-17, -35), Mouvement: Right
Position: (-16, -35), Mouvement: Right
Position: (-16, -36), Mouvement: Left
Position: (-16, -37), Mouvement: Front
Position: (-16, -38), Mouvement: Front
Position: (-17, -38), Mouvement: Left
Position: (-17, -37), Mouvement: Left
Position: (-17, -36), Mouvement: Front
Position: (-17, -37), Mouvement: Back
Position: (-17, -38), Mouvement: Front
Position: (-17, -39), Mouvement: Front
Position: (-17, -40), Mouvement: Front
Position: (-17, -41), Mouvement: Front
Position: (-16, -41), Mouvement: Right
Position: (-16, -42), Mouvement: Left
Position: (-17, -42), Mouvement: Left
Position: (-16, -42), Mouvement: Back
Position: (-17, -42), Mouvement: Back
Position: (-16, -42), Mouvement: Back
Position: (-16, -41), Mouvement: Right
Position: (-16, -40), Mouvement: Front
Position: (-16, -39), Mouvement: Front
Position: (-15, -39), Mouvement: Left
Position: (-14, -39), Mouvement: Front
Position: (-13, -39), Mouvement: Front
Position: (-12, -39), Mouvement: Front
Position: (-11, -39), Mouvement: Front
Position: (-10, -39), Mouvement: Front
Position: (-9, -39), Mouvement: Front
Position: (-9, -40), Mouvement: Left
Position: (-9, -41), Mouvement: Front
Position: (-10, -41), Mouvement: Left
Position: (-11, -41), Mouvement: Front
Position: (-12, -41), Mouvement: Front
Position: (-12, -42), Mouvement: Right
Position: (-13, -42), Mouvement: Left
Position: (-14, -42), Mouvement: Front
Position: (-15, -42), Mouvement: Front
Position: (-15, -41), Mouvement: Left
Position: (-14, -41), Mouvement: Left
Position: (-13, -41), Mouvement: Front
Position: (-13, -40), Mouvement: Right
Position: (-12, -40), Mouvement: Left
Position: (-11, -40), Mouvement: Front
Position: (-10, -40), Mouvement: Front
Position: (-11, -40), Mouvement: Back
Position: (-12, -40), Mouvement: Front
Position: (-13, -40), Mouvement: Front
Position: (-14, -40), Mouvement: Front
Position: (-15, -40), Mouvement: Front
Position: (-16, -40), Mouvement: Front
Position: (-15, -40), Mouvement: Back
Position: (-14, -40), Mouvement: Front
Position: (-14, -41), Mouvement: Left
Position: (-15, -41), Mouvement: Left
Position: (-15, -42), Mouvement: Right
Position: (-14, -42), Mouvement: Right
Position: (-13, -42), Mouvement: Front
Position: (-12, -42), Mouvement: Front
Position: (-12, -41), Mouvement: Right
Position: (-11, -41), Mouvement: Left
Position: (-11, -42), Mouvement: Left
Position: (-10, -42), Mouvement: Right
Position: (-9, -42), Mouvement: Front
Position: (-8, -42), Mouvement: Front
Position: (-7, -42), Mouvement: Front
Position: (-6, -42), Mouvement: Front
Position: (-5, -42), Mouvement: Front
Position: (-4, -42), Mouvement: Front
Position: (-3, -42), Mouvement: Front
Position: (-2, -42), Mouvement: Front
Position: (-1, -42), Mouvement: Front
Position: (-1, -41), Mouvement: Right
Position: (0, -41), Mouvement: Left
Position: (1, -41), Mouvement: Front
Position: (1, -42), Mouvement: Left
Position: (0, -42), Mouvement: Left
Position: (1, -42), Mouvement: Back
Position: (0, -42), Mouvement: Back
Position: (1, -42), Mouvement: Back
Position: (1, -41), Mouvement: Right
Position: (1, -40), Mouvement: Front
Position: (1, -39), Mouvement: Front
Position: (1, -38), Mouvement: Front
Position: (2, -38), Mouvement: Left
Position: (2, -39), Mouvement: Left
Position: (3, -39), Mouvement: Right
Position: (4, -39), Mouvement: Front
Position: (4, -40), Mouvement: Left
Position: (5, -40), Mouvement: Right
Position: (6, -40), Mouvement: Front
Position: (7, -40), Mouvement: Front
Position: (8, -40), Mouvement: Front
Position: (8, -41), Mouvement: Left
Position: (8, -42), Mouvement: Front
Position: (7, -42), Mouvement: Left
Position: (6, -42), Mouvement: Front
Position: (5, -42), Mouvement: Front
Position: (4, -42), Mouvement: Front
Position: (3, -42), Mouvement: Front
Position: (2, -42), Mouvement: Front
Position: (2, -41), Mouvement: Left
Position: (3, -41), Mouvement: Left
Position: (4, -41), Mouvement: Front
Position: (5, -41), Mouvement: Front
Position: (6, -41), Mouvement: Front
Position: (5, -41), Mouvement: Back
Position: (4, -41), Mouvement: Front
Position: (3, -41), Mouvement: Front
Position: (3, -40), Mouvement: Left
Position: (2, -40), Mouvement: Right
Position: (1, -40), Mouvement: Front
Position: (2, -40), Mouvement: Back
Position: (3, -40), Mouvement: Front
Position: (3, -39), Mouvement: Right
Position: (3, -38), Mouvement: Front
Position: (4, -38), Mouvement: Left
Position: (5, -38), Mouvement: Front
Position: (5, -39), Mouvement: Left
Position: (6, -39), Mouvement: Right
Position: (7, -39), Mouvement: Front
Position: (7, -38), Mouvement: Right
Position: (7, -37), Mouvement: Front
Position: (8, -37), Mouvement: Left
Position: (8, -38), Mouvement: Left
Position: (9, -38), Mouvement: Right
Position: (10, -38), Mouvement: Front
Position: (11, -38), Mouvement: Front
Position: (11, -39), Mouvement: Left
Position: (12, -39), Mouvement: Right
Position: (12, -38), Mouvement: Right
Position: (13, -38), Mouvement: Left
Position: (14, -38), Mouvement: Front
Position: (14, -37), Mouvement: Right
Position: (14, -36), Mouvement: Front
Position: (14, -35), Mouvement: Front
Position: (14, -34), Mouvement: Front
Position: (13, -34), Mouvement: Right
Position: (14, -34), Mouvement: Back
Position: (13, -34), Mouvement: Back
Position: (14, -34), Mouvement: Back
Position: (14, -35), Mouvement: Left
Position: (13, -35), Mouvement: Left
Position: (12, -35), Mouvement: Front
Position: (12, -34), Mouvement: Left
Position: (12, -33), Mouvement: Front
Position: (13, -33), Mouvement: Left
Position: (14, -33), Mouvement: Front
Position: (15, -33), Mouvement: Front
Position: (15, -34), Mouvement: Left
Position: (15, -35), Mouvement: Front
Position: (15, -36), Mouvement: Front
Position: (16, -36), Mouvement: Right
Position: (16, -37), Mouvement: Left
Position: (15, -37), Mouvement: Left
Position: (15, -38), Mouvement: Right
Position: (15, -39), Mouvement: Front
Position: (14, -39), Mouvement: Left
Position: (13, -39), Mouvement: Front
Position: (13, -40), Mouvement: Right
Position: (13, -41), Mouvement: Front
Position: (13, -42), Mouvement: Front
Position: (12, -42), Mouvement: Left
Position: (11, -42), Mouvement: Front
Position: (10, -42), Mouvement: Front
Position: (9, -42), Mouvement: Front
Position: (8, -42), Mouvement: Front
Position: (7, -42), Mouvement: Front
Position: (7, -41), Mouvement: Left
Position: (7, -42), Mouvement: Back
Position: (7, -41), Mouvement: Back
Position: (7, -42), Mouvement: Back
Position: (6, -42), Mouvement: Left
Position: (5, -42), Mouvement: Front
Position: (4, -42), Mouvement: Front
Position: (3, -42), Mouvement: Front
Position: (2, -42), Mouvement: Front
Position: (2, -41), Mouvement: Left
Position: (2, -42), Mouvement: Back
Position: (2, -41), Mouvement: Back
Position: (3, -41), Mouvement: Left
Position: (4, -41), Mouvement: Front
Position: (5, -41), Mouvement: Front
Position: (6, -41), Mouvement: Front
Position: (6, -40), Mouvement: Right
Position: (6, -39), Mouvement: Front
Position: (7, -39), Mouvement: Left
Position: (7, -38), Mouvement: Right
Position: (6, -38), Mouvement: Right
Position: (6, -37), Mouvement: Left
Position: (6, -36), Mouvement: Front
Position: (6, -35), Mouvement: Front
Position: (6, -34), Mouvement: Front
Position: (6, -33), Mouvement: Front
Position: (7, -33), Mouvement: Left
Position: (8, -33), Mouvement: Front
Position: (9, -33), Mouvement: Front
Position: (10, -33), Mouvement: Front
Position: (11, -33), Mouvement: Front
Position: (11, -34), Mouvement: Left
Position: (11, -33), Mouvement: Back
Position: (11, -34), Mouvement: Back
Position: (12, -34), Mouvement: Right
Position: (12, -35), Mouvement: Left
Position: (13, -35), Mouvement: Right
Position: (14, -35), Mouvement: Front
Position: (14, -36), Mouvement: Left
Position: (14, -37), Mouvement: Front
Position: (14, -38), Mouvement: Front
Position: (13, -38), Mouvement: Left
Position: (12, -38), Mouvement: Front
Position: (12, -39), Mouvement: Right
Position: (11, -39), Mouvement: Left
Position: (11, -38), Mouvement: Left
Position: (10, -38), Mouvement: Right
Position: (9, -38), Mouvement: Front
Position: (9, -39), Mouvement: Right
Position: (9, -40), Mouvement: Front
Position: (9, -41), Mouvement: Front
Position: (10, -41), Mouvement: Right
Position: (10, -40), Mouvement: Right
Position: (10, -39), Mouvement: Front
Position: (10, -40), Mouvement: Back
Position: (11, -40), Mouvement: Right
Position: (11, -41), Mouvement: Left
Position: (12, -41), Mouvement: Right
Position: (12, -40), Mouvement: Right
Position: (12, -41), Mouvement: Back
Position: (12, -40), Mouvement: Back
Position: (13, -40), Mouvement: Left
Position: (13, -41), Mouvement: Left
Position: (14, -41), Mouvement: Right
Position: (15, -41), Mouvement: Front
Position: (16, -41), Mouvement: Front
Position: (15, -41), Mouvement: Back
Position: (14, -41), Mouvement: Front
Position: (14, -40), Mouvement: Left
Position: (15, -40), Mouvement: Left
Position: (16, -40), Mouvement: Front
Position: (17, -40), Mouvement: Front
Position: (17, -41), Mouvement: Left
Position: (17, -42), Mouvement: Front
Position: (16, -42), Mouvement: Left
Position: (15, -42), Mouvement: Front
Position: (14, -42), Mouvement: Front
Position: (13, -42), Mouvement: Front
Position: (12, -42), Mouvement: Front
Position: (11, -42), Mouvement: Front
Position: (10, -42), Mouvement: Front
Position: (9, -42), Mouvement: Front
Position: (8, -42), Mouvement: Front
Position: (8, -41), Mouvement: Left
Position: (8, -40), Mouvement: Front
Position: (7, -40), Mouvement: Right
Position: (6, -40), Mouvement: Front
Position: (5, -40), Mouvement: Front
Position: (4, -40), Mouvement: Front
Position: (4, -39), Mouvement: Left
Position: (4, -40), Mouvement: Back
Position: (4, -39), Mouvement: Back
Position: (3, -39), Mouvement: Right
Position: (2, -39), Mouvement: Front
Position: (2, -38), Mouvement: Left
Position: (2, -37), Mouvement: Front
Position: (2, -36), Mouvement: Front
Position: (2, -35), Mouvement: Front
Position: (2, -34), Mouvement: Front
Position: (2, -33), Mouvement: Front
Position: (2, -34), Mouvement: Back
Position: (1, -34), Mouvement: Left
Position: (1, -33), Mouvement: Left
Position: (1, -32), Mouvement: Front
Position: (1, -31), Mouvement: Front
Position: (1, -30), Mouvement: Front
Position: (2, -30), Mouvement: Left
Position: (2, -31), Mouvement: Left
Position: (2, -32), Mouvement: Front
Position: (3, -32), Mouvement: Right
Position: (4, -32), Mouvement: Front
Position: (4, -31), Mouvement: Right
Position: (4, -30), Mouvement: Front
Position: (4, -29), Mouvement: Front
Position: (5, -29), Mouvement: Left
Position: (6, -29), Mouvement: Front
Position: (7, -29), Mouvement: Front
Position: (6, -29), Mouvement: Back
Position: (6, -28), Mouvement: Left
Position: (6, -27), Mouvement: Front
Position: (5, -27), Mouvement: Right
Position: (5, -26), Mouvement: Left
Position: (4, -26), Mouvement: Right
Position: (4, -27), Mouvement: Right
Position: (3, -27), Mouvement: Left
Position: (2, -27), Mouvement: Front
Position: (2, -26), Mouvement: Left
Position: (2, -25), Mouvement: Front
Position: (3, -25), Mouvement: Left
Position: (3, -26), Mouvement: Left
Position: (3, -25), Mouvement: Back
Position: (3, -24), Mouvement: Front
Position: (4, -24), Mouvement: Left
Position: (5, -24), Mouvement: Front
Position: (5, -25), Mouvement: Left
Position: (4, -25), Mouvement: Left
Position: (5, -25), Mouvement: Back
Position: (6, -25), Mouvement: Front
Position: (7, -25), Mouvement: Front
Position: (8, -25), Mouvement: Front
Position: (8, -26), Mouvement: Left
Position: (8, -27), Mouvement: Front
Position: (7, -27), Mouvement: Left
Position: (7, -26), Mouvement: Left
Position: (6, -26), Mouvement: Right
Position: (7, -26), Mouvement: Back
Position: (6, -26), Mouvement: Back
Position: (6, -25), Mouvement: Left
Position: (7, -25), Mouvement: Left
Position: (8, -25), Mouvement: Front
Position: (8, -24), Mouvement: Right
Position: (8, -23), Mouvement: Front
Position: (7, -23), Mouvement: Right
Position: (7, -22), Mouvement: Left
Position: (7, -21), Mouvement: Front
Position: (7, -20), Mouvement: Front
Position: (7, -19), Mouvement: Front
Position: (6, -19), Mouvement: Right
Position: (6, -18), Mouvement: Left
Position: (5, -18), Mouvement: Right
Position: (4, -18), Mouvement: Front
Position: (4, -17), Mouvement: Left
Position: (5, -17), Mouvement: Left
Position: (6, -17), Mouvement: Front
Position: (6, -16), Mouvement: Right
Position: (5, -16), Mouvement: Right
Position: (4, -16), Mouvement: Front
Position: (5, -16), Mouvement: Back
Position: (6, -16), Mouvement: Front
Position: (6, -17), Mouvement: Left
Position: (5, -17), Mouvement: Left
Position: (4, -17), Mouvement: Front
Position: (3, -17), Mouvement: Front
Position: (3, -18), Mouvement: Right
Position: (3, -19), Mouvement: Front
Position: (3, -20), Mouvement: Front
Position: (3, -21), Mouvement: Front
Position: (3, -20), Mouvement: Back
Position: (3, -19), Mouvement: Front
Position: (4, -19), Mouvement: Left
Position: (5, -19), Mouvement: Front
Position: (4, -19), Mouvement: Back
Position: (5, -19), Mouvement: Back
Position: (5, -18), Mouvement: Right
Position: (6, -18), Mouvement: Left
Position: (6, -19), Mouvement: Left
Position: (6, -20), Mouvement: Front
Position: (5, -20), Mouvement: Left
Position: (5, -21), Mouvement: Right
Position: (6, -21), Mouvement: Right
Position: (6, -22), Mouvement: Left
Position: (6, -23), Mouvement: Front
Position: (5, -23), Mouvement: Left
Position: (5, -22), Mouvement: Left
Position: (5, -23), Mouvement: Back
Position: (5, -24), Mouvement: Front
Position: (4, -24), Mouvement: Left
Position: (3, -24), Mouvement: Front
Position: (2, -24), Mouvement: Front
Position: (2, -23), Mouvement: Left
Position: (1, -23), Mouvement: Right
Position: (1, -22), Mouvement: Left
Position: (0, -22), Mouvement: Right
Position: (-1, -22), Mouvement: Front
Position: (-1, -23), Mouvement: Right
Position: (-2, -23), Mouvement: Left
Position: (-3, -23), Mouvement: Front
Position: (-4, -23), Mouvement: Front
Position: (-4, -22), Mouvement: Left
Position: (-4, -21), Mouvement: Front
Position: (-5, -21), Mouvement: Right
Position: (-5, -22), Mouvement: Right
Position: (-5, -23), Mouvement: Front
Position: (-5, -22), Mouvement: Back
Position: (-5, -21), Mouvement: Front
Position: (-4, -21), Mouvement: Left
Position: (-4, -22), Mouvement: Left
Position: (-4, -23), Mouvement: Front
Position: (-4, -24), Mouvement: Front
Position: (-3, -24), Mouvement: Right
Position: (-2, -24), Mouvement: Front
Position: (-1, -24), Mouvement: Front
Position: (0, -24), Mouvement: Front
Position: (1, -24), Mouvement: Front
Position: (0, -24), Mouvement: Back
Position: (0, -23), Mouvement: Left
Position: (0, -22), Mouvement: Front
Position: (0, -23), Mouvement: Back
Position: (-1, -23), Mouvement: Left
Position: (-2, -23), Mouvement: Front
Position: (-3, -23), Mouvement: Front
Position: (-4, -23), Mouvement: Front
Position: (-4, -24), Mouvement: Right
Position: (-3, -24), Mouvement: Right
Position: (-2, -24), Mouvement: Front
Position: (-2, -25), Mouvement: Left
Position: (-2, -26), Mouvement: Front
Position: (-2, -27), Mouvement: Front
Position: (-3, -27), Mouvement: Left
Position: (-3, -28), Mouvement: Right
Position: (-4, -28), Mouvement: Left
Position: (-5, -28), Mouvement: Front
Position: (-5, -27), Mouvement: Left
Position: (-4, -27), Mouvement: Left
Position: (-4, -26), Mouvement: Right
Position: (-4, -25), Mouvement: Front
Position: (-3, -25), Mouvement: Left
Position: (-3, -26), Mouvement: Left
Position: (-3, -25), Mouvement: Back
Position: (-3, -26), Mouvement: Back
Position: (-2, -26), Mouvement: Right
Position: (-1, -26), Mouvement: Front
Position: (-1, -27), Mouvement: Left
Position: (-1, -28), Mouvement: Front
Position: (-2, -28), Mouvement: Left
Position: (-2, -29), Mouvement: Right
Position: (-2, -30), Mouvement: Front
Position: (-3, -30), Mouvement: Left
Position: (-3, -31), Mouvement: Right
Position: (-3, -32), Mouvement: Front
Position: (-3, -33), Mouvement: Front
Position: (-2, -33), Mouvement: Right
Position: (-2, -34), Mouvement: Left
Position: (-2, -35), Mouvement: Front
Position: (-2, -36), Mouvement: Front
Position: (-2, -37), Mouvement: Front
Position: (-1, -37), Mouvement: Right
Position: (0, -37), Mouvement: Front
Position: (1, -37), Mouvement: Front
Position: (1, -36), Mouvement: Right
Position: (1, -35), Mouvement: Front
Position: (1, -34), Mouvement: Front
Position: (1, -33), Mouvement: Front
Position: (1, -32), Mouvement: Front
Position: (1, -31), Mouvement: Front
Position: (0, -31), Mouvement: Right
Position: (0, -30), Mouvement: Left
Position: (0, -29), Mouvement: Front
Position: (0, -28), Mouvement: Front
Position: (0, -27), Mouvement: Front
Position: (0, -26), Mouvement: Front
Position: (0, -25), Mouvement: Front
Position: (1, -25), Mouvement: Left
Position: (2, -25), Mouvement: Front
Position: (1, -25), Mouvement: Back
Position: (0, -25), Mouvement: Front
Position: (0, -26), Mouvement: Right
Position: (1, -26), Mouvement: Right
Position: (1, -27), Mouvement: Left
Position: (1, -28), Mouvement: Front
Position: (2, -28), Mouvement: Right
Position: (3, -28), Mouvement: Front
Position: (4, -28), Mouvement: Front
Position: (5, -28), Mouvement: Front
Position: (4, -28), Mouvement: Back
Position: (3, -28), Mouvement: Front
Position: (2, -28), Mouvement: Front
Position: (1, -28), Mouvement: Front
Position: (0, -28), Mouvement: Front
Position: (0, -27), Mouvement: Left
Position: (0, -26), Mouvement: Front
Position: (1, -26), Mouvement: Left
Position: (1, -27), Mouvement: Left
Position: (1, -28), Mouvement: Front
Position: (1, -27), Mouvement: Back
Position: (1, -26), Mouvement: Front
Position: (1, -27), Mouvement: Back
Position: (1, -28), Mouvement: Front
Position: (0, -28), Mouvement: Left
Position: (0, -29), Mouvement: Right
Position: (-1, -29), Mouvement: Left
Position: (-1, -30), Mouvement: Right
Position: (-1, -31), Mouvement: Front
Position: (-2, -31), Mouvement: Left
Position: (-2, -32), Mouvement: Right
Position: (-1, -32), Mouvement: Right
Position: (-1, -33), Mouvement: Left
Position: (-1, -34), Mouvement: Front
Position: (-1, -35), Mouvement: Front
Position: (-1, -36), Mouvement: Front
Position: (0, -36), Mouvement: Right
Position: (0, -35), Mouvement: Right
Position: (0, -36), Mouvement: Back
Position: (0, -35), Mouvement: Back
Position: (0, -36), Mouvement: Back
Position: (-1, -36), Mouvement: Left
Position: (-1, -35), Mouvement: Left
Position: (-1, -34), Mouvement: Front
Position: (0, -34), Mouvement: Left
Position: (0, -33), Mouvement: Right
Position: (0, -32), Mouvement: Front
Position: (0, -31), Mouvement: Front
Position: (0, -30), Mouvement: Front
Position: (0, -29), Mouvement: Front
Position: (1, -29), Mouvement: Left
Position: (2, -29), Mouvement: Front
Position: (3, -29), Mouvement: Front
Position: (3, -30), Mouvement: Left
Position: (3, -31), Mouvement: Front
Position: (3, -32), Mouvement: Front
Position: (3, -33), Mouvement: Front
Position: (3, -34), Mouvement: Front
Position: (3, -35), Mouvement: Front
Position: (3, -36), Mouvement: Front
Position: (3, -37), Mouvement: Front
Position: (3, -36), Mouvement: Back
Position: (4, -36), Mouvement: Left
Position: (5, -36), Mouvement: Front
Position: (5, -37), Mouvement: Left
Position: (5, -38), Mouvement: Front
Position: (5, -39), Mouvement: Front
Position: (5, -38), Mouvement: Back
Position: (5, -37), Mouvement: Front
Position: (5, -36), Mouvement: Front
Position: (5, -35), Mouvement: Front
Position: (5, -34), Mouvement: Front
Position: (4, -34), Mouvement: Right
Position: (4, -35), Mouvement: Right
Position: (4, -36), Mouvement: Front
Position: (4, -37), Mouvement: Front
Position: (4, -38), Mouvement: Front
Position: (4, -37), Mouvement: Back
Position: (4, -36), Mouvement: Front
Position: (4, -35), Mouvement: Front
Position: (4, -34), Mouvement: Front
Position: (5, -34), Mouvement: Left
Position: (6, -34), Mouvement: Front
Position: (6, -35), Mouvement: Left
Position: (7, -35), Mouvement: Right
Position: (8, -35), Mouvement: Front
Position: (8, -36), Mouvement: Left
Position: (7, -36), Mouvement: Left
Position: (8, -36), Mouvement: Back
Position: (9, -36), Mouvement: Front
Position: (9, -37), Mouvement: Left
Position: (10, -37), Mouvement: Right
Position: (10, -36), Mouvement: Right
Position: (11, -36), Mouvement: Left
Position: (12, -36), Mouvement: Front
Position: (12, -37), Mouvement: Left
Position: (11, -37), Mouvement: Left
Position: (12, -37), Mouvement: Back
Position: (13, -37), Mouvement: Front
Position: (13, -36), Mouvement: Right
Position: (13, -37), Mouvement: Back
Position: (13, -36), Mouvement: Back
Position: (13, -37), Mouvement: Back
Position: (13, -36), Mouvement: Back
Position: (13, -37), Mouvement: Back
Position: (12, -37), Mouvement: Left
Position: (11, -37), Mouvement: Front
Position: (12, -37), Mouvement: Back
Position: (12, -36), Mouvement: Right
Position: (11, -36), Mouvement: Right
Position: (11, -35), Mouvement: Left
Position: (10, -35), Mouvement: Right
Position: (9, -35), Mouvement: Front
Position: (9, -34), Mouvement: Left
Position: (10, -34), Mouvement: Left
Position: (9, -34), Mouvement: Back
Position: (10, -34), Mouvement: Back
Position: (10, -35), Mouvement: Left
Position: (9, -35), Mouvement: Left
Position: (10, -35), Mouvement: Back
Position: (11, -35), Mouvement: Front
Position: (11, -36), Mouvement: Left
Position: (10, -36), Mouvement: Left
Position: (10, -37), Mouvement: Right
Position: (9, -37), Mouvement: Left
Position: (9, -36), Mouvement: Left
Position: (9, -37), Mouvement: Back
Position: (9, -36), Mouvement: Back
Position: (8, -36), Mouvement: Right
Position: (7, -36), Mouvement: Front
Position: (8, -36), Mouvement: Back
Position: (8, -37), Mouvement: Left
Position: (8, -38), Mouvement: Front
Position: (8, -37), Mouvement: Back
Position: (7, -37), Mouvement: Right
Position: (6, -37), Mouvement: Front
Position: (6, -36), Mouvement: Left
Position: (6, -35), Mouvement: Front
Position: (7, -35), Mouvement: Left
Position: (7, -34), Mouvement: Right
Position: (7, -33), Mouvement: Front
Position: (7, -34), Mouvement: Back
Position: (7, -35), Mouvement: Front
Position: (8, -35), Mouvement: Right
Position: (7, -35), Mouvement: Back
Position: (8, -35), Mouvement: Back
Position: (7, -35), Mouvement: Back
Position: (7, -34), Mouvement: Left
Position: (7, -33), Mouvement: Front
Position: (8, -33), Mouvement: Left
Position: (8, -34), Mouvement: Left
Position: (8, -33), Mouvement: Back
Position: (8, -32), Mouvement: Front
Position: (8, -31), Mouvement: Front
Position: (9, -31), Mouvement: Left
Position: (10, -31), Mouvement: Front
Position: (9, -31), Mouvement: Back
Position: (9, -30), Mouvement: Left
Position: (10, -30), Mouvement: Left
Position: (11, -30), Mouvement: Front
Position: (10, -30), Mouvement: Back
Position: (10, -29), Mouvement: Left
Position: (11, -29), Mouvement: Left
Position: (12, -29), Mouvement: Front
Position: (12, -30), Mouvement: Left
Position: (12, -31), Mouvement: Front
Position: (12, -32), Mouvement: Front
Position: (11, -32), Mouvement: Left
Position: (10, -32), Mouvement: Front
Position: (11, -32), Mouvement: Back
Position: (11, -31), Mouvement: Right
Position: (12, -31), Mouvement: Left
Position: (11, -31), Mouvement: Back
Position: (12, -31), Mouvement: Back
Position: (12, -32), Mouvement: Left
Position: (11, -32), Mouvement: Left
Position: (10, -32), Mouvement: Front
Position: (10, -33), Mouvement: Right
Position: (9, -33), Mouvement: Left
Position: (9, -32), Mouvement: Left
Position: (8, -32), Mouvement: Right
Position: (7, -32), Mouvement: Front
Position: (7, -31), Mouvement: Left
Position: (6, -31), Mouvement: Right
Position: (5, -31), Mouvement: Front
Position: (5, -30), Mouvement: Left
Position: (6, -30), Mouvement: Left
Position: (7, -30), Mouvement: Front
Position: (8, -30), Mouvement: Front
Position: (8, -29), Mouvement: Right
Position: (8, -28), Mouvement: Front
Position: (7, -28), Mouvement: Right
Position: (6, -28), Mouvement: Front
Position: (7, -28), Mouvement: Back
Position: (8, -28), Mouvement: Front
Position: (8, -29), Mouvement: Left
Position: (8, -30), Mouvement: Front
Position: (7, -30), Mouvement: Left
Position: (6, -30), Mouvement: Front
Position: (5, -30), Mouvement: Front
Position: (5, -31), Mouvement: Right
Position: (5, -32), Mouvement: Front
Position: (6, -32), Mouvement: Right
Position: (5, -32), Mouvement: Back
Position: (6, -32), Mouvement: Back
Position: (6, -31), Mouvement: Right
Position: (7, -31), Mouvement: Left
Position: (7, -32), Mouvement: Left
Position: (7, -31), Mouvement: Back
Position: (7, -32), Mouvement: Back
Position: (8, -32), Mouvement: Right
Position: (9, -32), Mouvement: Front
Position: (9, -33), Mouvement: Left
Position: (9, -34), Mouvement: Front
Position: (9, -35), Mouvement: Front
Position: (9, -34), Mouvement: Back
Position: (10, -34), Mouvement: Left
Position: (10, -33), Mouvement: Right
Position: (10, -32), Mouvement: Front
Position: (10, -33), Mouvement: Back
Position: (11, -33), Mouvement: Right
Position: (12, -33), Mouvement: Front
Position: (13, -33), Mouvement: Front
Position: (13, -32), Mouvement: Right
Position: (14, -32), Mouvement: Left
Position: (15, -32), Mouvement: Front
Position: (16, -32), Mouvement: Front
Position: (17, -32), Mouvement: Front
Position: (18, -32), Mouvement: Front
Position: (18, -33), Mouvement: Left
Position: (17, -33), Mouvement: Left
Position: (16, -33), Mouvement: Front
Position: (17, -33), Mouvement: Back
Position: (17, -34), Mouvement: Left
Position: (16, -34), Mouvement: Left
Position: (17, -34), Mouvement: Back
Position: (16, -34), Mouvement: Back
Position: (17, -34), Mouvement: Back
Position: (16, -34), Mouvement: Back
Position: (17, -34), Mouvement: Back
Position: (17, -33), Mouvement: Right
Position: (18, -33), Mouvement: Left
Position: (19, -33), Mouvement: Front
Position: (18, -33), Mouvement: Back
Position: (19, -33), Mouvement: Back
Position: (18, -33), Mouvement: Back
Position: (18, -32), Mouvement: Left
Position: (17, -32), Mouvement: Right
Position: (17, -31), Mouvement: Left
Position: (17, -30), Mouvement: Front
Position: (17, -29), Mouvement: Front
Position: (16, -29), Mouvement: Right
Position: (15, -29), Mouvement: Front
Position: (15, -30), Mouvement: Right
Position: (15, -31), Mouvement: Front
Position: (14, -31), Mouvement: Left
Position: (13, -31), Mouvement: Front
Position: (14, -31), Mouvement: Back
Position: (14, -30), Mouvement: Right
Position: (13, -30), Mouvement: Right
Position: (13, -29), Mouvement: Left
Position: (14, -29), Mouvement: Left
Position: (14, -28), Mouvement: Right
Position: (14, -27), Mouvement: Front
Position: (14, -26), Mouvement: Front
Position: (14, -25), Mouvement: Front
Position: (15, -25), Mouvement: Left
Position: (16, -25), Mouvement: Front
Position: (17, -25), Mouvement: Front
Position: (18, -25), Mouvement: Front
Position: (19, -25), Mouvement: Front
Position: (20, -25), Mouvement: Front
Position: (20, -24), Mouvement: Right
Position: (20, -23), Mouvement: Front
Position: (20, -22), Mouvement: Front
Position: (20, -21), Mouvement: Front
Position: (20, -20), Mouvement: Front
Position: (21, -20), Mouvement: Left
Position: (22, -20), Mouvement: Front
Position: (23, -20), Mouvement: Front
Position: (23, -21), Mouvement: Left
Position: (23, -22), Mouvement: Front
Position: (22, -22), Mouvement: Left
Position: (22, -21), Mouvement: Left
Position: (22, -22), Mouvement: Back
Position: (22, -21), Mouvement: Back
Position: (22, -22), Mouvement: Back
Position: (23, -22), Mouvement: Right
Position: (23, -21), Mouvement: Right
Position: (23, -20), Mouvement: Front
Position: (22, -20), Mouvement: Right
Position: (22, -19), Mouvement: Left
Position: (22, -18), Mouvement: Front
Position: (22, -17), Mouvement: Front
Position: (22, -16), Mouvement: Front
Position: (21, -16), Mouvement: Right
Position: (21, -15), Mouvement: Left
Position: (22, -15), Mouvement: Left
Position: (23, -15), Mouvement: Front
Position: (24, -15), Mouvement: Front
Position: (24, -16), Mouvement: Left
Position: (23, -16), Mouvement: Left
Position: (23, -17), Mouvement: Right
Position: (24, -17), Mouvement: Right
Position: (24, -18), Mouvement: Left
Position: (24, -19), Mouvement: Front
Position: (24, -20), Mouvement: Front
Position: (24, -21), Mouvement: Front
Position: (24, -22), Mouvement: Front
Position: (24, -23), Mouvement: Front
Position: (23, -23), Mouvement: Left
Position: (23, -24), Mouvement: Right
Position: (22, -24), Mouvement: Left
Position: (22, -23), Mouvement: Left
Position: (21, -23), Mouvement: Right
Position: (21, -22), Mouvement: Left
Position: (21, -21), Mouvement: Front
Position: (21, -22), Mouvement: Back
Position: (21, -23), Mouvement: Front
Position: (21, -24), Mouvement: Front
Position: (21, -25), Mouvement: Front
Position: (21, -26), Mouvement: Front
Position: (20, -26), Mouvement: Left
Position: (19, -26), Mouvement: Front
Position: (19, -27), Mouvement: Right
Position: (20, -27), Mouvement: Right
Position: (20, -28), Mouvement: Left
Position: (20, -29), Mouvement: Front
Position: (19, -29), Mouvement: Left
Position: (19, -28), Mouvement: Left
Position: (18, -28), Mouvement: Right
Position: (18, -29), Mouvement: Right
Position: (18, -30), Mouvement: Front
Position: (18, -29), Mouvement: Back
Position: (18, -28), Mouvement: Front
Position: (19, -28), Mouvement: Left
Position: (19, -29), Mouvement: Left
Position: (20, -29), Mouvement: Right
Position: (21, -29), Mouvement: Front
Position: (21, -30), Mouvement: Left
Position: (21, -31), Mouvement: Front
Position: (20, -31), Mouvement: Left
Position: (20, -30), Mouvement: Left
Position: (19, -30), Mouvement: Right
Position: (20, -30), Mouvement: Back
Position: (21, -30), Mouvement: Front
Position: (22, -30), Mouvement: Front
Position: (23, -30), Mouvement: Front
Position: (23, -31), Mouvement: Left
Position: (23, -32), Mouvement: Front
Position: (23, -33), Mouvement: Front
Position: (23, -34), Mouvement: Front
Position: (22, -34), Mouvement: Left
Position: (21, -34), Mouvement: Front
Position: (20, -34), Mouvement: Front
Position: (19, -34), Mouvement: Front
Position: (18, -34), Mouvement: Front
Position: (18, -35), Mouvement: Right
Position: (17, -35), Mouvement: Left
Position: (16, -35), Mouvement: Front
Position: (17, -35), Mouvement: Back
Position: (18, -35), Mouvement: Front
Position: (18, -34), Mouvement: Right
Position: (19, -34), Mouvement: Left
Position: (20, -34), Mouvement: Front
Position: (21, -34), Mouvement: Front
Position: (21, -35), Mouvement: Left
Position: (21, -36), Mouvement: Front
Position: (21, -37), Mouvement: Front
Position: (21, -36), Mouvement: Back
Position: (22, -36), Mouvement: Left
Position: (23, -36), Mouvement: Front
Position: (24, -36), Mouvement: Front
Position: (25, -36), Mouvement: Front
Position: (26, -36), Mouvement: Front
Position: (27, -36), Mouvement: Front
Position: (27, -35), Mouvement: Right
Position: (28, -35), Mouvement: Left
Position: (29, -35), Mouvement: Front
Position: (29, -36), Mouvement: Left
Position: (29, -37), Mouvement: Front
Position: (29, -38), Mouvement: Front
Position: (29, -39), Mouvement: Front
Position: (28, -39), Mouvement: Left
Position: (28, -40), Mouvement: Right
Position: (27, -40), Mouvement: Left
Position: (26, -40), Mouvement: Front
Position: (26, -41), Mouvement: Right
Position: (27, -41), Mouvement: Right
Position: (28, -41), Mouvement: Front
Position: (28, -42), Mouvement: Left
Position: (27, -42), Mouvement: Left
Position: (26, -42), Mouvement: Front
Position: (25, -42), Mouvement: Front
Position: (24, -42), Mouvement: Front
Position: (23, -42), Mouvement: Front
Position: (22, -42), Mouvement: Front
Position: (22, -41), Mouvement: Left
Position: (22, -40), Mouvement: Front
Position: (22, -39), Mouvement: Front
Position: (22, -38), Mouvement: Front
Position: (22, -37), Mouvement: Front
Position: (23, -37), Mouvement: Left
Position: (23, -38), Mouvement: Left
Position: (23, -39), Mouvement: Front
Position: (23, -40), Mouvement: Front
Position: (23, -41), Mouvement: Front
Position: (23, -40), Mouvement: Back
Position: (23, -39), Mouvement: Front
Position: (24, -39), Mouvement: Left
Position: (24, -40), Mouvement: Left
Position: (24, -41), Mouvement: Front
Position: (24, -42), Mouvement: Front
Position: (24, -41), Mouvement: Back
Position: (24, -40), Mouvement: Front
Position: (25, -40), Mouvement: Left
Position: (25, -41), Mouvement: Left
Position: (25, -40), Mouvement: Back
Position: (25, -39), Mouvement: Front
Position: (25, -38), Mouvement: Front
Position: (24, -38), Mouvement: Right
Position: (24, -37), Mouvement: Left
Position: (25, -37), Mouvement: Left
Position: (26, -37), Mouvement: Front
Position: (27, -37), Mouvement: Front
Position: (28, -37), Mouvement: Front
Position: (28, -38), Mouvement: Left
Position: (28, -37), Mouvement: Back
Position: (28, -38), Mouvement: Back
Position: (29, -38), Mouvement: Right
Position: (29, -39), Mouvement: Left
Position: (28, -39), Mouvement: Left
Position: (28, -40), Mouvement: Right
Position: (29, -40), Mouvement: Right
Position: (30, -40), Mouvement: Front
Position: (31, -40), Mouvement: Front
Position: (32, -40), Mouvement: Front
Position: (32, -41), Mouvement: Left
Position: (31, -41), Mouvement: Left
Position: (30, -41), Mouvement: Front
Position: (29, -41), Mouvement: Front
Position: (29, -42), Mouvement: Right
Position: (30, -42), Mouvement: Right
Position: (31, -42), Mouvement: Front
Position: (32, -42), Mouvement: Front
Position: (31, -42), Mouvement: Back
Position: (30, -42), Mouvement: Front
Position: (29, -42), Mouvement: Front
Position: (29, -41), Mouvement: Left
Position: (30, -41), Mouvement: Left
Position: (31, -41), Mouvement: Front
Position: (32, -41), Mouvement: Front
Position: (32, -40), Mouvement: Right
Position: (32, -39), Mouvement: Front
Position: (32, -38), Mouvement: Front
Position: (32, -37), Mouvement: Front
Position: (32, -36), Mouvement: Front
Position: (32, -35), Mouvement: Front
Position: (31, -35), Mouvement: Right
Position: (30, -35), Mouvement: Front
Position: (30, -36), Mouvement: Right
Position: (30, -37), Mouvement: Front
Position: (31, -37), Mouvement: Right
Position: (31, -38), Mouvement: Left
Position: (30, -38), Mouvement: Left
Position: (30, -39), Mouvement: Right
Position: (30, -40), Mouvement: Front
Position: (30, -39), Mouvement: Back
Position: (30, -38), Mouvement: Front
Position: (31, -38), Mouvement: Left
Position: (31, -37), Mouvement: Right
Position: (31, -36), Mouvement: Front
Position: (31, -35), Mouvement: Front
Position: (31, -34), Mouvement: Front
Position: (31, -33), Mouvement: Front
Position: (31, -32), Mouvement: Front
Position: (32, -32), Mouvement: Left
Position: (32, -33), Mouvement: Left
Position: (32, -34), Mouvement: Front
Position: (32, -33), Mouvement: Back
Position: (32, -32), Mouvement: Front
Position: (32, -31), Mouvement: Front
Position: (32, -30), Mouvement: Front
Position: (32, -29), Mouvement: Front
Position: (32, -28), Mouvement: Front
Position: (32, -27), Mouvement: Front
Position: (32, -26), Mouvement: Front
Position: (32, -25), Mouvement: Front
Position: (31, -25), Mouvement: Right
Position: (30, -25), Mouvement: Front
Position: (30, -24), Mouvement: Left
Position: (29, -24), Mouvement: Right
Position: (28, -24), Mouvement: Front
Position: (28, -23), Mouvement: Left
Position: (27, -23), Mouvement: Right
Position: (26, -23), Mouvement: Front
Position: (25, -23), Mouvement: Front
Position: (25, -24), Mouvement: Right
Position: (24, -24), Mouvement: Left
Position: (25, -24), Mouvement: Back
Position: (26, -24), Mouvement: Front
Position: (27, -24), Mouvement: Front
Position: (27, -25), Mouvement: Left
Position: (26, -25), Mouvement: Left
Position: (25, -25), Mouvement: Front
Position: (25, -26), Mouvement: Right
Position: (25, -25), Mouvement: Back
Position: (25, -26), Mouvement: Back
Position: (25, -25), Mouvement: Back
Position: (26, -25), Mouvement: Left
Position: (27, -25), Mouvement: Front
Position: (28, -25), Mouvement: Front
Position: (29, -25), Mouvement: Front
Position: (29, -26), Mouvement: Left
Position: (28, -26), Mouvement: Left
Position: (27, -26), Mouvement: Front
Position: (26, -26), Mouvement: Front
Position: (26, -27), Mouvement: Right
Position: (26, -28), Mouvement: Front
Position: (25, -28), Mouvement: Left
Position: (24, -28), Mouvement: Front
Position: (24, -29), Mouvement: Right
Position: (24, -30), Mouvement: Front
Position: (25, -30), Mouvement: Right
Position: (26, -30), Mouvement: Front
Position: (26, -31), Mouvement: Left
Position: (26, -32), Mouvement: Front
Position: (27, -32), Mouvement: Right
Position: (28, -32), Mouvement: Front
Position: (29, -32), Mouvement: Front
Position: (30, -32), Mouvement: Front
Position: (30, -31), Mouvement: Right
Position: (31, -31), Mouvement: Left
Position: (31, -30), Mouvement: Right
Position: (30, -30), Mouvement: Right
Position: (30, -29), Mouvement: Left
Position: (29, -29), Mouvement: Right
Position: (28, -29), Mouvement: Front
Position: (28, -30), Mouvement: Right
Position: (27, -30), Mouvement: Left
Position: (27, -29), Mouvement: Left
Position: (27, -28), Mouvement: Front
Position: (27, -27), Mouvement: Front
Position: (28, -27), Mouvement: Left
Position: (27, -27), Mouvement: Back
Position: (26, -27), Mouvement: Front
Position: (26, -26), Mouvement: Left
Position: (27, -26), Mouvement: Left
Position: (28, -26), Mouvement: Front
Position: (29, -26), Mouvement: Front
Position: (30, -26), Mouvement: Front
Position: (31, -26), Mouvement: Front
Position: (31, -27), Mouvement: Left
Position: (31, -28), Mouvement: Front
Position: (31, -29), Mouvement: Front
Position: (31, -28), Mouvement: Back
Position: (30, -28), Mouvement: Right
Position: (29, -28), Mouvement: Front
Position: (28, -28), Mouvement: Front
Position: (29, -28), Mouvement: Back
Position: (29, -27), Mouvement: Right
Position: (30, -27), Mouvement: Left
Position: (31, -27), Mouvement: Front
Position: (32, -27), Mouvement: Front
Position: (32, -28), Mouvement: Left
Position: (32, -29), Mouvement: Front
Position: (32, -30), Mouvement: Front
Position: (32, -31), Mouvement: Front
Position: (31, -31), Mouvement: Left
Position: (30, -31), Mouvement: Front
Position: (29, -31), Mouvement: Front
Position: (28, -31), Mouvement: Front
Position: (27, -31), Mouvement: Front
Position: (28, -31), Mouvement: Back
Position: (29, -31), Mouvement: Front
Position: (29, -30), Mouvement: Right
Position: (28, -30), Mouvement: Right
Position: (27, -30), Mouvement: Front
Position: (27, -29), Mouvement: Left
Position: (27, -28), Mouvement: Front
Position: (27, -27), Mouvement: Front
Position: (28, -27), Mouvement: Left
Position: (28, -26), Mouvement: Right
Position: (28, -27), Mouvement: Back
Position: (28, -26), Mouvement: Back
Position: (29, -26), Mouvement: Left
Position: (30, -26), Mouvement: Front
Position: (31, -26), Mouvement: Front
Position: (31, -25), Mouvement: Right
Position: (32, -25), Mouvement: Left
Position: (32, -26), Mouvement: Left
Position: (32, -27), Mouvement: Front
Position: (32, -28), Mouvement: Front
Position: (32, -29), Mouvement: Front
Position: (31, -29), Mouvement: Left
Position: (31, -28), Mouvement: Left
Position: (30, -28), Mouvement: Right
Position: (30, -27), Mouvement: Left
Position: (29, -27), Mouvement: Right
Position: (30, -27), Mouvement: Back
Position: (31, -27), Mouvement: Front
Position: (31, -26), Mouvement: Right
Position: (31, -25), Mouvement: Front
Position: (30, -25), Mouvement: Right
Position: (30, -24), Mouvement: Left
Position: (29, -24), Mouvement: Right
Position: (28, -24), Mouvement: Front
Position: (28, -23), Mouvement: Left
Position: (27, -23), Mouvement: Right
Position: (27, -22), Mouvement: Left
Position: (28, -22), Mouvement: Left
Position: (29, -22), Mouvement: Front
Position: (29, -23), Mouvement: Left
Position: (30, -23), Mouvement: Right
Position: (30, -22), Mouvement: Right
Position: (31, -22), Mouvement: Left
Position: (31, -21), Mouvement: Right
Position: (32, -21), Mouvement: Left
Position: (32, -22), Mouvement: Left
Position: (32, -23), Mouvement: Front
Position: (32, -24), Mouvement: Front
Position: (31, -24), Mouvement: Left
